2024-10-07 03:58:48 startup archives unpack
2024-10-07 03:58:49 install perl-modules-5.36:all <none> 5.36.0-7+deb12u1
2024-10-07 03:58:49 status half-installed perl-modules-5.36:all 5.36.0-7+deb12u1
2024-10-07 03:58:50 status unpacked perl-modules-5.36:all 5.36.0-7+deb12u1
2024-10-07 03:58:51 install libgdbm6:amd64 <none> 1.23-3
2024-10-07 03:58:51 status triggers-pending libc-bin:amd64 2.36-9+deb12u8
2024-10-07 03:58:51 status half-installed libgdbm6:amd64 1.23-3
2024-10-07 03:58:51 status unpacked libgdbm6:amd64 1.23-3
2024-10-07 03:58:51 install libgdbm-compat4:amd64 <none> 1.23-3
2024-10-07 03:58:51 status half-installed libgdbm-compat4:amd64 1.23-3
2024-10-07 03:58:51 status unpacked libgdbm-compat4:amd64 1.23-3
2024-10-07 03:58:51 install libperl5.36:amd64 <none> 5.36.0-7+deb12u1
2024-10-07 03:58:51 status half-installed libperl5.36:amd64 5.36.0-7+deb12u1
2024-10-07 03:58:53 status unpacked libperl5.36:amd64 5.36.0-7+deb12u1
2024-10-07 03:58:53 install perl:amd64 <none> 5.36.0-7+deb12u1
2024-10-07 03:58:53 status half-installed perl:amd64 5.36.0-7+deb12u1
2024-10-07 03:58:53 status unpacked perl:amd64 5.36.0-7+deb12u1
2024-10-07 03:58:54 install liblocale-gettext-perl:amd64 <none> 1.07-5
2024-10-07 03:58:54 status half-installed liblocale-gettext-perl:amd64 1.07-5
2024-10-07 03:58:54 status unpacked liblocale-gettext-perl:amd64 1.07-5
2024-10-07 03:58:54 install libssl3:amd64 <none> 3.0.14-1~deb12u2
2024-10-07 03:58:54 status half-installed libssl3:amd64 3.0.14-1~deb12u2
2024-10-07 03:58:55 status unpacked libssl3:amd64 3.0.14-1~deb12u2
2024-10-07 03:58:55 install libpython3.11-minimal:amd64 <none> 3.11.2-6+deb12u3
2024-10-07 03:58:55 status half-installed libpython3.11-minimal:amd64 3.11.2-6+deb12u3
2024-10-07 03:58:55 status unpacked libpython3.11-minimal:amd64 3.11.2-6+deb12u3
2024-10-07 03:58:56 install libexpat1:amd64 <none> 2.5.0-1+deb12u1
2024-10-07 03:58:56 status half-installed libexpat1:amd64 2.5.0-1+deb12u1
2024-10-07 03:58:56 status unpacked libexpat1:amd64 2.5.0-1+deb12u1
2024-10-07 03:58:56 install python3.11-minimal:amd64 <none> 3.11.2-6+deb12u3
2024-10-07 03:58:56 status half-installed python3.11-minimal:amd64 3.11.2-6+deb12u3
2024-10-07 03:58:57 status unpacked python3.11-minimal:amd64 3.11.2-6+deb12u3
2024-10-07 03:58:57 startup packages configure
2024-10-07 03:58:57 configure libssl3:amd64 3.0.14-1~deb12u2 <none>
2024-10-07 03:58:57 status unpacked libssl3:amd64 3.0.14-1~deb12u2
2024-10-07 03:58:57 status half-configured libssl3:amd64 3.0.14-1~deb12u2
2024-10-07 03:58:57 status installed libssl3:amd64 3.0.14-1~deb12u2
2024-10-07 03:58:57 configure libpython3.11-minimal:amd64 3.11.2-6+deb12u3 <none>
2024-10-07 03:58:57 status unpacked libpython3.11-minimal:amd64 3.11.2-6+deb12u3
2024-10-07 03:58:57 status half-configured libpython3.11-minimal:amd64 3.11.2-6+deb12u3
2024-10-07 03:58:57 status installed libpython3.11-minimal:amd64 3.11.2-6+deb12u3
2024-10-07 03:58:57 configure libexpat1:amd64 2.5.0-1+deb12u1 <none>
2024-10-07 03:58:57 status unpacked libexpat1:amd64 2.5.0-1+deb12u1
2024-10-07 03:58:57 status half-configured libexpat1:amd64 2.5.0-1+deb12u1
2024-10-07 03:58:57 status installed libexpat1:amd64 2.5.0-1+deb12u1
2024-10-07 03:58:57 configure python3.11-minimal:amd64 3.11.2-6+deb12u3 <none>
2024-10-07 03:58:57 status unpacked python3.11-minimal:amd64 3.11.2-6+deb12u3
2024-10-07 03:58:57 status half-configured python3.11-minimal:amd64 3.11.2-6+deb12u3
2024-10-07 03:59:04 status installed python3.11-minimal:amd64 3.11.2-6+deb12u3
2024-10-07 03:59:04 startup archives unpack
2024-10-07 03:59:04 install python3-minimal:amd64 <none> 3.11.2-1+b1
2024-10-07 03:59:04 status half-installed python3-minimal:amd64 3.11.2-1+b1
2024-10-07 03:59:04 status unpacked python3-minimal:amd64 3.11.2-1+b1
2024-10-07 03:59:04 install media-types:all <none> 10.0.0
2024-10-07 03:59:04 status half-installed media-types:all 10.0.0
2024-10-07 03:59:04 status unpacked media-types:all 10.0.0
2024-10-07 03:59:05 install libncursesw6:amd64 <none> 6.4-4
2024-10-07 03:59:05 status half-installed libncursesw6:amd64 6.4-4
2024-10-07 03:59:05 status unpacked libncursesw6:amd64 6.4-4
2024-10-07 03:59:05 install libkrb5support0:amd64 <none> 1.20.1-2+deb12u2
2024-10-07 03:59:05 status half-installed libkrb5support0:amd64 1.20.1-2+deb12u2
2024-10-07 03:59:05 status unpacked libkrb5support0:amd64 1.20.1-2+deb12u2
2024-10-07 03:59:05 install libk5crypto3:amd64 <none> 1.20.1-2+deb12u2
2024-10-07 03:59:05 status half-installed libk5crypto3:amd64 1.20.1-2+deb12u2
2024-10-07 03:59:05 status unpacked libk5crypto3:amd64 1.20.1-2+deb12u2
2024-10-07 03:59:06 install libkeyutils1:amd64 <none> 1.6.3-2
2024-10-07 03:59:06 status half-installed libkeyutils1:amd64 1.6.3-2
2024-10-07 03:59:06 status unpacked libkeyutils1:amd64 1.6.3-2
2024-10-07 03:59:06 install libkrb5-3:amd64 <none> 1.20.1-2+deb12u2
2024-10-07 03:59:06 status half-installed libkrb5-3:amd64 1.20.1-2+deb12u2
2024-10-07 03:59:06 status unpacked libkrb5-3:amd64 1.20.1-2+deb12u2
2024-10-07 03:59:06 install libgssapi-krb5-2:amd64 <none> 1.20.1-2+deb12u2
2024-10-07 03:59:06 status half-installed libgssapi-krb5-2:amd64 1.20.1-2+deb12u2
2024-10-07 03:59:07 status unpacked libgssapi-krb5-2:amd64 1.20.1-2+deb12u2
2024-10-07 03:59:07 install libtirpc-common:all <none> 1.3.3+ds-1
2024-10-07 03:59:07 status half-installed libtirpc-common:all 1.3.3+ds-1
2024-10-07 03:59:07 status unpacked libtirpc-common:all 1.3.3+ds-1
2024-10-07 03:59:07 install libtirpc3:amd64 <none> 1.3.3+ds-1
2024-10-07 03:59:07 status half-installed libtirpc3:amd64 1.3.3+ds-1
2024-10-07 03:59:07 status unpacked libtirpc3:amd64 1.3.3+ds-1
2024-10-07 03:59:07 install libnsl2:amd64 <none> 1.3.0-2
2024-10-07 03:59:07 status half-installed libnsl2:amd64 1.3.0-2
2024-10-07 03:59:07 status unpacked libnsl2:amd64 1.3.0-2
2024-10-07 03:59:08 install readline-common:all <none> 8.2-1.3
2024-10-07 03:59:08 status half-installed readline-common:all 8.2-1.3
2024-10-07 03:59:08 status unpacked readline-common:all 8.2-1.3
2024-10-07 03:59:08 install libreadline8:amd64 <none> 8.2-1.3
2024-10-07 03:59:08 status half-installed libreadline8:amd64 8.2-1.3
2024-10-07 03:59:08 status unpacked libreadline8:amd64 8.2-1.3
2024-10-07 03:59:08 install libsqlite3-0:amd64 <none> 3.40.1-2
2024-10-07 03:59:08 status half-installed libsqlite3-0:amd64 3.40.1-2
2024-10-07 03:59:09 status unpacked libsqlite3-0:amd64 3.40.1-2
2024-10-07 03:59:09 install libpython3.11-stdlib:amd64 <none> 3.11.2-6+deb12u3
2024-10-07 03:59:09 status half-installed libpython3.11-stdlib:amd64 3.11.2-6+deb12u3
2024-10-07 03:59:10 status unpacked libpython3.11-stdlib:amd64 3.11.2-6+deb12u3
2024-10-07 03:59:10 install python3.11:amd64 <none> 3.11.2-6+deb12u3
2024-10-07 03:59:10 status half-installed python3.11:amd64 3.11.2-6+deb12u3
2024-10-07 03:59:10 status unpacked python3.11:amd64 3.11.2-6+deb12u3
2024-10-07 03:59:10 install libpython3-stdlib:amd64 <none> 3.11.2-1+b1
2024-10-07 03:59:10 status half-installed libpython3-stdlib:amd64 3.11.2-1+b1
2024-10-07 03:59:10 status unpacked libpython3-stdlib:amd64 3.11.2-1+b1
2024-10-07 03:59:11 startup packages configure
2024-10-07 03:59:11 configure python3-minimal:amd64 3.11.2-1+b1 <none>
2024-10-07 03:59:11 status unpacked python3-minimal:amd64 3.11.2-1+b1
2024-10-07 03:59:11 status half-configured python3-minimal:amd64 3.11.2-1+b1
2024-10-07 03:59:12 status installed python3-minimal:amd64 3.11.2-1+b1
2024-10-07 03:59:12 startup archives unpack
2024-10-07 03:59:12 install python3:amd64 <none> 3.11.2-1+b1
2024-10-07 03:59:12 status half-installed python3:amd64 3.11.2-1+b1
2024-10-07 03:59:13 status unpacked python3:amd64 3.11.2-1+b1
2024-10-07 03:59:13 install sudo:amd64 <none> 1.9.13p3-1+deb12u1
2024-10-07 03:59:13 status half-installed sudo:amd64 1.9.13p3-1+deb12u1
2024-10-07 03:59:13 status unpacked sudo:amd64 1.9.13p3-1+deb12u1
2024-10-07 03:59:14 install netbase:all <none> 6.4
2024-10-07 03:59:14 status half-installed netbase:all 6.4
2024-10-07 03:59:14 status unpacked netbase:all 6.4
2024-10-07 03:59:14 install libproc2-0:amd64 <none> 2:4.0.2-3
2024-10-07 03:59:14 status half-installed libproc2-0:amd64 2:4.0.2-3
2024-10-07 03:59:14 status unpacked libproc2-0:amd64 2:4.0.2-3
2024-10-07 03:59:15 install procps:amd64 <none> 2:4.0.2-3
2024-10-07 03:59:15 status half-installed procps:amd64 2:4.0.2-3
2024-10-07 03:59:15 status unpacked procps:amd64 2:4.0.2-3
2024-10-07 03:59:15 install bzip2:amd64 <none> 1.0.8-5+b1
2024-10-07 03:59:15 status half-installed bzip2:amd64 1.0.8-5+b1
2024-10-07 03:59:16 status unpacked bzip2:amd64 1.0.8-5+b1
2024-10-07 03:59:16 install openssl:amd64 <none> 3.0.14-1~deb12u2
2024-10-07 03:59:16 status half-installed openssl:amd64 3.0.14-1~deb12u2
2024-10-07 03:59:16 status unpacked openssl:amd64 3.0.14-1~deb12u2
2024-10-07 03:59:17 install ca-certificates:all <none> 20230311
2024-10-07 03:59:17 status half-installed ca-certificates:all 20230311
2024-10-07 03:59:17 status unpacked ca-certificates:all 20230311
2024-10-07 03:59:17 install krb5-locales:all <none> 1.20.1-2+deb12u2
2024-10-07 03:59:17 status half-installed krb5-locales:all 1.20.1-2+deb12u2
2024-10-07 03:59:17 status unpacked krb5-locales:all 1.20.1-2+deb12u2
2024-10-07 03:59:17 install manpages:all <none> 6.03-2
2024-10-07 03:59:17 status half-installed manpages:all 6.03-2
2024-10-07 03:59:18 status unpacked manpages:all 6.03-2
2024-10-07 03:59:18 install xz-utils:amd64 <none> 5.4.1-0.2
2024-10-07 03:59:18 status half-installed xz-utils:amd64 5.4.1-0.2
2024-10-07 03:59:18 status unpacked xz-utils:amd64 5.4.1-0.2
2024-10-07 03:59:18 install bc:amd64 <none> 1.07.1-3+b1
2024-10-07 03:59:18 status half-installed bc:amd64 1.07.1-3+b1
2024-10-07 03:59:19 status unpacked bc:amd64 1.07.1-3+b1
2024-10-07 03:59:19 install binutils-common:amd64 <none> 2.40-2
2024-10-07 03:59:19 status half-installed binutils-common:amd64 2.40-2
2024-10-07 03:59:20 status unpacked binutils-common:amd64 2.40-2
2024-10-07 03:59:20 install libbinutils:amd64 <none> 2.40-2
2024-10-07 03:59:20 status half-installed libbinutils:amd64 2.40-2
2024-10-07 03:59:20 status unpacked libbinutils:amd64 2.40-2
2024-10-07 03:59:20 install libctf-nobfd0:amd64 <none> 2.40-2
2024-10-07 03:59:20 status half-installed libctf-nobfd0:amd64 2.40-2
2024-10-07 03:59:21 status unpacked libctf-nobfd0:amd64 2.40-2
2024-10-07 03:59:21 install libctf0:amd64 <none> 2.40-2
2024-10-07 03:59:21 status half-installed libctf0:amd64 2.40-2
2024-10-07 03:59:21 status unpacked libctf0:amd64 2.40-2
2024-10-07 03:59:21 install libgprofng0:amd64 <none> 2.40-2
2024-10-07 03:59:21 status half-installed libgprofng0:amd64 2.40-2
2024-10-07 03:59:22 status unpacked libgprofng0:amd64 2.40-2
2024-10-07 03:59:22 install libjansson4:amd64 <none> 2.14-2
2024-10-07 03:59:22 status half-installed libjansson4:amd64 2.14-2
2024-10-07 03:59:22 status unpacked libjansson4:amd64 2.14-2
2024-10-07 03:59:22 install binutils-x86-64-linux-gnu:amd64 <none> 2.40-2
2024-10-07 03:59:22 status half-installed binutils-x86-64-linux-gnu:amd64 2.40-2
2024-10-07 03:59:23 status unpacked binutils-x86-64-linux-gnu:amd64 2.40-2
2024-10-07 03:59:23 install binutils:amd64 <none> 2.40-2
2024-10-07 03:59:23 status half-installed binutils:amd64 2.40-2
2024-10-07 03:59:23 status unpacked binutils:amd64 2.40-2
2024-10-07 03:59:24 install libc-dev-bin:amd64 <none> 2.36-9+deb12u8
2024-10-07 03:59:24 status half-installed libc-dev-bin:amd64 2.36-9+deb12u8
2024-10-07 03:59:24 status unpacked libc-dev-bin:amd64 2.36-9+deb12u8
2024-10-07 03:59:24 install linux-libc-dev:amd64 <none> 6.1.112-1
2024-10-07 03:59:24 status half-installed linux-libc-dev:amd64 6.1.112-1
2024-10-07 03:59:25 status unpacked linux-libc-dev:amd64 6.1.112-1
2024-10-07 03:59:25 install libcrypt-dev:amd64 <none> 1:4.4.33-2
2024-10-07 03:59:25 status half-installed libcrypt-dev:amd64 1:4.4.33-2
2024-10-07 03:59:26 status unpacked libcrypt-dev:amd64 1:4.4.33-2
2024-10-07 03:59:26 install libtirpc-dev:amd64 <none> 1.3.3+ds-1
2024-10-07 03:59:26 status half-installed libtirpc-dev:amd64 1.3.3+ds-1
2024-10-07 03:59:26 status unpacked libtirpc-dev:amd64 1.3.3+ds-1
2024-10-07 03:59:26 install libnsl-dev:amd64 <none> 1.3.0-2
2024-10-07 03:59:26 status half-installed libnsl-dev:amd64 1.3.0-2
2024-10-07 03:59:26 status unpacked libnsl-dev:amd64 1.3.0-2
2024-10-07 03:59:26 install rpcsvc-proto:amd64 <none> 1.4.3-1
2024-10-07 03:59:26 status half-installed rpcsvc-proto:amd64 1.4.3-1
2024-10-07 03:59:27 status unpacked rpcsvc-proto:amd64 1.4.3-1
2024-10-07 03:59:27 install libc6-dev:amd64 <none> 2.36-9+deb12u8
2024-10-07 03:59:27 status half-installed libc6-dev:amd64 2.36-9+deb12u8
2024-10-07 03:59:28 status unpacked libc6-dev:amd64 2.36-9+deb12u8
2024-10-07 03:59:28 install libisl23:amd64 <none> 0.25-1.1
2024-10-07 03:59:28 status half-installed libisl23:amd64 0.25-1.1
2024-10-07 03:59:28 status unpacked libisl23:amd64 0.25-1.1
2024-10-07 03:59:28 install libmpfr6:amd64 <none> 4.2.0-1
2024-10-07 03:59:28 status half-installed libmpfr6:amd64 4.2.0-1
2024-10-07 03:59:29 status unpacked libmpfr6:amd64 4.2.0-1
2024-10-07 03:59:29 install libmpc3:amd64 <none> 1.3.1-1
2024-10-07 03:59:29 status half-installed libmpc3:amd64 1.3.1-1
2024-10-07 03:59:29 status unpacked libmpc3:amd64 1.3.1-1
2024-10-07 03:59:29 install cpp-12:amd64 <none> 12.2.0-14
2024-10-07 03:59:29 status half-installed cpp-12:amd64 12.2.0-14
2024-10-07 03:59:32 status unpacked cpp-12:amd64 12.2.0-14
2024-10-07 03:59:32 install cpp:amd64 <none> 4:12.2.0-3
2024-10-07 03:59:32 status half-installed cpp:amd64 4:12.2.0-3
2024-10-07 03:59:32 status unpacked cpp:amd64 4:12.2.0-3
2024-10-07 03:59:33 install libcc1-0:amd64 <none> 12.2.0-14
2024-10-07 03:59:33 status half-installed libcc1-0:amd64 12.2.0-14
2024-10-07 03:59:33 status unpacked libcc1-0:amd64 12.2.0-14
2024-10-07 03:59:33 install libgomp1:amd64 <none> 12.2.0-14
2024-10-07 03:59:33 status half-installed libgomp1:amd64 12.2.0-14
2024-10-07 03:59:33 status unpacked libgomp1:amd64 12.2.0-14
2024-10-07 03:59:33 install libitm1:amd64 <none> 12.2.0-14
2024-10-07 03:59:33 status half-installed libitm1:amd64 12.2.0-14
2024-10-07 03:59:33 status unpacked libitm1:amd64 12.2.0-14
2024-10-07 03:59:34 install libatomic1:amd64 <none> 12.2.0-14
2024-10-07 03:59:34 status half-installed libatomic1:amd64 12.2.0-14
2024-10-07 03:59:34 status unpacked libatomic1:amd64 12.2.0-14
2024-10-07 03:59:34 install libasan8:amd64 <none> 12.2.0-14
2024-10-07 03:59:34 status half-installed libasan8:amd64 12.2.0-14
2024-10-07 03:59:35 status unpacked libasan8:amd64 12.2.0-14
2024-10-07 03:59:35 install liblsan0:amd64 <none> 12.2.0-14
2024-10-07 03:59:35 status half-installed liblsan0:amd64 12.2.0-14
2024-10-07 03:59:35 status unpacked liblsan0:amd64 12.2.0-14
2024-10-07 03:59:36 install libtsan2:amd64 <none> 12.2.0-14
2024-10-07 03:59:36 status half-installed libtsan2:amd64 12.2.0-14
2024-10-07 03:59:37 status unpacked libtsan2:amd64 12.2.0-14
2024-10-07 03:59:37 install libubsan1:amd64 <none> 12.2.0-14
2024-10-07 03:59:37 status half-installed libubsan1:amd64 12.2.0-14
2024-10-07 03:59:37 status unpacked libubsan1:amd64 12.2.0-14
2024-10-07 03:59:37 install libquadmath0:amd64 <none> 12.2.0-14
2024-10-07 03:59:37 status half-installed libquadmath0:amd64 12.2.0-14
2024-10-07 03:59:37 status unpacked libquadmath0:amd64 12.2.0-14
2024-10-07 03:59:38 install libgcc-12-dev:amd64 <none> 12.2.0-14
2024-10-07 03:59:38 status half-installed libgcc-12-dev:amd64 12.2.0-14
2024-10-07 03:59:39 status unpacked libgcc-12-dev:amd64 12.2.0-14
2024-10-07 03:59:39 install gcc-12:amd64 <none> 12.2.0-14
2024-10-07 03:59:39 status half-installed gcc-12:amd64 12.2.0-14
2024-10-07 03:59:42 status unpacked gcc-12:amd64 12.2.0-14
2024-10-07 03:59:42 install gcc:amd64 <none> 4:12.2.0-3
2024-10-07 03:59:42 status half-installed gcc:amd64 4:12.2.0-3
2024-10-07 03:59:42 status unpacked gcc:amd64 4:12.2.0-3
2024-10-07 03:59:42 install libstdc++-12-dev:amd64 <none> 12.2.0-14
2024-10-07 03:59:42 status half-installed libstdc++-12-dev:amd64 12.2.0-14
2024-10-07 03:59:43 status unpacked libstdc++-12-dev:amd64 12.2.0-14
2024-10-07 03:59:44 install g++-12:amd64 <none> 12.2.0-14
2024-10-07 03:59:44 status half-installed g++-12:amd64 12.2.0-14
2024-10-07 03:59:47 status unpacked g++-12:amd64 12.2.0-14
2024-10-07 03:59:47 install g++:amd64 <none> 4:12.2.0-3
2024-10-07 03:59:47 status half-installed g++:amd64 4:12.2.0-3
2024-10-07 03:59:47 status unpacked g++:amd64 4:12.2.0-3
2024-10-07 03:59:47 install make:amd64 <none> 4.3-4.1
2024-10-07 03:59:47 status half-installed make:amd64 4.3-4.1
2024-10-07 03:59:47 status unpacked make:amd64 4.3-4.1
2024-10-07 03:59:48 install libdpkg-perl:all <none> 1.21.22
2024-10-07 03:59:48 status half-installed libdpkg-perl:all 1.21.22
2024-10-07 03:59:48 status unpacked libdpkg-perl:all 1.21.22
2024-10-07 03:59:48 install patch:amd64 <none> 2.7.6-7
2024-10-07 03:59:48 status half-installed patch:amd64 2.7.6-7
2024-10-07 03:59:48 status unpacked patch:amd64 2.7.6-7
2024-10-07 03:59:49 install dpkg-dev:all <none> 1.21.22
2024-10-07 03:59:49 status half-installed dpkg-dev:all 1.21.22
2024-10-07 03:59:49 status unpacked dpkg-dev:all 1.21.22
2024-10-07 03:59:49 install build-essential:amd64 <none> 12.9
2024-10-07 03:59:49 status half-installed build-essential:amd64 12.9
2024-10-07 03:59:49 status unpacked build-essential:amd64 12.9
2024-10-07 03:59:50 install libassuan0:amd64 <none> 2.5.5-5
2024-10-07 03:59:50 status half-installed libassuan0:amd64 2.5.5-5
2024-10-07 03:59:50 status unpacked libassuan0:amd64 2.5.5-5
2024-10-07 03:59:50 install gpgconf:amd64 <none> 2.2.40-1.1
2024-10-07 03:59:50 status half-installed gpgconf:amd64 2.2.40-1.1
2024-10-07 03:59:50 status unpacked gpgconf:amd64 2.2.40-1.1
2024-10-07 03:59:50 install libksba8:amd64 <none> 1.6.3-2
2024-10-07 03:59:50 status half-installed libksba8:amd64 1.6.3-2
2024-10-07 03:59:50 status unpacked libksba8:amd64 1.6.3-2
2024-10-07 03:59:51 install libsasl2-modules-db:amd64 <none> 2.1.28+dfsg-10
2024-10-07 03:59:51 status half-installed libsasl2-modules-db:amd64 2.1.28+dfsg-10
2024-10-07 03:59:51 status unpacked libsasl2-modules-db:amd64 2.1.28+dfsg-10
2024-10-07 03:59:51 install libsasl2-2:amd64 <none> 2.1.28+dfsg-10
2024-10-07 03:59:51 status half-installed libsasl2-2:amd64 2.1.28+dfsg-10
2024-10-07 03:59:51 status unpacked libsasl2-2:amd64 2.1.28+dfsg-10
2024-10-07 03:59:51 install libldap-2.5-0:amd64 <none> 2.5.13+dfsg-5
2024-10-07 03:59:51 status half-installed libldap-2.5-0:amd64 2.5.13+dfsg-5
2024-10-07 03:59:51 status unpacked libldap-2.5-0:amd64 2.5.13+dfsg-5
2024-10-07 03:59:52 install libnpth0:amd64 <none> 1.6-3
2024-10-07 03:59:52 status half-installed libnpth0:amd64 1.6-3
2024-10-07 03:59:52 status unpacked libnpth0:amd64 1.6-3
2024-10-07 03:59:52 install dirmngr:amd64 <none> 2.2.40-1.1
2024-10-07 03:59:52 status half-installed dirmngr:amd64 2.2.40-1.1
2024-10-07 03:59:53 status unpacked dirmngr:amd64 2.2.40-1.1
2024-10-07 03:59:53 install libfakeroot:amd64 <none> 1.31-1.2
2024-10-07 03:59:53 status half-installed libfakeroot:amd64 1.31-1.2
2024-10-07 03:59:53 status unpacked libfakeroot:amd64 1.31-1.2
2024-10-07 03:59:53 install fakeroot:amd64 <none> 1.31-1.2
2024-10-07 03:59:53 status half-installed fakeroot:amd64 1.31-1.2
2024-10-07 03:59:53 status unpacked fakeroot:amd64 1.31-1.2
2024-10-07 03:59:54 install fonts-dejavu-core:all <none> 2.37-6
2024-10-07 03:59:54 status half-installed fonts-dejavu-core:all 2.37-6
2024-10-07 03:59:54 status unpacked fonts-dejavu-core:all 2.37-6
2024-10-07 03:59:54 install fontconfig-config:amd64 <none> 2.14.1-4
2024-10-07 03:59:54 status half-installed fontconfig-config:amd64 2.14.1-4
2024-10-07 03:59:58 status unpacked fontconfig-config:amd64 2.14.1-4
2024-10-07 03:59:58 install gnupg-l10n:all <none> 2.2.40-1.1
2024-10-07 03:59:58 status half-installed gnupg-l10n:all 2.2.40-1.1
2024-10-07 03:59:59 status unpacked gnupg-l10n:all 2.2.40-1.1
2024-10-07 03:59:59 install gnupg-utils:amd64 <none> 2.2.40-1.1
2024-10-07 03:59:59 status half-installed gnupg-utils:amd64 2.2.40-1.1
2024-10-07 03:59:59 status unpacked gnupg-utils:amd64 2.2.40-1.1
2024-10-07 04:00:00 install gpg:amd64 <none> 2.2.40-1.1
2024-10-07 04:00:00 status half-installed gpg:amd64 2.2.40-1.1
2024-10-07 04:00:00 status unpacked gpg:amd64 2.2.40-1.1
2024-10-07 04:00:00 install pinentry-curses:amd64 <none> 1.2.1-1
2024-10-07 04:00:00 status half-installed pinentry-curses:amd64 1.2.1-1
2024-10-07 04:00:00 status unpacked pinentry-curses:amd64 1.2.1-1
2024-10-07 04:00:00 install gpg-agent:amd64 <none> 2.2.40-1.1
2024-10-07 04:00:00 status half-installed gpg-agent:amd64 2.2.40-1.1
2024-10-07 04:00:01 status unpacked gpg-agent:amd64 2.2.40-1.1
2024-10-07 04:00:01 install gpg-wks-client:amd64 <none> 2.2.40-1.1
2024-10-07 04:00:01 status half-installed gpg-wks-client:amd64 2.2.40-1.1
2024-10-07 04:00:01 status unpacked gpg-wks-client:amd64 2.2.40-1.1
2024-10-07 04:00:01 install gpg-wks-server:amd64 <none> 2.2.40-1.1
2024-10-07 04:00:01 status half-installed gpg-wks-server:amd64 2.2.40-1.1
2024-10-07 04:00:01 status unpacked gpg-wks-server:amd64 2.2.40-1.1
2024-10-07 04:00:02 install gpgsm:amd64 <none> 2.2.40-1.1
2024-10-07 04:00:02 status half-installed gpgsm:amd64 2.2.40-1.1
2024-10-07 04:00:02 status unpacked gpgsm:amd64 2.2.40-1.1
2024-10-07 04:00:02 install gnupg:all <none> 2.2.40-1.1
2024-10-07 04:00:02 status half-installed gnupg:all 2.2.40-1.1
2024-10-07 04:00:02 status unpacked gnupg:all 2.2.40-1.1
2024-10-07 04:00:02 install javascript-common:all <none> 11+nmu1
2024-10-07 04:00:02 status half-installed javascript-common:all 11+nmu1
2024-10-07 04:00:03 status unpacked javascript-common:all 11+nmu1
2024-10-07 04:00:03 install libabsl20220623:amd64 <none> 20220623.1-1
2024-10-07 04:00:03 status half-installed libabsl20220623:amd64 20220623.1-1
2024-10-07 04:00:03 status unpacked libabsl20220623:amd64 20220623.1-1
2024-10-07 04:00:04 install libalgorithm-diff-perl:all <none> 1.201-1
2024-10-07 04:00:04 status half-installed libalgorithm-diff-perl:all 1.201-1
2024-10-07 04:00:04 status unpacked libalgorithm-diff-perl:all 1.201-1
2024-10-07 04:00:04 install libalgorithm-diff-xs-perl:amd64 <none> 0.04-8+b1
2024-10-07 04:00:04 status half-installed libalgorithm-diff-xs-perl:amd64 0.04-8+b1
2024-10-07 04:00:04 status unpacked libalgorithm-diff-xs-perl:amd64 0.04-8+b1
2024-10-07 04:00:04 install libalgorithm-merge-perl:all <none> 0.08-5
2024-10-07 04:00:04 status half-installed libalgorithm-merge-perl:all 0.08-5
2024-10-07 04:00:04 status unpacked libalgorithm-merge-perl:all 0.08-5
2024-10-07 04:00:05 install libaom3:amd64 <none> 3.6.0-1+deb12u1
2024-10-07 04:00:05 status half-installed libaom3:amd64 3.6.0-1+deb12u1
2024-10-07 04:00:05 status unpacked libaom3:amd64 3.6.0-1+deb12u1
2024-10-07 04:00:05 install libdav1d6:amd64 <none> 1.0.0-2+deb12u1
2024-10-07 04:00:05 status half-installed libdav1d6:amd64 1.0.0-2+deb12u1
2024-10-07 04:00:06 status unpacked libdav1d6:amd64 1.0.0-2+deb12u1
2024-10-07 04:00:06 install libgav1-1:amd64 <none> 0.18.0-1+b1
2024-10-07 04:00:06 status half-installed libgav1-1:amd64 0.18.0-1+b1
2024-10-07 04:00:06 status unpacked libgav1-1:amd64 0.18.0-1+b1
2024-10-07 04:00:06 install librav1e0:amd64 <none> 0.5.1-6
2024-10-07 04:00:06 status half-installed librav1e0:amd64 0.5.1-6
2024-10-07 04:00:07 status unpacked librav1e0:amd64 0.5.1-6
2024-10-07 04:00:07 install libsvtav1enc1:amd64 <none> 1.4.1+dfsg-1
2024-10-07 04:00:07 status half-installed libsvtav1enc1:amd64 1.4.1+dfsg-1
2024-10-07 04:00:08 status unpacked libsvtav1enc1:amd64 1.4.1+dfsg-1
2024-10-07 04:00:08 install libjpeg62-turbo:amd64 <none> 1:2.1.5-2
2024-10-07 04:00:08 status half-installed libjpeg62-turbo:amd64 1:2.1.5-2
2024-10-07 04:00:08 status unpacked libjpeg62-turbo:amd64 1:2.1.5-2
2024-10-07 04:00:08 install libyuv0:amd64 <none> 0.0~git20230123.b2528b0-1
2024-10-07 04:00:08 status half-installed libyuv0:amd64 0.0~git20230123.b2528b0-1
2024-10-07 04:00:09 status unpacked libyuv0:amd64 0.0~git20230123.b2528b0-1
2024-10-07 04:00:09 install libavif15:amd64 <none> 0.11.1-1
2024-10-07 04:00:09 status half-installed libavif15:amd64 0.11.1-1
2024-10-07 04:00:09 status unpacked libavif15:amd64 0.11.1-1
2024-10-07 04:00:09 install libelf1:amd64 <none> 0.188-2.1
2024-10-07 04:00:09 status half-installed libelf1:amd64 0.188-2.1
2024-10-07 04:00:09 status unpacked libelf1:amd64 0.188-2.1
2024-10-07 04:00:10 install libdw1:amd64 <none> 0.188-2.1
2024-10-07 04:00:10 status half-installed libdw1:amd64 0.188-2.1
2024-10-07 04:00:10 status unpacked libdw1:amd64 0.188-2.1
2024-10-07 04:00:10 install libglib2.0-0:amd64 <none> 2.74.6-2+deb12u3
2024-10-07 04:00:10 status half-installed libglib2.0-0:amd64 2.74.6-2+deb12u3
2024-10-07 04:00:11 status unpacked libglib2.0-0:amd64 2.74.6-2+deb12u3
2024-10-07 04:00:11 install libbabeltrace1:amd64 <none> 1.5.11-1+b2
2024-10-07 04:00:11 status half-installed libbabeltrace1:amd64 1.5.11-1+b2
2024-10-07 04:00:11 status unpacked libbabeltrace1:amd64 1.5.11-1+b2
2024-10-07 04:00:11 install libbrotli1:amd64 <none> 1.0.9-2+b6
2024-10-07 04:00:11 status half-installed libbrotli1:amd64 1.0.9-2+b6
2024-10-07 04:00:11 status unpacked libbrotli1:amd64 1.0.9-2+b6
2024-10-07 04:00:12 install libbrotli-dev:amd64 <none> 1.0.9-2+b6
2024-10-07 04:00:12 status half-installed libbrotli-dev:amd64 1.0.9-2+b6
2024-10-07 04:00:12 status unpacked libbrotli-dev:amd64 1.0.9-2+b6
2024-10-07 04:00:12 install libbsd0:amd64 <none> 0.11.7-2
2024-10-07 04:00:12 status half-installed libbsd0:amd64 0.11.7-2
2024-10-07 04:00:12 status unpacked libbsd0:amd64 0.11.7-2
2024-10-07 04:00:13 install libpng16-16:amd64 <none> 1.6.39-2
2024-10-07 04:00:13 status half-installed libpng16-16:amd64 1.6.39-2
2024-10-07 04:00:13 status unpacked libpng16-16:amd64 1.6.39-2
2024-10-07 04:00:13 install libfreetype6:amd64 <none> 2.12.1+dfsg-5+deb12u3
2024-10-07 04:00:13 status half-installed libfreetype6:amd64 2.12.1+dfsg-5+deb12u3
2024-10-07 04:00:13 status unpacked libfreetype6:amd64 2.12.1+dfsg-5+deb12u3
2024-10-07 04:00:14 install libfontconfig1:amd64 <none> 2.14.1-4
2024-10-07 04:00:14 status half-installed libfontconfig1:amd64 2.14.1-4
2024-10-07 04:00:14 status unpacked libfontconfig1:amd64 2.14.1-4
2024-10-07 04:00:14 install libde265-0:amd64 <none> 1.0.11-1+deb12u2
2024-10-07 04:00:14 status half-installed libde265-0:amd64 1.0.11-1+deb12u2
2024-10-07 04:00:14 status unpacked libde265-0:amd64 1.0.11-1+deb12u2
2024-10-07 04:00:14 install libnuma1:amd64 <none> 2.0.16-1
2024-10-07 04:00:14 status half-installed libnuma1:amd64 2.0.16-1
2024-10-07 04:00:15 status unpacked libnuma1:amd64 2.0.16-1
2024-10-07 04:00:15 install libx265-199:amd64 <none> 3.5-2+b1
2024-10-07 04:00:15 status half-installed libx265-199:amd64 3.5-2+b1
2024-10-07 04:00:15 status unpacked libx265-199:amd64 3.5-2+b1
2024-10-07 04:00:16 install libheif1:amd64 <none> 1.15.1-1
2024-10-07 04:00:16 status half-installed libheif1:amd64 1.15.1-1
2024-10-07 04:00:16 status unpacked libheif1:amd64 1.15.1-1
2024-10-07 04:00:16 install libdeflate0:amd64 <none> 1.14-1
2024-10-07 04:00:16 status half-installed libdeflate0:amd64 1.14-1
2024-10-07 04:00:16 status unpacked libdeflate0:amd64 1.14-1
2024-10-07 04:00:17 install libjbig0:amd64 <none> 2.1-6.1
2024-10-07 04:00:17 status half-installed libjbig0:amd64 2.1-6.1
2024-10-07 04:00:17 status unpacked libjbig0:amd64 2.1-6.1
2024-10-07 04:00:17 install liblerc4:amd64 <none> 4.0.0+ds-2
2024-10-07 04:00:17 status half-installed liblerc4:amd64 4.0.0+ds-2
2024-10-07 04:00:17 status unpacked liblerc4:amd64 4.0.0+ds-2
2024-10-07 04:00:18 install libwebp7:amd64 <none> 1.2.4-0.2+deb12u1
2024-10-07 04:00:18 status half-installed libwebp7:amd64 1.2.4-0.2+deb12u1
2024-10-07 04:00:18 status unpacked libwebp7:amd64 1.2.4-0.2+deb12u1
2024-10-07 04:00:18 install libtiff6:amd64 <none> 4.5.0-6+deb12u1
2024-10-07 04:00:18 status half-installed libtiff6:amd64 4.5.0-6+deb12u1
2024-10-07 04:00:18 status unpacked libtiff6:amd64 4.5.0-6+deb12u1
2024-10-07 04:00:19 install libxau6:amd64 <none> 1:1.0.9-1
2024-10-07 04:00:19 status half-installed libxau6:amd64 1:1.0.9-1
2024-10-07 04:00:19 status unpacked libxau6:amd64 1:1.0.9-1
2024-10-07 04:00:19 install libxdmcp6:amd64 <none> 1:1.1.2-3
2024-10-07 04:00:19 status half-installed libxdmcp6:amd64 1:1.1.2-3
2024-10-07 04:00:19 status unpacked libxdmcp6:amd64 1:1.1.2-3
2024-10-07 04:00:19 install libxcb1:amd64 <none> 1.15-1
2024-10-07 04:00:19 status half-installed libxcb1:amd64 1.15-1
2024-10-07 04:00:20 status unpacked libxcb1:amd64 1.15-1
2024-10-07 04:00:20 install libx11-data:all <none> 2:1.8.4-2+deb12u2
2024-10-07 04:00:20 status half-installed libx11-data:all 2:1.8.4-2+deb12u2
2024-10-07 04:00:20 status unpacked libx11-data:all 2:1.8.4-2+deb12u2
2024-10-07 04:00:20 install libx11-6:amd64 <none> 2:1.8.4-2+deb12u2
2024-10-07 04:00:20 status half-installed libx11-6:amd64 2:1.8.4-2+deb12u2
2024-10-07 04:00:21 status unpacked libx11-6:amd64 2:1.8.4-2+deb12u2
2024-10-07 04:00:21 install libxpm4:amd64 <none> 1:3.5.12-1.1+deb12u1
2024-10-07 04:00:21 status half-installed libxpm4:amd64 1:3.5.12-1.1+deb12u1
2024-10-07 04:00:21 status unpacked libxpm4:amd64 1:3.5.12-1.1+deb12u1
2024-10-07 04:00:21 install libgd3:amd64 <none> 2.3.3-9
2024-10-07 04:00:21 status half-installed libgd3:amd64 2.3.3-9
2024-10-07 04:00:22 status unpacked libgd3:amd64 2.3.3-9
2024-10-07 04:00:22 install libc-devtools:amd64 <none> 2.36-9+deb12u8
2024-10-07 04:00:22 status half-installed libc-devtools:amd64 2.36-9+deb12u8
2024-10-07 04:00:22 status unpacked libc-devtools:amd64 2.36-9+deb12u8
2024-10-07 04:00:22 install libdeflate-dev:amd64 <none> 1.14-1
2024-10-07 04:00:22 status half-installed libdeflate-dev:amd64 1.14-1
2024-10-07 04:00:22 status unpacked libdeflate-dev:amd64 1.14-1
2024-10-07 04:00:22 install libexpat1-dev:amd64 <none> 2.5.0-1+deb12u1
2024-10-07 04:00:22 status half-installed libexpat1-dev:amd64 2.5.0-1+deb12u1
2024-10-07 04:00:23 status unpacked libexpat1-dev:amd64 2.5.0-1+deb12u1
2024-10-07 04:00:23 install libffi-dev:amd64 <none> 3.4.4-1
2024-10-07 04:00:23 status half-installed libffi-dev:amd64 3.4.4-1
2024-10-07 04:00:23 status unpacked libffi-dev:amd64 3.4.4-1
2024-10-07 04:00:23 install libfile-fcntllock-perl:amd64 <none> 0.22-4+b1
2024-10-07 04:00:23 status half-installed libfile-fcntllock-perl:amd64 0.22-4+b1
2024-10-07 04:00:23 status unpacked libfile-fcntllock-perl:amd64 0.22-4+b1
2024-10-07 04:00:23 install zlib1g-dev:amd64 <none> 1:1.2.13.dfsg-1
2024-10-07 04:00:23 status half-installed zlib1g-dev:amd64 1:1.2.13.dfsg-1
2024-10-07 04:00:24 status unpacked zlib1g-dev:amd64 1:1.2.13.dfsg-1
2024-10-07 04:00:24 install libpng-dev:amd64 <none> 1.6.39-2
2024-10-07 04:00:24 status half-installed libpng-dev:amd64 1.6.39-2
2024-10-07 04:00:24 status unpacked libpng-dev:amd64 1.6.39-2
2024-10-07 04:00:24 install libfreetype-dev:amd64 <none> 2.12.1+dfsg-5+deb12u3
2024-10-07 04:00:24 status half-installed libfreetype-dev:amd64 2.12.1+dfsg-5+deb12u3
2024-10-07 04:00:25 status unpacked libfreetype-dev:amd64 2.12.1+dfsg-5+deb12u3
2024-10-07 04:00:25 install libfreetype6-dev:amd64 <none> 2.12.1+dfsg-5+deb12u3
2024-10-07 04:00:25 status half-installed libfreetype6-dev:amd64 2.12.1+dfsg-5+deb12u3
2024-10-07 04:00:25 status unpacked libfreetype6-dev:amd64 2.12.1+dfsg-5+deb12u3
2024-10-07 04:00:25 install libglib2.0-data:all <none> 2.74.6-2+deb12u3
2024-10-07 04:00:25 status half-installed libglib2.0-data:all 2.74.6-2+deb12u3
2024-10-07 04:00:26 status unpacked libglib2.0-data:all 2.74.6-2+deb12u3
2024-10-07 04:00:26 install libgpm2:amd64 <none> 1.20.7-10+b1
2024-10-07 04:00:26 status half-installed libgpm2:amd64 1.20.7-10+b1
2024-10-07 04:00:26 status unpacked libgpm2:amd64 1.20.7-10+b1
2024-10-07 04:00:26 install libicu72:amd64 <none> 72.1-3
2024-10-07 04:00:26 status half-installed libicu72:amd64 72.1-3
2024-10-07 04:00:29 status unpacked libicu72:amd64 72.1-3
2024-10-07 04:00:29 install libjbig-dev:amd64 <none> 2.1-6.1
2024-10-07 04:00:29 status half-installed libjbig-dev:amd64 2.1-6.1
2024-10-07 04:00:29 status unpacked libjbig-dev:amd64 2.1-6.1
2024-10-07 04:00:29 install libjpeg62-turbo-dev:amd64 <none> 1:2.1.5-2
2024-10-07 04:00:29 status half-installed libjpeg62-turbo-dev:amd64 1:2.1.5-2
2024-10-07 04:00:30 status unpacked libjpeg62-turbo-dev:amd64 1:2.1.5-2
2024-10-07 04:00:30 install libjpeg-dev:amd64 <none> 1:2.1.5-2
2024-10-07 04:00:30 status half-installed libjpeg-dev:amd64 1:2.1.5-2
2024-10-07 04:00:30 status unpacked libjpeg-dev:amd64 1:2.1.5-2
2024-10-07 04:00:30 install libjs-jquery:all <none> 3.6.1+dfsg+~3.5.14-1
2024-10-07 04:00:30 status half-installed libjs-jquery:all 3.6.1+dfsg+~3.5.14-1
2024-10-07 04:00:30 status unpacked libjs-jquery:all 3.6.1+dfsg+~3.5.14-1
2024-10-07 04:00:31 install libjs-underscore:all <none> 1.13.4~dfsg+~1.11.4-3
2024-10-07 04:00:31 status half-installed libjs-underscore:all 1.13.4~dfsg+~1.11.4-3
2024-10-07 04:00:31 status unpacked libjs-underscore:all 1.13.4~dfsg+~1.11.4-3
2024-10-07 04:00:31 install libjs-sphinxdoc:all <none> 5.3.0-4
2024-10-07 04:00:31 status half-installed libjs-sphinxdoc:all 5.3.0-4
2024-10-07 04:00:31 status unpacked libjs-sphinxdoc:all 5.3.0-4
2024-10-07 04:00:31 install libldap-common:all <none> 2.5.13+dfsg-5
2024-10-07 04:00:31 status half-installed libldap-common:all 2.5.13+dfsg-5
2024-10-07 04:00:31 status unpacked libldap-common:all 2.5.13+dfsg-5
2024-10-07 04:00:32 install liblerc-dev:amd64 <none> 4.0.0+ds-2
2024-10-07 04:00:32 status half-installed liblerc-dev:amd64 4.0.0+ds-2
2024-10-07 04:00:32 status unpacked liblerc-dev:amd64 4.0.0+ds-2
2024-10-07 04:00:32 install liblzma-dev:amd64 <none> 5.4.1-0.2
2024-10-07 04:00:32 status half-installed liblzma-dev:amd64 5.4.1-0.2
2024-10-07 04:00:32 status unpacked liblzma-dev:amd64 5.4.1-0.2
2024-10-07 04:00:33 install libopencsd1:amd64 <none> 1.3.3-1
2024-10-07 04:00:33 status half-installed libopencsd1:amd64 1.3.3-1
2024-10-07 04:00:33 status unpacked libopencsd1:amd64 1.3.3-1
2024-10-07 04:00:33 install libopenjp2-7:amd64 <none> 2.5.0-2
2024-10-07 04:00:33 status half-installed libopenjp2-7:amd64 2.5.0-2
2024-10-07 04:00:33 status unpacked libopenjp2-7:amd64 2.5.0-2
2024-10-07 04:00:33 install libpkgconf3:amd64 <none> 1.8.1-1
2024-10-07 04:00:33 status half-installed libpkgconf3:amd64 1.8.1-1
2024-10-07 04:00:33 status unpacked libpkgconf3:amd64 1.8.1-1
2024-10-07 04:00:34 install libpng-tools:amd64 <none> 1.6.39-2
2024-10-07 04:00:34 status half-installed libpng-tools:amd64 1.6.39-2
2024-10-07 04:00:34 status unpacked libpng-tools:amd64 1.6.39-2
2024-10-07 04:00:34 install libpython3.11:amd64 <none> 3.11.2-6+deb12u3
2024-10-07 04:00:34 status half-installed libpython3.11:amd64 3.11.2-6+deb12u3
2024-10-07 04:00:35 status unpacked libpython3.11:amd64 3.11.2-6+deb12u3
2024-10-07 04:00:35 install libpython3.11-dev:amd64 <none> 3.11.2-6+deb12u3
2024-10-07 04:00:35 status half-installed libpython3.11-dev:amd64 3.11.2-6+deb12u3
2024-10-07 04:00:37 status unpacked libpython3.11-dev:amd64 3.11.2-6+deb12u3
2024-10-07 04:00:37 install libpython3-dev:amd64 <none> 3.11.2-1+b1
2024-10-07 04:00:37 status half-installed libpython3-dev:amd64 3.11.2-1+b1
2024-10-07 04:00:37 status unpacked libpython3-dev:amd64 3.11.2-1+b1
2024-10-07 04:00:38 install libsasl2-modules:amd64 <none> 2.1.28+dfsg-10
2024-10-07 04:00:38 status half-installed libsasl2-modules:amd64 2.1.28+dfsg-10
2024-10-07 04:00:38 status unpacked libsasl2-modules:amd64 2.1.28+dfsg-10
2024-10-07 04:00:38 install libslang2:amd64 <none> 2.3.3-3
2024-10-07 04:00:38 status half-installed libslang2:amd64 2.3.3-3
2024-10-07 04:00:38 status unpacked libslang2:amd64 2.3.3-3
2024-10-07 04:00:39 install libssl-dev:amd64 <none> 3.0.14-1~deb12u2
2024-10-07 04:00:39 status half-installed libssl-dev:amd64 3.0.14-1~deb12u2
2024-10-07 04:00:39 status unpacked libssl-dev:amd64 3.0.14-1~deb12u2
2024-10-07 04:00:40 install libzstd-dev:amd64 <none> 1.5.4+dfsg2-5
2024-10-07 04:00:40 status half-installed libzstd-dev:amd64 1.5.4+dfsg2-5
2024-10-07 04:00:40 status unpacked libzstd-dev:amd64 1.5.4+dfsg2-5
2024-10-07 04:00:40 install libwebpmux3:amd64 <none> 1.2.4-0.2+deb12u1
2024-10-07 04:00:40 status half-installed libwebpmux3:amd64 1.2.4-0.2+deb12u1
2024-10-07 04:00:40 status unpacked libwebpmux3:amd64 1.2.4-0.2+deb12u1
2024-10-07 04:00:40 install libwebpdemux2:amd64 <none> 1.2.4-0.2+deb12u1
2024-10-07 04:00:40 status half-installed libwebpdemux2:amd64 1.2.4-0.2+deb12u1
2024-10-07 04:00:41 status unpacked libwebpdemux2:amd64 1.2.4-0.2+deb12u1
2024-10-07 04:00:41 install libwebp-dev:amd64 <none> 1.2.4-0.2+deb12u1
2024-10-07 04:00:41 status half-installed libwebp-dev:amd64 1.2.4-0.2+deb12u1
2024-10-07 04:00:41 status unpacked libwebp-dev:amd64 1.2.4-0.2+deb12u1
2024-10-07 04:00:41 install libtiffxx6:amd64 <none> 4.5.0-6+deb12u1
2024-10-07 04:00:41 status half-installed libtiffxx6:amd64 4.5.0-6+deb12u1
2024-10-07 04:00:41 status unpacked libtiffxx6:amd64 4.5.0-6+deb12u1
2024-10-07 04:00:42 install libtiff-dev:amd64 <none> 4.5.0-6+deb12u1
2024-10-07 04:00:42 status half-installed libtiff-dev:amd64 4.5.0-6+deb12u1
2024-10-07 04:00:42 status unpacked libtiff-dev:amd64 4.5.0-6+deb12u1
2024-10-07 04:00:42 install libtiff5-dev:amd64 <none> 4.5.0-6+deb12u1
2024-10-07 04:00:42 status half-installed libtiff5-dev:amd64 4.5.0-6+deb12u1
2024-10-07 04:00:42 status unpacked libtiff5-dev:amd64 4.5.0-6+deb12u1
2024-10-07 04:00:42 install libunwind8:amd64 <none> 1.6.2-3
2024-10-07 04:00:42 status half-installed libunwind8:amd64 1.6.2-3
2024-10-07 04:00:42 status unpacked libunwind8:amd64 1.6.2-3
2024-10-07 04:00:43 install libxml2:amd64 <none> 2.9.14+dfsg-1.3~deb12u1
2024-10-07 04:00:43 status half-installed libxml2:amd64 2.9.14+dfsg-1.3~deb12u1
2024-10-07 04:00:43 status unpacked libxml2:amd64 2.9.14+dfsg-1.3~deb12u1
2024-10-07 04:00:43 install linux-perf:amd64 <none> 6.1.112-1
2024-10-07 04:00:43 status half-installed linux-perf:amd64 6.1.112-1
2024-10-07 04:00:45 status unpacked linux-perf:amd64 6.1.112-1
2024-10-07 04:00:45 install manpages-dev:all <none> 6.03-2
2024-10-07 04:00:45 status half-installed manpages-dev:all 6.03-2
2024-10-07 04:00:47 status unpacked manpages-dev:all 6.03-2
2024-10-07 04:00:47 install pkgconf-bin:amd64 <none> 1.8.1-1
2024-10-07 04:00:47 status half-installed pkgconf-bin:amd64 1.8.1-1
2024-10-07 04:00:47 status unpacked pkgconf-bin:amd64 1.8.1-1
2024-10-07 04:00:47 install pkgconf:amd64 <none> 1.8.1-1
2024-10-07 04:00:47 status half-installed pkgconf:amd64 1.8.1-1
2024-10-07 04:00:47 status unpacked pkgconf:amd64 1.8.1-1
2024-10-07 04:00:48 install pkg-config:amd64 <none> 1.8.1-1
2024-10-07 04:00:48 status half-installed pkg-config:amd64 1.8.1-1
2024-10-07 04:00:48 status unpacked pkg-config:amd64 1.8.1-1
2024-10-07 04:00:48 install psmisc:amd64 <none> 23.6-1
2024-10-07 04:00:48 status half-installed psmisc:amd64 23.6-1
2024-10-07 04:00:48 status unpacked psmisc:amd64 23.6-1
2024-10-07 04:00:48 install python3.11-dev:amd64 <none> 3.11.2-6+deb12u3
2024-10-07 04:00:48 status half-installed python3.11-dev:amd64 3.11.2-6+deb12u3
2024-10-07 04:00:49 status unpacked python3.11-dev:amd64 3.11.2-6+deb12u3
2024-10-07 04:00:49 install python3-lib2to3:all <none> 3.11.2-3
2024-10-07 04:00:49 status half-installed python3-lib2to3:all 3.11.2-3
2024-10-07 04:00:49 status unpacked python3-lib2to3:all 3.11.2-3
2024-10-07 04:00:49 install python3-distutils:all <none> 3.11.2-3
2024-10-07 04:00:49 status half-installed python3-distutils:all 3.11.2-3
2024-10-07 04:00:49 status unpacked python3-distutils:all 3.11.2-3
2024-10-07 04:00:49 install python3-dev:amd64 <none> 3.11.2-1+b1
2024-10-07 04:00:49 status half-installed python3-dev:amd64 3.11.2-1+b1
2024-10-07 04:00:50 status unpacked python3-dev:amd64 3.11.2-1+b1
2024-10-07 04:00:50 install python3-pkg-resources:all <none> 66.1.1-1
2024-10-07 04:00:50 status half-installed python3-pkg-resources:all 66.1.1-1
2024-10-07 04:00:50 status unpacked python3-pkg-resources:all 66.1.1-1
2024-10-07 04:00:50 install python3-setuptools:all <none> 66.1.1-1
2024-10-07 04:00:50 status half-installed python3-setuptools:all 66.1.1-1
2024-10-07 04:00:51 status unpacked python3-setuptools:all 66.1.1-1
2024-10-07 04:00:51 install python3-wheel:all <none> 0.38.4-2
2024-10-07 04:00:51 status half-installed python3-wheel:all 0.38.4-2
2024-10-07 04:00:51 status unpacked python3-wheel:all 0.38.4-2
2024-10-07 04:00:51 install python3-pip:all <none> 23.0.1+dfsg-1
2024-10-07 04:00:51 status half-installed python3-pip:all 23.0.1+dfsg-1
2024-10-07 04:00:52 status unpacked python3-pip:all 23.0.1+dfsg-1
2024-10-07 04:00:52 install python3-pip-whl:all <none> 23.0.1+dfsg-1
2024-10-07 04:00:52 status half-installed python3-pip-whl:all 23.0.1+dfsg-1
2024-10-07 04:00:53 status unpacked python3-pip-whl:all 23.0.1+dfsg-1
2024-10-07 04:00:53 install python3-setuptools-whl:all <none> 66.1.1-1
2024-10-07 04:00:53 status half-installed python3-setuptools-whl:all 66.1.1-1
2024-10-07 04:00:53 status unpacked python3-setuptools-whl:all 66.1.1-1
2024-10-07 04:00:53 install python3.11-venv:amd64 <none> 3.11.2-6+deb12u3
2024-10-07 04:00:53 status half-installed python3.11-venv:amd64 3.11.2-6+deb12u3
2024-10-07 04:00:53 status unpacked python3.11-venv:amd64 3.11.2-6+deb12u3
2024-10-07 04:00:54 install python3-venv:amd64 <none> 3.11.2-1+b1
2024-10-07 04:00:54 status half-installed python3-venv:amd64 3.11.2-1+b1
2024-10-07 04:00:54 status unpacked python3-venv:amd64 3.11.2-1+b1
2024-10-07 04:00:54 install shared-mime-info:amd64 <none> 2.2-1
2024-10-07 04:00:54 status half-installed shared-mime-info:amd64 2.2-1
2024-10-07 04:00:54 status unpacked shared-mime-info:amd64 2.2-1
2024-10-07 04:00:55 install stress:amd64 <none> 1.0.7-1
2024-10-07 04:00:55 status half-installed stress:amd64 1.0.7-1
2024-10-07 04:00:55 status unpacked stress:amd64 1.0.7-1
2024-10-07 04:00:55 install xdg-user-dirs:amd64 <none> 0.18-1
2024-10-07 04:00:55 status half-installed xdg-user-dirs:amd64 0.18-1
2024-10-07 04:00:55 status unpacked xdg-user-dirs:amd64 0.18-1
2024-10-07 04:00:55 startup packages configure
2024-10-07 04:00:55 configure libksba8:amd64 1.6.3-2 <none>
2024-10-07 04:00:55 status unpacked libksba8:amd64 1.6.3-2
2024-10-07 04:00:55 status half-configured libksba8:amd64 1.6.3-2
2024-10-07 04:00:55 status installed libksba8:amd64 1.6.3-2
2024-10-07 04:00:55 configure media-types:all 10.0.0 <none>
2024-10-07 04:00:55 status unpacked media-types:all 10.0.0
2024-10-07 04:00:55 status half-configured media-types:all 10.0.0
2024-10-07 04:00:55 status installed media-types:all 10.0.0
2024-10-07 04:00:55 configure javascript-common:all 11+nmu1 <none>
2024-10-07 04:00:55 status unpacked javascript-common:all 11+nmu1
2024-10-07 04:00:55 status half-configured javascript-common:all 11+nmu1
2024-10-07 04:00:56 status installed javascript-common:all 11+nmu1
2024-10-07 04:00:56 configure libaom3:amd64 3.6.0-1+deb12u1 <none>
2024-10-07 04:00:56 status unpacked libaom3:amd64 3.6.0-1+deb12u1
2024-10-07 04:00:56 status half-configured libaom3:amd64 3.6.0-1+deb12u1
2024-10-07 04:00:56 status installed libaom3:amd64 3.6.0-1+deb12u1
2024-10-07 04:00:56 configure libabsl20220623:amd64 20220623.1-1 <none>
2024-10-07 04:00:56 status unpacked libabsl20220623:amd64 20220623.1-1
2024-10-07 04:00:56 status half-configured libabsl20220623:amd64 20220623.1-1
2024-10-07 04:00:56 status installed libabsl20220623:amd64 20220623.1-1
2024-10-07 04:00:56 configure libxau6:amd64 1:1.0.9-1 <none>
2024-10-07 04:00:56 status unpacked libxau6:amd64 1:1.0.9-1
2024-10-07 04:00:56 status half-configured libxau6:amd64 1:1.0.9-1
2024-10-07 04:00:56 status installed libxau6:amd64 1:1.0.9-1
2024-10-07 04:00:56 configure python3-setuptools-whl:all 66.1.1-1 <none>
2024-10-07 04:00:56 status unpacked python3-setuptools-whl:all 66.1.1-1
2024-10-07 04:00:56 status half-configured python3-setuptools-whl:all 66.1.1-1
2024-10-07 04:00:56 status installed python3-setuptools-whl:all 66.1.1-1
2024-10-07 04:00:56 configure libkeyutils1:amd64 1.6.3-2 <none>
2024-10-07 04:00:56 status unpacked libkeyutils1:amd64 1.6.3-2
2024-10-07 04:00:56 status half-configured libkeyutils1:amd64 1.6.3-2
2024-10-07 04:00:56 status installed libkeyutils1:amd64 1.6.3-2
2024-10-07 04:00:56 configure libgpm2:amd64 1.20.7-10+b1 <none>
2024-10-07 04:00:56 status unpacked libgpm2:amd64 1.20.7-10+b1
2024-10-07 04:00:56 status half-configured libgpm2:amd64 1.20.7-10+b1
2024-10-07 04:00:56 status installed libgpm2:amd64 1.20.7-10+b1
2024-10-07 04:00:56 configure libicu72:amd64 72.1-3 <none>
2024-10-07 04:00:56 status unpacked libicu72:amd64 72.1-3
2024-10-07 04:00:56 status half-configured libicu72:amd64 72.1-3
2024-10-07 04:00:56 status installed libicu72:amd64 72.1-3
2024-10-07 04:00:56 configure liblerc4:amd64 4.0.0+ds-2 <none>
2024-10-07 04:00:56 status unpacked liblerc4:amd64 4.0.0+ds-2
2024-10-07 04:00:56 status half-configured liblerc4:amd64 4.0.0+ds-2
2024-10-07 04:00:56 status installed liblerc4:amd64 4.0.0+ds-2
2024-10-07 04:00:56 configure libzstd-dev:amd64 1.5.4+dfsg2-5 <none>
2024-10-07 04:00:56 status unpacked libzstd-dev:amd64 1.5.4+dfsg2-5
2024-10-07 04:00:56 status half-configured libzstd-dev:amd64 1.5.4+dfsg2-5
2024-10-07 04:00:56 status installed libzstd-dev:amd64 1.5.4+dfsg2-5
2024-10-07 04:00:56 configure xdg-user-dirs:amd64 0.18-1 <none>
2024-10-07 04:00:56 status unpacked xdg-user-dirs:amd64 0.18-1
2024-10-07 04:00:56 status half-configured xdg-user-dirs:amd64 0.18-1
2024-10-07 04:00:56 status installed xdg-user-dirs:amd64 0.18-1
2024-10-07 04:00:56 configure psmisc:amd64 23.6-1 <none>
2024-10-07 04:00:56 status unpacked psmisc:amd64 23.6-1
2024-10-07 04:00:56 status half-configured psmisc:amd64 23.6-1
2024-10-07 04:00:56 status installed psmisc:amd64 23.6-1
2024-10-07 04:00:56 configure libglib2.0-0:amd64 2.74.6-2+deb12u3 <none>
2024-10-07 04:00:56 status unpacked libglib2.0-0:amd64 2.74.6-2+deb12u3
2024-10-07 04:00:56 status half-configured libglib2.0-0:amd64 2.74.6-2+deb12u3
2024-10-07 04:00:57 status installed libglib2.0-0:amd64 2.74.6-2+deb12u3
2024-10-07 04:00:57 configure manpages:all 6.03-2 <none>
2024-10-07 04:00:57 status unpacked manpages:all 6.03-2
2024-10-07 04:00:57 status half-configured manpages:all 6.03-2
2024-10-07 04:00:57 status installed manpages:all 6.03-2
2024-10-07 04:00:57 configure libtirpc-common:all 1.3.3+ds-1 <none>
2024-10-07 04:00:57 status unpacked libtirpc-common:all 1.3.3+ds-1
2024-10-07 04:00:57 status half-configured libtirpc-common:all 1.3.3+ds-1
2024-10-07 04:00:57 status installed libtirpc-common:all 1.3.3+ds-1
2024-10-07 04:00:57 configure stress:amd64 1.0.7-1 <none>
2024-10-07 04:00:57 status unpacked stress:amd64 1.0.7-1
2024-10-07 04:00:57 status half-configured stress:amd64 1.0.7-1
2024-10-07 04:00:57 status installed stress:amd64 1.0.7-1
2024-10-07 04:00:57 configure libbrotli1:amd64 1.0.9-2+b6 <none>
2024-10-07 04:00:57 status unpacked libbrotli1:amd64 1.0.9-2+b6
2024-10-07 04:00:57 status half-configured libbrotli1:amd64 1.0.9-2+b6
2024-10-07 04:00:57 status installed libbrotli1:amd64 1.0.9-2+b6
2024-10-07 04:00:57 configure libsqlite3-0:amd64 3.40.1-2 <none>
2024-10-07 04:00:57 status unpacked libsqlite3-0:amd64 3.40.1-2
2024-10-07 04:00:57 status half-configured libsqlite3-0:amd64 3.40.1-2
2024-10-07 04:00:57 status installed libsqlite3-0:amd64 3.40.1-2
2024-10-07 04:00:57 configure libsasl2-modules:amd64 2.1.28+dfsg-10 <none>
2024-10-07 04:00:57 status unpacked libsasl2-modules:amd64 2.1.28+dfsg-10
2024-10-07 04:00:57 status half-configured libsasl2-modules:amd64 2.1.28+dfsg-10
2024-10-07 04:00:57 status installed libsasl2-modules:amd64 2.1.28+dfsg-10
2024-10-07 04:00:57 configure binutils-common:amd64 2.40-2 <none>
2024-10-07 04:00:57 status unpacked binutils-common:amd64 2.40-2
2024-10-07 04:00:57 status half-configured binutils-common:amd64 2.40-2
2024-10-07 04:00:57 status installed binutils-common:amd64 2.40-2
2024-10-07 04:00:57 configure libdeflate0:amd64 1.14-1 <none>
2024-10-07 04:00:57 status unpacked libdeflate0:amd64 1.14-1
2024-10-07 04:00:57 status half-configured libdeflate0:amd64 1.14-1
2024-10-07 04:00:57 status installed libdeflate0:amd64 1.14-1
2024-10-07 04:00:57 configure linux-libc-dev:amd64 6.1.112-1 <none>
2024-10-07 04:00:57 status unpacked linux-libc-dev:amd64 6.1.112-1
2024-10-07 04:00:57 status half-configured linux-libc-dev:amd64 6.1.112-1
2024-10-07 04:00:57 status installed linux-libc-dev:amd64 6.1.112-1
2024-10-07 04:00:57 configure libctf-nobfd0:amd64 2.40-2 <none>
2024-10-07 04:00:57 status unpacked libctf-nobfd0:amd64 2.40-2
2024-10-07 04:00:57 status half-configured libctf-nobfd0:amd64 2.40-2
2024-10-07 04:00:57 status installed libctf-nobfd0:amd64 2.40-2
2024-10-07 04:00:57 configure libnpth0:amd64 1.6-3 <none>
2024-10-07 04:00:57 status unpacked libnpth0:amd64 1.6-3
2024-10-07 04:00:57 status half-configured libnpth0:amd64 1.6-3
2024-10-07 04:00:57 status installed libnpth0:amd64 1.6-3
2024-10-07 04:00:57 configure krb5-locales:all 1.20.1-2+deb12u2 <none>
2024-10-07 04:00:57 status unpacked krb5-locales:all 1.20.1-2+deb12u2
2024-10-07 04:00:57 status half-configured krb5-locales:all 1.20.1-2+deb12u2
2024-10-07 04:00:57 status installed krb5-locales:all 1.20.1-2+deb12u2
2024-10-07 04:00:57 configure libsvtav1enc1:amd64 1.4.1+dfsg-1 <none>
2024-10-07 04:00:57 status unpacked libsvtav1enc1:amd64 1.4.1+dfsg-1
2024-10-07 04:00:57 status half-configured libsvtav1enc1:amd64 1.4.1+dfsg-1
2024-10-07 04:00:57 status installed libsvtav1enc1:amd64 1.4.1+dfsg-1
2024-10-07 04:00:57 configure libassuan0:amd64 2.5.5-5 <none>
2024-10-07 04:00:57 status unpacked libassuan0:amd64 2.5.5-5
2024-10-07 04:00:57 status half-configured libassuan0:amd64 2.5.5-5
2024-10-07 04:00:57 status installed libassuan0:amd64 2.5.5-5
2024-10-07 04:00:57 configure libgomp1:amd64 12.2.0-14 <none>
2024-10-07 04:00:57 status unpacked libgomp1:amd64 12.2.0-14
2024-10-07 04:00:57 status half-configured libgomp1:amd64 12.2.0-14
2024-10-07 04:00:57 status installed libgomp1:amd64 12.2.0-14
2024-10-07 04:00:57 configure bzip2:amd64 1.0.8-5+b1 <none>
2024-10-07 04:00:57 status unpacked bzip2:amd64 1.0.8-5+b1
2024-10-07 04:00:57 status half-configured bzip2:amd64 1.0.8-5+b1
2024-10-07 04:00:57 status installed bzip2:amd64 1.0.8-5+b1
2024-10-07 04:00:57 configure libffi-dev:amd64 3.4.4-1 <none>
2024-10-07 04:00:57 status unpacked libffi-dev:amd64 3.4.4-1
2024-10-07 04:00:57 status half-configured libffi-dev:amd64 3.4.4-1
2024-10-07 04:00:57 status installed libffi-dev:amd64 3.4.4-1
2024-10-07 04:00:57 configure libldap-common:all 2.5.13+dfsg-5 <none>
2024-10-07 04:00:57 status unpacked libldap-common:all 2.5.13+dfsg-5
2024-10-07 04:00:57 status half-configured libldap-common:all 2.5.13+dfsg-5
2024-10-07 04:00:57 status installed libldap-common:all 2.5.13+dfsg-5
2024-10-07 04:00:57 configure libunwind8:amd64 1.6.2-3 <none>
2024-10-07 04:00:57 status unpacked libunwind8:amd64 1.6.2-3
2024-10-07 04:00:57 status half-configured libunwind8:amd64 1.6.2-3
2024-10-07 04:00:57 status installed libunwind8:amd64 1.6.2-3
2024-10-07 04:00:57 configure libjbig0:amd64 2.1-6.1 <none>
2024-10-07 04:00:57 status unpacked libjbig0:amd64 2.1-6.1
2024-10-07 04:00:57 status half-configured libjbig0:amd64 2.1-6.1
2024-10-07 04:00:57 status installed libjbig0:amd64 2.1-6.1
2024-10-07 04:00:57 configure librav1e0:amd64 0.5.1-6 <none>
2024-10-07 04:00:57 status unpacked librav1e0:amd64 0.5.1-6
2024-10-07 04:00:57 status half-configured librav1e0:amd64 0.5.1-6
2024-10-07 04:00:57 status installed librav1e0:amd64 0.5.1-6
2024-10-07 04:00:57 configure libfakeroot:amd64 1.31-1.2 <none>
2024-10-07 04:00:57 status unpacked libfakeroot:amd64 1.31-1.2
2024-10-07 04:00:57 status half-configured libfakeroot:amd64 1.31-1.2
2024-10-07 04:00:57 status installed libfakeroot:amd64 1.31-1.2
2024-10-07 04:00:57 configure libjansson4:amd64 2.14-2 <none>
2024-10-07 04:00:57 status unpacked libjansson4:amd64 2.14-2
2024-10-07 04:00:57 status half-configured libjansson4:amd64 2.14-2
2024-10-07 04:00:57 status installed libjansson4:amd64 2.14-2
2024-10-07 04:00:57 configure libkrb5support0:amd64 1.20.1-2+deb12u2 <none>
2024-10-07 04:00:57 status unpacked libkrb5support0:amd64 1.20.1-2+deb12u2
2024-10-07 04:00:57 status half-configured libkrb5support0:amd64 1.20.1-2+deb12u2
2024-10-07 04:00:57 status installed libkrb5support0:amd64 1.20.1-2+deb12u2
2024-10-07 04:00:57 configure libsasl2-modules-db:amd64 2.1.28+dfsg-10 <none>
2024-10-07 04:00:57 status unpacked libsasl2-modules-db:amd64 2.1.28+dfsg-10
2024-10-07 04:00:57 status half-configured libsasl2-modules-db:amd64 2.1.28+dfsg-10
2024-10-07 04:00:57 status installed libsasl2-modules-db:amd64 2.1.28+dfsg-10
2024-10-07 04:00:57 configure fakeroot:amd64 1.31-1.2 <none>
2024-10-07 04:00:57 status unpacked fakeroot:amd64 1.31-1.2
2024-10-07 04:00:57 status half-configured fakeroot:amd64 1.31-1.2
2024-10-07 04:00:57 status installed fakeroot:amd64 1.31-1.2
2024-10-07 04:00:57 configure perl-modules-5.36:all 5.36.0-7+deb12u1 <none>
2024-10-07 04:00:57 status unpacked perl-modules-5.36:all 5.36.0-7+deb12u1
2024-10-07 04:00:58 status half-configured perl-modules-5.36:all 5.36.0-7+deb12u1
2024-10-07 04:00:58 status installed perl-modules-5.36:all 5.36.0-7+deb12u1
2024-10-07 04:00:58 configure libglib2.0-data:all 2.74.6-2+deb12u3 <none>
2024-10-07 04:00:58 status unpacked libglib2.0-data:all 2.74.6-2+deb12u3
2024-10-07 04:00:58 status half-configured libglib2.0-data:all 2.74.6-2+deb12u3
2024-10-07 04:00:58 status installed libglib2.0-data:all 2.74.6-2+deb12u3
2024-10-07 04:00:58 configure libpkgconf3:amd64 1.8.1-1 <none>
2024-10-07 04:00:58 status unpacked libpkgconf3:amd64 1.8.1-1
2024-10-07 04:00:58 status half-configured libpkgconf3:amd64 1.8.1-1
2024-10-07 04:00:58 status installed libpkgconf3:amd64 1.8.1-1
2024-10-07 04:00:58 configure rpcsvc-proto:amd64 1.4.3-1 <none>
2024-10-07 04:00:58 status unpacked rpcsvc-proto:amd64 1.4.3-1
2024-10-07 04:00:58 status half-configured rpcsvc-proto:amd64 1.4.3-1
2024-10-07 04:00:58 status installed rpcsvc-proto:amd64 1.4.3-1
2024-10-07 04:00:58 configure libjpeg62-turbo:amd64 1:2.1.5-2 <none>
2024-10-07 04:00:58 status unpacked libjpeg62-turbo:amd64 1:2.1.5-2
2024-10-07 04:00:58 status half-configured libjpeg62-turbo:amd64 1:2.1.5-2
2024-10-07 04:00:58 status installed libjpeg62-turbo:amd64 1:2.1.5-2
2024-10-07 04:00:58 configure libslang2:amd64 2.3.3-3 <none>
2024-10-07 04:00:58 status unpacked libslang2:amd64 2.3.3-3
2024-10-07 04:00:58 status half-configured libslang2:amd64 2.3.3-3
2024-10-07 04:00:58 status installed libslang2:amd64 2.3.3-3
2024-10-07 04:00:58 configure libopencsd1:amd64 1.3.3-1 <none>
2024-10-07 04:00:58 status unpacked libopencsd1:amd64 1.3.3-1
2024-10-07 04:00:58 status half-configured libopencsd1:amd64 1.3.3-1
2024-10-07 04:00:58 status installed libopencsd1:amd64 1.3.3-1
2024-10-07 04:00:58 configure libx11-data:all 2:1.8.4-2+deb12u2 <none>
2024-10-07 04:00:58 status unpacked libx11-data:all 2:1.8.4-2+deb12u2
2024-10-07 04:00:58 status half-configured libx11-data:all 2:1.8.4-2+deb12u2
2024-10-07 04:00:58 status installed libx11-data:all 2:1.8.4-2+deb12u2
2024-10-07 04:00:58 configure make:amd64 4.3-4.1 <none>
2024-10-07 04:00:58 status unpacked make:amd64 4.3-4.1
2024-10-07 04:00:58 status half-configured make:amd64 4.3-4.1
2024-10-07 04:00:58 status installed make:amd64 4.3-4.1
2024-10-07 04:00:58 configure libmpfr6:amd64 4.2.0-1 <none>
2024-10-07 04:00:58 status unpacked libmpfr6:amd64 4.2.0-1
2024-10-07 04:00:58 status half-configured libmpfr6:amd64 4.2.0-1
2024-10-07 04:00:58 status installed libmpfr6:amd64 4.2.0-1
2024-10-07 04:00:58 configure gnupg-l10n:all 2.2.40-1.1 <none>
2024-10-07 04:00:58 status unpacked gnupg-l10n:all 2.2.40-1.1
2024-10-07 04:00:58 status half-configured gnupg-l10n:all 2.2.40-1.1
2024-10-07 04:00:58 status installed gnupg-l10n:all 2.2.40-1.1
2024-10-07 04:00:58 configure xz-utils:amd64 5.4.1-0.2 <none>
2024-10-07 04:00:58 status unpacked xz-utils:amd64 5.4.1-0.2
2024-10-07 04:00:58 status half-configured xz-utils:amd64 5.4.1-0.2
2024-10-07 04:00:58 status installed xz-utils:amd64 5.4.1-0.2
2024-10-07 04:00:58 configure libquadmath0:amd64 12.2.0-14 <none>
2024-10-07 04:00:58 status unpacked libquadmath0:amd64 12.2.0-14
2024-10-07 04:00:58 status half-configured libquadmath0:amd64 12.2.0-14
2024-10-07 04:00:58 status installed libquadmath0:amd64 12.2.0-14
2024-10-07 04:00:58 configure libproc2-0:amd64 2:4.0.2-3 <none>
2024-10-07 04:00:58 status unpacked libproc2-0:amd64 2:4.0.2-3
2024-10-07 04:00:58 status half-configured libproc2-0:amd64 2:4.0.2-3
2024-10-07 04:00:58 status installed libproc2-0:amd64 2:4.0.2-3
2024-10-07 04:00:58 configure libssl-dev:amd64 3.0.14-1~deb12u2 <none>
2024-10-07 04:00:58 status unpacked libssl-dev:amd64 3.0.14-1~deb12u2
2024-10-07 04:00:58 status half-configured libssl-dev:amd64 3.0.14-1~deb12u2
2024-10-07 04:00:58 status installed libssl-dev:amd64 3.0.14-1~deb12u2
2024-10-07 04:00:58 configure libpng16-16:amd64 1.6.39-2 <none>
2024-10-07 04:00:58 status unpacked libpng16-16:amd64 1.6.39-2
2024-10-07 04:00:58 status half-configured libpng16-16:amd64 1.6.39-2
2024-10-07 04:00:58 status installed libpng16-16:amd64 1.6.39-2
2024-10-07 04:00:58 configure libmpc3:amd64 1.3.1-1 <none>
2024-10-07 04:00:58 status unpacked libmpc3:amd64 1.3.1-1
2024-10-07 04:00:58 status half-configured libmpc3:amd64 1.3.1-1
2024-10-07 04:00:58 status installed libmpc3:amd64 1.3.1-1
2024-10-07 04:00:58 configure libatomic1:amd64 12.2.0-14 <none>
2024-10-07 04:00:58 status unpacked libatomic1:amd64 12.2.0-14
2024-10-07 04:00:58 status half-configured libatomic1:amd64 12.2.0-14
2024-10-07 04:00:58 status installed libatomic1:amd64 12.2.0-14
2024-10-07 04:00:58 configure patch:amd64 2.7.6-7 <none>
2024-10-07 04:00:58 status unpacked patch:amd64 2.7.6-7
2024-10-07 04:00:58 status half-configured patch:amd64 2.7.6-7
2024-10-07 04:00:58 status installed patch:amd64 2.7.6-7
2024-10-07 04:00:58 configure sudo:amd64 1.9.13p3-1+deb12u1 <none>
2024-10-07 04:00:58 status unpacked sudo:amd64 1.9.13p3-1+deb12u1
2024-10-07 04:00:58 status half-configured sudo:amd64 1.9.13p3-1+deb12u1
2024-10-07 04:00:59 status installed sudo:amd64 1.9.13p3-1+deb12u1
2024-10-07 04:00:59 configure fonts-dejavu-core:all 2.37-6 <none>
2024-10-07 04:00:59 status unpacked fonts-dejavu-core:all 2.37-6
2024-10-07 04:00:59 status half-configured fonts-dejavu-core:all 2.37-6
2024-10-07 04:00:59 status installed fonts-dejavu-core:all 2.37-6
2024-10-07 04:00:59 configure libgav1-1:amd64 0.18.0-1+b1 <none>
2024-10-07 04:00:59 status unpacked libgav1-1:amd64 0.18.0-1+b1
2024-10-07 04:00:59 status half-configured libgav1-1:amd64 0.18.0-1+b1
2024-10-07 04:00:59 status installed libgav1-1:amd64 0.18.0-1+b1
2024-10-07 04:00:59 configure pkgconf-bin:amd64 1.8.1-1 <none>
2024-10-07 04:00:59 status unpacked pkgconf-bin:amd64 1.8.1-1
2024-10-07 04:00:59 status half-configured pkgconf-bin:amd64 1.8.1-1
2024-10-07 04:00:59 status installed pkgconf-bin:amd64 1.8.1-1
2024-10-07 04:00:59 configure liblerc-dev:amd64 4.0.0+ds-2 <none>
2024-10-07 04:00:59 status unpacked liblerc-dev:amd64 4.0.0+ds-2
2024-10-07 04:00:59 status half-configured liblerc-dev:amd64 4.0.0+ds-2
2024-10-07 04:00:59 status installed liblerc-dev:amd64 4.0.0+ds-2
2024-10-07 04:00:59 configure libncursesw6:amd64 6.4-4 <none>
2024-10-07 04:00:59 status unpacked libncursesw6:amd64 6.4-4
2024-10-07 04:00:59 status half-configured libncursesw6:amd64 6.4-4
2024-10-07 04:00:59 status installed libncursesw6:amd64 6.4-4
2024-10-07 04:00:59 configure libk5crypto3:amd64 1.20.1-2+deb12u2 <none>
2024-10-07 04:00:59 status unpacked libk5crypto3:amd64 1.20.1-2+deb12u2
2024-10-07 04:00:59 status half-configured libk5crypto3:amd64 1.20.1-2+deb12u2
2024-10-07 04:00:59 status installed libk5crypto3:amd64 1.20.1-2+deb12u2
2024-10-07 04:00:59 configure libdav1d6:amd64 1.0.0-2+deb12u1 <none>
2024-10-07 04:00:59 status unpacked libdav1d6:amd64 1.0.0-2+deb12u1
2024-10-07 04:00:59 status half-configured libdav1d6:amd64 1.0.0-2+deb12u1
2024-10-07 04:00:59 status installed libdav1d6:amd64 1.0.0-2+deb12u1
2024-10-07 04:00:59 configure libsasl2-2:amd64 2.1.28+dfsg-10 <none>
2024-10-07 04:00:59 status unpacked libsasl2-2:amd64 2.1.28+dfsg-10
2024-10-07 04:00:59 status half-configured libsasl2-2:amd64 2.1.28+dfsg-10
2024-10-07 04:00:59 status installed libsasl2-2:amd64 2.1.28+dfsg-10
2024-10-07 04:00:59 configure libwebp7:amd64 1.2.4-0.2+deb12u1 <none>
2024-10-07 04:00:59 status unpacked libwebp7:amd64 1.2.4-0.2+deb12u1
2024-10-07 04:00:59 status half-configured libwebp7:amd64 1.2.4-0.2+deb12u1
2024-10-07 04:00:59 status installed libwebp7:amd64 1.2.4-0.2+deb12u1
2024-10-07 04:00:59 configure liblzma-dev:amd64 5.4.1-0.2 <none>
2024-10-07 04:00:59 status unpacked liblzma-dev:amd64 5.4.1-0.2
2024-10-07 04:00:59 status half-configured liblzma-dev:amd64 5.4.1-0.2
2024-10-07 04:00:59 status installed liblzma-dev:amd64 5.4.1-0.2
2024-10-07 04:00:59 configure libubsan1:amd64 12.2.0-14 <none>
2024-10-07 04:00:59 status unpacked libubsan1:amd64 12.2.0-14
2024-10-07 04:00:59 status half-configured libubsan1:amd64 12.2.0-14
2024-10-07 04:00:59 status installed libubsan1:amd64 12.2.0-14
2024-10-07 04:00:59 configure libnuma1:amd64 2.0.16-1 <none>
2024-10-07 04:00:59 status unpacked libnuma1:amd64 2.0.16-1
2024-10-07 04:00:59 status half-configured libnuma1:amd64 2.0.16-1
2024-10-07 04:00:59 status installed libnuma1:amd64 2.0.16-1
2024-10-07 04:00:59 configure libcrypt-dev:amd64 1:4.4.33-2 <none>
2024-10-07 04:00:59 status unpacked libcrypt-dev:amd64 1:4.4.33-2
2024-10-07 04:00:59 status half-configured libcrypt-dev:amd64 1:4.4.33-2
2024-10-07 04:00:59 status installed libcrypt-dev:amd64 1:4.4.33-2
2024-10-07 04:00:59 configure libtiff6:amd64 4.5.0-6+deb12u1 <none>
2024-10-07 04:00:59 status unpacked libtiff6:amd64 4.5.0-6+deb12u1
2024-10-07 04:00:59 status half-configured libtiff6:amd64 4.5.0-6+deb12u1
2024-10-07 04:00:59 status installed libtiff6:amd64 4.5.0-6+deb12u1
2024-10-07 04:00:59 configure libasan8:amd64 12.2.0-14 <none>
2024-10-07 04:00:59 status unpacked libasan8:amd64 12.2.0-14
2024-10-07 04:00:59 status half-configured libasan8:amd64 12.2.0-14
2024-10-07 04:00:59 status installed libasan8:amd64 12.2.0-14
2024-10-07 04:00:59 configure procps:amd64 2:4.0.2-3 <none>
2024-10-07 04:00:59 status unpacked procps:amd64 2:4.0.2-3
2024-10-07 04:00:59 status half-configured procps:amd64 2:4.0.2-3
2024-10-07 04:01:00 status installed procps:amd64 2:4.0.2-3
2024-10-07 04:01:00 configure libopenjp2-7:amd64 2.5.0-2 <none>
2024-10-07 04:01:00 status unpacked libopenjp2-7:amd64 2.5.0-2
2024-10-07 04:01:00 status half-configured libopenjp2-7:amd64 2.5.0-2
2024-10-07 04:01:00 status installed libopenjp2-7:amd64 2.5.0-2
2024-10-07 04:01:00 configure netbase:all 6.4 <none>
2024-10-07 04:01:00 status unpacked netbase:all 6.4
2024-10-07 04:01:00 status half-configured netbase:all 6.4
2024-10-07 04:01:00 status installed netbase:all 6.4
2024-10-07 04:01:00 configure libkrb5-3:amd64 1.20.1-2+deb12u2 <none>
2024-10-07 04:01:00 status unpacked libkrb5-3:amd64 1.20.1-2+deb12u2
2024-10-07 04:01:00 status half-configured libkrb5-3:amd64 1.20.1-2+deb12u2
2024-10-07 04:01:00 status installed libkrb5-3:amd64 1.20.1-2+deb12u2
2024-10-07 04:01:00 configure libtsan2:amd64 12.2.0-14 <none>
2024-10-07 04:01:00 status unpacked libtsan2:amd64 12.2.0-14
2024-10-07 04:01:00 status half-configured libtsan2:amd64 12.2.0-14
2024-10-07 04:01:00 status installed libtsan2:amd64 12.2.0-14
2024-10-07 04:01:00 configure libjs-jquery:all 3.6.1+dfsg+~3.5.14-1 <none>
2024-10-07 04:01:00 status unpacked libjs-jquery:all 3.6.1+dfsg+~3.5.14-1
2024-10-07 04:01:00 status half-configured libjs-jquery:all 3.6.1+dfsg+~3.5.14-1
2024-10-07 04:01:00 status installed libjs-jquery:all 3.6.1+dfsg+~3.5.14-1
2024-10-07 04:01:00 configure libbinutils:amd64 2.40-2 <none>
2024-10-07 04:01:00 status unpacked libbinutils:amd64 2.40-2
2024-10-07 04:01:00 status half-configured libbinutils:amd64 2.40-2
2024-10-07 04:01:00 status installed libbinutils:amd64 2.40-2
2024-10-07 04:01:00 configure libisl23:amd64 0.25-1.1 <none>
2024-10-07 04:01:00 status unpacked libisl23:amd64 0.25-1.1
2024-10-07 04:01:00 status half-configured libisl23:amd64 0.25-1.1
2024-10-07 04:01:00 status installed libisl23:amd64 0.25-1.1
2024-10-07 04:01:00 configure libde265-0:amd64 1.0.11-1+deb12u2 <none>
2024-10-07 04:01:00 status unpacked libde265-0:amd64 1.0.11-1+deb12u2
2024-10-07 04:01:00 status half-configured libde265-0:amd64 1.0.11-1+deb12u2
2024-10-07 04:01:00 status installed libde265-0:amd64 1.0.11-1+deb12u2
2024-10-07 04:01:00 configure libc-dev-bin:amd64 2.36-9+deb12u8 <none>
2024-10-07 04:01:00 status unpacked libc-dev-bin:amd64 2.36-9+deb12u8
2024-10-07 04:01:00 status half-configured libc-dev-bin:amd64 2.36-9+deb12u8
2024-10-07 04:01:00 status installed libc-dev-bin:amd64 2.36-9+deb12u8
2024-10-07 04:01:00 configure openssl:amd64 3.0.14-1~deb12u2 <none>
2024-10-07 04:01:00 status unpacked openssl:amd64 3.0.14-1~deb12u2
2024-10-07 04:01:00 status half-configured openssl:amd64 3.0.14-1~deb12u2
2024-10-07 04:01:00 status installed openssl:amd64 3.0.14-1~deb12u2
2024-10-07 04:01:00 configure libwebpmux3:amd64 1.2.4-0.2+deb12u1 <none>
2024-10-07 04:01:00 status unpacked libwebpmux3:amd64 1.2.4-0.2+deb12u1
2024-10-07 04:01:00 status half-configured libwebpmux3:amd64 1.2.4-0.2+deb12u1
2024-10-07 04:01:00 status installed libwebpmux3:amd64 1.2.4-0.2+deb12u1
2024-10-07 04:01:00 configure libbsd0:amd64 0.11.7-2 <none>
2024-10-07 04:01:00 status unpacked libbsd0:amd64 0.11.7-2
2024-10-07 04:01:00 status half-configured libbsd0:amd64 0.11.7-2
2024-10-07 04:01:00 status installed libbsd0:amd64 0.11.7-2
2024-10-07 04:01:00 configure libtiffxx6:amd64 4.5.0-6+deb12u1 <none>
2024-10-07 04:01:00 status unpacked libtiffxx6:amd64 4.5.0-6+deb12u1
2024-10-07 04:01:00 status half-configured libtiffxx6:amd64 4.5.0-6+deb12u1
2024-10-07 04:01:00 status installed libtiffxx6:amd64 4.5.0-6+deb12u1
2024-10-07 04:01:00 configure libdeflate-dev:amd64 1.14-1 <none>
2024-10-07 04:01:00 status unpacked libdeflate-dev:amd64 1.14-1
2024-10-07 04:01:00 status half-configured libdeflate-dev:amd64 1.14-1
2024-10-07 04:01:00 status installed libdeflate-dev:amd64 1.14-1
2024-10-07 04:01:00 configure libyuv0:amd64 0.0~git20230123.b2528b0-1 <none>
2024-10-07 04:01:00 status unpacked libyuv0:amd64 0.0~git20230123.b2528b0-1
2024-10-07 04:01:00 status half-configured libyuv0:amd64 0.0~git20230123.b2528b0-1
2024-10-07 04:01:00 status installed libyuv0:amd64 0.0~git20230123.b2528b0-1
2024-10-07 04:01:00 configure libelf1:amd64 0.188-2.1 <none>
2024-10-07 04:01:00 status unpacked libelf1:amd64 0.188-2.1
2024-10-07 04:01:00 status half-configured libelf1:amd64 0.188-2.1
2024-10-07 04:01:00 status installed libelf1:amd64 0.188-2.1
2024-10-07 04:01:00 configure readline-common:all 8.2-1.3 <none>
2024-10-07 04:01:00 status unpacked readline-common:all 8.2-1.3
2024-10-07 04:01:00 status half-configured readline-common:all 8.2-1.3
2024-10-07 04:01:01 status installed readline-common:all 8.2-1.3
2024-10-07 04:01:01 configure libxml2:amd64 2.9.14+dfsg-1.3~deb12u1 <none>
2024-10-07 04:01:01 status unpacked libxml2:amd64 2.9.14+dfsg-1.3~deb12u1
2024-10-07 04:01:01 status half-configured libxml2:amd64 2.9.14+dfsg-1.3~deb12u1
2024-10-07 04:01:01 status installed libxml2:amd64 2.9.14+dfsg-1.3~deb12u1
2024-10-07 04:01:01 configure libcc1-0:amd64 12.2.0-14 <none>
2024-10-07 04:01:01 status unpacked libcc1-0:amd64 12.2.0-14
2024-10-07 04:01:01 status half-configured libcc1-0:amd64 12.2.0-14
2024-10-07 04:01:01 status installed libcc1-0:amd64 12.2.0-14
2024-10-07 04:01:01 configure liblocale-gettext-perl:amd64 1.07-5 <none>
2024-10-07 04:01:01 status unpacked liblocale-gettext-perl:amd64 1.07-5
2024-10-07 04:01:01 status half-configured liblocale-gettext-perl:amd64 1.07-5
2024-10-07 04:01:01 status installed liblocale-gettext-perl:amd64 1.07-5
2024-10-07 04:01:01 configure libbrotli-dev:amd64 1.0.9-2+b6 <none>
2024-10-07 04:01:01 status unpacked libbrotli-dev:amd64 1.0.9-2+b6
2024-10-07 04:01:01 status half-configured libbrotli-dev:amd64 1.0.9-2+b6
2024-10-07 04:01:01 status installed libbrotli-dev:amd64 1.0.9-2+b6
2024-10-07 04:01:01 configure liblsan0:amd64 12.2.0-14 <none>
2024-10-07 04:01:01 status unpacked liblsan0:amd64 12.2.0-14
2024-10-07 04:01:01 status half-configured liblsan0:amd64 12.2.0-14
2024-10-07 04:01:01 status installed liblsan0:amd64 12.2.0-14
2024-10-07 04:01:01 configure libitm1:amd64 12.2.0-14 <none>
2024-10-07 04:01:01 status unpacked libitm1:amd64 12.2.0-14
2024-10-07 04:01:01 status half-configured libitm1:amd64 12.2.0-14
2024-10-07 04:01:01 status installed libitm1:amd64 12.2.0-14
2024-10-07 04:01:01 configure libgdbm6:amd64 1.23-3 <none>
2024-10-07 04:01:01 status unpacked libgdbm6:amd64 1.23-3
2024-10-07 04:01:01 status half-configured libgdbm6:amd64 1.23-3
2024-10-07 04:01:01 status installed libgdbm6:amd64 1.23-3
2024-10-07 04:01:01 configure libjs-underscore:all 1.13.4~dfsg+~1.11.4-3 <none>
2024-10-07 04:01:01 status unpacked libjs-underscore:all 1.13.4~dfsg+~1.11.4-3
2024-10-07 04:01:01 status half-configured libjs-underscore:all 1.13.4~dfsg+~1.11.4-3
2024-10-07 04:01:01 status installed libjs-underscore:all 1.13.4~dfsg+~1.11.4-3
2024-10-07 04:01:01 configure libctf0:amd64 2.40-2 <none>
2024-10-07 04:01:01 status unpacked libctf0:amd64 2.40-2
2024-10-07 04:01:01 status half-configured libctf0:amd64 2.40-2
2024-10-07 04:01:01 status installed libctf0:amd64 2.40-2
2024-10-07 04:01:01 configure pinentry-curses:amd64 1.2.1-1 <none>
2024-10-07 04:01:01 status unpacked pinentry-curses:amd64 1.2.1-1
2024-10-07 04:01:01 status half-configured pinentry-curses:amd64 1.2.1-1
2024-10-07 04:01:01 status installed pinentry-curses:amd64 1.2.1-1
2024-10-07 04:01:01 configure manpages-dev:all 6.03-2 <none>
2024-10-07 04:01:01 status unpacked manpages-dev:all 6.03-2
2024-10-07 04:01:01 status half-configured manpages-dev:all 6.03-2
2024-10-07 04:01:01 status installed manpages-dev:all 6.03-2
2024-10-07 04:01:01 configure libdw1:amd64 0.188-2.1 <none>
2024-10-07 04:01:01 status unpacked libdw1:amd64 0.188-2.1
2024-10-07 04:01:01 status half-configured libdw1:amd64 0.188-2.1
2024-10-07 04:01:01 status installed libdw1:amd64 0.188-2.1
2024-10-07 04:01:01 configure libxdmcp6:amd64 1:1.1.2-3 <none>
2024-10-07 04:01:01 status unpacked libxdmcp6:amd64 1:1.1.2-3
2024-10-07 04:01:01 status half-configured libxdmcp6:amd64 1:1.1.2-3
2024-10-07 04:01:01 status installed libxdmcp6:amd64 1:1.1.2-3
2024-10-07 04:01:01 configure cpp-12:amd64 12.2.0-14 <none>
2024-10-07 04:01:01 status unpacked cpp-12:amd64 12.2.0-14
2024-10-07 04:01:01 status half-configured cpp-12:amd64 12.2.0-14
2024-10-07 04:01:01 status installed cpp-12:amd64 12.2.0-14
2024-10-07 04:01:01 configure libxcb1:amd64 1.15-1 <none>
2024-10-07 04:01:01 status unpacked libxcb1:amd64 1.15-1
2024-10-07 04:01:01 status half-configured libxcb1:amd64 1.15-1
2024-10-07 04:01:01 status installed libxcb1:amd64 1.15-1
2024-10-07 04:01:01 configure libavif15:amd64 0.11.1-1 <none>
2024-10-07 04:01:01 status unpacked libavif15:amd64 0.11.1-1
2024-10-07 04:01:01 status half-configured libavif15:amd64 0.11.1-1
2024-10-07 04:01:01 status installed libavif15:amd64 0.11.1-1
2024-10-07 04:01:01 configure libpng-tools:amd64 1.6.39-2 <none>
2024-10-07 04:01:01 status unpacked libpng-tools:amd64 1.6.39-2
2024-10-07 04:01:01 status half-configured libpng-tools:amd64 1.6.39-2
2024-10-07 04:01:01 status installed libpng-tools:amd64 1.6.39-2
2024-10-07 04:01:01 configure fontconfig-config:amd64 2.14.1-4 <none>
2024-10-07 04:01:01 status unpacked fontconfig-config:amd64 2.14.1-4
2024-10-07 04:01:01 status half-configured fontconfig-config:amd64 2.14.1-4
2024-10-07 04:01:06 status installed fontconfig-config:amd64 2.14.1-4
2024-10-07 04:01:06 configure libwebpdemux2:amd64 1.2.4-0.2+deb12u1 <none>
2024-10-07 04:01:06 status unpacked libwebpdemux2:amd64 1.2.4-0.2+deb12u1
2024-10-07 04:01:06 status half-configured libwebpdemux2:amd64 1.2.4-0.2+deb12u1
2024-10-07 04:01:06 status installed libwebpdemux2:amd64 1.2.4-0.2+deb12u1
2024-10-07 04:01:06 configure libreadline8:amd64 8.2-1.3 <none>
2024-10-07 04:01:06 status unpacked libreadline8:amd64 8.2-1.3
2024-10-07 04:01:06 status half-configured libreadline8:amd64 8.2-1.3
2024-10-07 04:01:06 status installed libreadline8:amd64 8.2-1.3
2024-10-07 04:01:06 configure libjbig-dev:amd64 2.1-6.1 <none>
2024-10-07 04:01:06 status unpacked libjbig-dev:amd64 2.1-6.1
2024-10-07 04:01:06 status half-configured libjbig-dev:amd64 2.1-6.1
2024-10-07 04:01:06 status installed libjbig-dev:amd64 2.1-6.1
2024-10-07 04:01:06 configure bc:amd64 1.07.1-3+b1 <none>
2024-10-07 04:01:06 status unpacked bc:amd64 1.07.1-3+b1
2024-10-07 04:01:06 status half-configured bc:amd64 1.07.1-3+b1
2024-10-07 04:01:06 status installed bc:amd64 1.07.1-3+b1
2024-10-07 04:01:06 configure libldap-2.5-0:amd64 2.5.13+dfsg-5 <none>
2024-10-07 04:01:06 status unpacked libldap-2.5-0:amd64 2.5.13+dfsg-5
2024-10-07 04:01:06 status half-configured libldap-2.5-0:amd64 2.5.13+dfsg-5
2024-10-07 04:01:06 status installed libldap-2.5-0:amd64 2.5.13+dfsg-5
2024-10-07 04:01:06 configure pkgconf:amd64 1.8.1-1 <none>
2024-10-07 04:01:06 status unpacked pkgconf:amd64 1.8.1-1
2024-10-07 04:01:06 status half-configured pkgconf:amd64 1.8.1-1
2024-10-07 04:01:06 status installed pkgconf:amd64 1.8.1-1
2024-10-07 04:01:06 configure ca-certificates:all 20230311 <none>
2024-10-07 04:01:06 status unpacked ca-certificates:all 20230311
2024-10-07 04:01:06 status half-configured ca-certificates:all 20230311
2024-10-07 04:01:40 status installed ca-certificates:all 20230311
2024-10-07 04:01:40 status triggers-pending ca-certificates:all 20230311
2024-10-07 04:01:40 configure libgprofng0:amd64 2.40-2 <none>
2024-10-07 04:01:40 status unpacked libgprofng0:amd64 2.40-2
2024-10-07 04:01:40 status half-configured libgprofng0:amd64 2.40-2
2024-10-07 04:01:40 status installed libgprofng0:amd64 2.40-2
2024-10-07 04:01:40 configure libwebp-dev:amd64 1.2.4-0.2+deb12u1 <none>
2024-10-07 04:01:40 status unpacked libwebp-dev:amd64 1.2.4-0.2+deb12u1
2024-10-07 04:01:40 status half-configured libwebp-dev:amd64 1.2.4-0.2+deb12u1
2024-10-07 04:01:40 status installed libwebp-dev:amd64 1.2.4-0.2+deb12u1
2024-10-07 04:01:40 configure libfreetype6:amd64 2.12.1+dfsg-5+deb12u3 <none>
2024-10-07 04:01:40 status unpacked libfreetype6:amd64 2.12.1+dfsg-5+deb12u3
2024-10-07 04:01:40 status half-configured libfreetype6:amd64 2.12.1+dfsg-5+deb12u3
2024-10-07 04:01:40 status installed libfreetype6:amd64 2.12.1+dfsg-5+deb12u3
2024-10-07 04:01:40 configure libgcc-12-dev:amd64 12.2.0-14 <none>
2024-10-07 04:01:40 status unpacked libgcc-12-dev:amd64 12.2.0-14
2024-10-07 04:01:40 status half-configured libgcc-12-dev:amd64 12.2.0-14
2024-10-07 04:01:40 status installed libgcc-12-dev:amd64 12.2.0-14
2024-10-07 04:01:40 configure shared-mime-info:amd64 2.2-1 <none>
2024-10-07 04:01:40 status unpacked shared-mime-info:amd64 2.2-1
2024-10-07 04:01:40 status half-configured shared-mime-info:amd64 2.2-1
2024-10-07 04:01:44 status installed shared-mime-info:amd64 2.2-1
2024-10-07 04:01:44 configure libgssapi-krb5-2:amd64 1.20.1-2+deb12u2 <none>
2024-10-07 04:01:44 status unpacked libgssapi-krb5-2:amd64 1.20.1-2+deb12u2
2024-10-07 04:01:44 status half-configured libgssapi-krb5-2:amd64 1.20.1-2+deb12u2
2024-10-07 04:01:44 status installed libgssapi-krb5-2:amd64 1.20.1-2+deb12u2
2024-10-07 04:01:44 configure pkg-config:amd64 1.8.1-1 <none>
2024-10-07 04:01:44 status unpacked pkg-config:amd64 1.8.1-1
2024-10-07 04:01:44 status half-configured pkg-config:amd64 1.8.1-1
2024-10-07 04:01:44 status installed pkg-config:amd64 1.8.1-1
2024-10-07 04:01:44 configure libgdbm-compat4:amd64 1.23-3 <none>
2024-10-07 04:01:44 status unpacked libgdbm-compat4:amd64 1.23-3
2024-10-07 04:01:44 status half-configured libgdbm-compat4:amd64 1.23-3
2024-10-07 04:01:44 status installed libgdbm-compat4:amd64 1.23-3
2024-10-07 04:01:44 configure libbabeltrace1:amd64 1.5.11-1+b2 <none>
2024-10-07 04:01:44 status unpacked libbabeltrace1:amd64 1.5.11-1+b2
2024-10-07 04:01:44 status half-configured libbabeltrace1:amd64 1.5.11-1+b2
2024-10-07 04:01:44 status installed libbabeltrace1:amd64 1.5.11-1+b2
2024-10-07 04:01:44 configure libjs-sphinxdoc:all 5.3.0-4 <none>
2024-10-07 04:01:44 status unpacked libjs-sphinxdoc:all 5.3.0-4
2024-10-07 04:01:44 status half-configured libjs-sphinxdoc:all 5.3.0-4
2024-10-07 04:01:44 status installed libjs-sphinxdoc:all 5.3.0-4
2024-10-07 04:01:44 configure libx265-199:amd64 3.5-2+b1 <none>
2024-10-07 04:01:44 status unpacked libx265-199:amd64 3.5-2+b1
2024-10-07 04:01:44 status half-configured libx265-199:amd64 3.5-2+b1
2024-10-07 04:01:44 status installed libx265-199:amd64 3.5-2+b1
2024-10-07 04:01:44 configure cpp:amd64 4:12.2.0-3 <none>
2024-10-07 04:01:44 status unpacked cpp:amd64 4:12.2.0-3
2024-10-07 04:01:44 status half-configured cpp:amd64 4:12.2.0-3
2024-10-07 04:01:45 status installed cpp:amd64 4:12.2.0-3
2024-10-07 04:01:45 configure gpgconf:amd64 2.2.40-1.1 <none>
2024-10-07 04:01:45 status unpacked gpgconf:amd64 2.2.40-1.1
2024-10-07 04:01:45 status half-configured gpgconf:amd64 2.2.40-1.1
2024-10-07 04:01:45 status installed gpgconf:amd64 2.2.40-1.1
2024-10-07 04:01:45 configure libx11-6:amd64 2:1.8.4-2+deb12u2 <none>
2024-10-07 04:01:45 status unpacked libx11-6:amd64 2:1.8.4-2+deb12u2
2024-10-07 04:01:45 status half-configured libx11-6:amd64 2:1.8.4-2+deb12u2
2024-10-07 04:01:45 status installed libx11-6:amd64 2:1.8.4-2+deb12u2
2024-10-07 04:01:45 configure libfontconfig1:amd64 2.14.1-4 <none>
2024-10-07 04:01:45 status unpacked libfontconfig1:amd64 2.14.1-4
2024-10-07 04:01:45 status half-configured libfontconfig1:amd64 2.14.1-4
2024-10-07 04:01:45 status installed libfontconfig1:amd64 2.14.1-4
2024-10-07 04:01:45 configure libperl5.36:amd64 5.36.0-7+deb12u1 <none>
2024-10-07 04:01:45 status unpacked libperl5.36:amd64 5.36.0-7+deb12u1
2024-10-07 04:01:45 status half-configured libperl5.36:amd64 5.36.0-7+deb12u1
2024-10-07 04:01:45 status installed libperl5.36:amd64 5.36.0-7+deb12u1
2024-10-07 04:01:45 configure gpg:amd64 2.2.40-1.1 <none>
2024-10-07 04:01:45 status unpacked gpg:amd64 2.2.40-1.1
2024-10-07 04:01:45 status half-configured gpg:amd64 2.2.40-1.1
2024-10-07 04:01:45 status installed gpg:amd64 2.2.40-1.1
2024-10-07 04:01:45 configure gnupg-utils:amd64 2.2.40-1.1 <none>
2024-10-07 04:01:45 status unpacked gnupg-utils:amd64 2.2.40-1.1
2024-10-07 04:01:45 status half-configured gnupg-utils:amd64 2.2.40-1.1
2024-10-07 04:01:45 status installed gnupg-utils:amd64 2.2.40-1.1
2024-10-07 04:01:45 configure binutils-x86-64-linux-gnu:amd64 2.40-2 <none>
2024-10-07 04:01:45 status unpacked binutils-x86-64-linux-gnu:amd64 2.40-2
2024-10-07 04:01:45 status half-configured binutils-x86-64-linux-gnu:amd64 2.40-2
2024-10-07 04:01:45 status installed binutils-x86-64-linux-gnu:amd64 2.40-2
2024-10-07 04:01:45 configure libtirpc3:amd64 1.3.3+ds-1 <none>
2024-10-07 04:01:45 status unpacked libtirpc3:amd64 1.3.3+ds-1
2024-10-07 04:01:45 status half-configured libtirpc3:amd64 1.3.3+ds-1
2024-10-07 04:01:45 status installed libtirpc3:amd64 1.3.3+ds-1
2024-10-07 04:01:45 configure gpg-agent:amd64 2.2.40-1.1 <none>
2024-10-07 04:01:45 status unpacked gpg-agent:amd64 2.2.40-1.1
2024-10-07 04:01:45 status half-configured gpg-agent:amd64 2.2.40-1.1
2024-10-07 04:01:52 status installed gpg-agent:amd64 2.2.40-1.1
2024-10-07 04:01:52 configure libxpm4:amd64 1:3.5.12-1.1+deb12u1 <none>
2024-10-07 04:01:52 status unpacked libxpm4:amd64 1:3.5.12-1.1+deb12u1
2024-10-07 04:01:52 status half-configured libxpm4:amd64 1:3.5.12-1.1+deb12u1
2024-10-07 04:01:52 status installed libxpm4:amd64 1:3.5.12-1.1+deb12u1
2024-10-07 04:01:52 configure python3-pip-whl:all 23.0.1+dfsg-1 <none>
2024-10-07 04:01:52 status unpacked python3-pip-whl:all 23.0.1+dfsg-1
2024-10-07 04:01:52 status half-configured python3-pip-whl:all 23.0.1+dfsg-1
2024-10-07 04:01:52 status installed python3-pip-whl:all 23.0.1+dfsg-1
2024-10-07 04:01:52 configure gpgsm:amd64 2.2.40-1.1 <none>
2024-10-07 04:01:52 status unpacked gpgsm:amd64 2.2.40-1.1
2024-10-07 04:01:52 status half-configured gpgsm:amd64 2.2.40-1.1
2024-10-07 04:01:52 status installed gpgsm:amd64 2.2.40-1.1
2024-10-07 04:01:52 configure libheif1:amd64 1.15.1-1 <none>
2024-10-07 04:01:52 status unpacked libheif1:amd64 1.15.1-1
2024-10-07 04:01:52 status half-configured libheif1:amd64 1.15.1-1
2024-10-07 04:01:52 status installed libheif1:amd64 1.15.1-1
2024-10-07 04:01:52 configure binutils:amd64 2.40-2 <none>
2024-10-07 04:01:52 status unpacked binutils:amd64 2.40-2
2024-10-07 04:01:52 status half-configured binutils:amd64 2.40-2
2024-10-07 04:01:52 status installed binutils:amd64 2.40-2
2024-10-07 04:01:52 configure dirmngr:amd64 2.2.40-1.1 <none>
2024-10-07 04:01:52 status unpacked dirmngr:amd64 2.2.40-1.1
2024-10-07 04:01:52 status half-configured dirmngr:amd64 2.2.40-1.1
2024-10-07 04:01:54 status installed dirmngr:amd64 2.2.40-1.1
2024-10-07 04:01:54 configure perl:amd64 5.36.0-7+deb12u1 <none>
2024-10-07 04:01:54 status unpacked perl:amd64 5.36.0-7+deb12u1
2024-10-07 04:01:54 status half-configured perl:amd64 5.36.0-7+deb12u1
2024-10-07 04:01:54 status installed perl:amd64 5.36.0-7+deb12u1
2024-10-07 04:01:54 configure libtirpc-dev:amd64 1.3.3+ds-1 <none>
2024-10-07 04:01:54 status unpacked libtirpc-dev:amd64 1.3.3+ds-1
2024-10-07 04:01:54 status half-configured libtirpc-dev:amd64 1.3.3+ds-1
2024-10-07 04:01:54 status installed libtirpc-dev:amd64 1.3.3+ds-1
2024-10-07 04:01:54 configure gcc-12:amd64 12.2.0-14 <none>
2024-10-07 04:01:54 status unpacked gcc-12:amd64 12.2.0-14
2024-10-07 04:01:54 status half-configured gcc-12:amd64 12.2.0-14
2024-10-07 04:01:54 status installed gcc-12:amd64 12.2.0-14
2024-10-07 04:01:54 configure libgd3:amd64 2.3.3-9 <none>
2024-10-07 04:01:54 status unpacked libgd3:amd64 2.3.3-9
2024-10-07 04:01:54 status half-configured libgd3:amd64 2.3.3-9
2024-10-07 04:01:54 status installed libgd3:amd64 2.3.3-9
2024-10-07 04:01:54 configure libdpkg-perl:all 1.21.22 <none>
2024-10-07 04:01:54 status unpacked libdpkg-perl:all 1.21.22
2024-10-07 04:01:54 status half-configured libdpkg-perl:all 1.21.22
2024-10-07 04:01:54 status installed libdpkg-perl:all 1.21.22
2024-10-07 04:01:54 configure gpg-wks-server:amd64 2.2.40-1.1 <none>
2024-10-07 04:01:54 status unpacked gpg-wks-server:amd64 2.2.40-1.1
2024-10-07 04:01:54 status half-configured gpg-wks-server:amd64 2.2.40-1.1
2024-10-07 04:01:54 status installed gpg-wks-server:amd64 2.2.40-1.1
2024-10-07 04:01:54 configure libnsl2:amd64 1.3.0-2 <none>
2024-10-07 04:01:54 status unpacked libnsl2:amd64 1.3.0-2
2024-10-07 04:01:54 status half-configured libnsl2:amd64 1.3.0-2
2024-10-07 04:01:54 status installed libnsl2:amd64 1.3.0-2
2024-10-07 04:01:54 configure libc-devtools:amd64 2.36-9+deb12u8 <none>
2024-10-07 04:01:54 status unpacked libc-devtools:amd64 2.36-9+deb12u8
2024-10-07 04:01:54 status half-configured libc-devtools:amd64 2.36-9+deb12u8
2024-10-07 04:01:54 status installed libc-devtools:amd64 2.36-9+deb12u8
2024-10-07 04:01:54 configure gpg-wks-client:amd64 2.2.40-1.1 <none>
2024-10-07 04:01:54 status unpacked gpg-wks-client:amd64 2.2.40-1.1
2024-10-07 04:01:54 status half-configured gpg-wks-client:amd64 2.2.40-1.1
2024-10-07 04:01:54 status installed gpg-wks-client:amd64 2.2.40-1.1
2024-10-07 04:01:55 configure libfile-fcntllock-perl:amd64 0.22-4+b1 <none>
2024-10-07 04:01:55 status unpacked libfile-fcntllock-perl:amd64 0.22-4+b1
2024-10-07 04:01:55 status half-configured libfile-fcntllock-perl:amd64 0.22-4+b1
2024-10-07 04:01:55 status installed libfile-fcntllock-perl:amd64 0.22-4+b1
2024-10-07 04:01:55 configure libalgorithm-diff-perl:all 1.201-1 <none>
2024-10-07 04:01:55 status unpacked libalgorithm-diff-perl:all 1.201-1
2024-10-07 04:01:55 status half-configured libalgorithm-diff-perl:all 1.201-1
2024-10-07 04:01:55 status installed libalgorithm-diff-perl:all 1.201-1
2024-10-07 04:01:55 configure libpython3.11-stdlib:amd64 3.11.2-6+deb12u3 <none>
2024-10-07 04:01:55 status unpacked libpython3.11-stdlib:amd64 3.11.2-6+deb12u3
2024-10-07 04:01:55 status half-configured libpython3.11-stdlib:amd64 3.11.2-6+deb12u3
2024-10-07 04:01:55 status installed libpython3.11-stdlib:amd64 3.11.2-6+deb12u3
2024-10-07 04:01:55 configure gcc:amd64 4:12.2.0-3 <none>
2024-10-07 04:01:55 status unpacked gcc:amd64 4:12.2.0-3
2024-10-07 04:01:55 status half-configured gcc:amd64 4:12.2.0-3
2024-10-07 04:01:55 status installed gcc:amd64 4:12.2.0-3
2024-10-07 04:01:55 configure dpkg-dev:all 1.21.22 <none>
2024-10-07 04:01:55 status unpacked dpkg-dev:all 1.21.22
2024-10-07 04:01:55 status half-configured dpkg-dev:all 1.21.22
2024-10-07 04:01:55 status installed dpkg-dev:all 1.21.22
2024-10-07 04:01:55 configure libnsl-dev:amd64 1.3.0-2 <none>
2024-10-07 04:01:55 status unpacked libnsl-dev:amd64 1.3.0-2
2024-10-07 04:01:55 status half-configured libnsl-dev:amd64 1.3.0-2
2024-10-07 04:01:55 status installed libnsl-dev:amd64 1.3.0-2
2024-10-07 04:01:55 configure gnupg:all 2.2.40-1.1 <none>
2024-10-07 04:01:55 status unpacked gnupg:all 2.2.40-1.1
2024-10-07 04:01:55 status half-configured gnupg:all 2.2.40-1.1
2024-10-07 04:01:55 status installed gnupg:all 2.2.40-1.1
2024-10-07 04:01:55 configure libc6-dev:amd64 2.36-9+deb12u8 <none>
2024-10-07 04:01:55 status unpacked libc6-dev:amd64 2.36-9+deb12u8
2024-10-07 04:01:55 status half-configured libc6-dev:amd64 2.36-9+deb12u8
2024-10-07 04:01:55 status installed libc6-dev:amd64 2.36-9+deb12u8
2024-10-07 04:01:55 configure libalgorithm-diff-xs-perl:amd64 0.04-8+b1 <none>
2024-10-07 04:01:55 status unpacked libalgorithm-diff-xs-perl:amd64 0.04-8+b1
2024-10-07 04:01:55 status half-configured libalgorithm-diff-xs-perl:amd64 0.04-8+b1
2024-10-07 04:01:55 status installed libalgorithm-diff-xs-perl:amd64 0.04-8+b1
2024-10-07 04:01:55 configure libpython3-stdlib:amd64 3.11.2-1+b1 <none>
2024-10-07 04:01:55 status unpacked libpython3-stdlib:amd64 3.11.2-1+b1
2024-10-07 04:01:55 status half-configured libpython3-stdlib:amd64 3.11.2-1+b1
2024-10-07 04:01:55 status installed libpython3-stdlib:amd64 3.11.2-1+b1
2024-10-07 04:01:55 configure libalgorithm-merge-perl:all 0.08-5 <none>
2024-10-07 04:01:55 status unpacked libalgorithm-merge-perl:all 0.08-5
2024-10-07 04:01:55 status half-configured libalgorithm-merge-perl:all 0.08-5
2024-10-07 04:01:55 status installed libalgorithm-merge-perl:all 0.08-5
2024-10-07 04:01:55 configure python3.11:amd64 3.11.2-6+deb12u3 <none>
2024-10-07 04:01:55 status unpacked python3.11:amd64 3.11.2-6+deb12u3
2024-10-07 04:01:55 status half-configured python3.11:amd64 3.11.2-6+deb12u3
2024-10-07 04:02:01 status installed python3.11:amd64 3.11.2-6+deb12u3
2024-10-07 04:02:01 configure libpython3.11:amd64 3.11.2-6+deb12u3 <none>
2024-10-07 04:02:01 status unpacked libpython3.11:amd64 3.11.2-6+deb12u3
2024-10-07 04:02:01 status half-configured libpython3.11:amd64 3.11.2-6+deb12u3
2024-10-07 04:02:01 status installed libpython3.11:amd64 3.11.2-6+deb12u3
2024-10-07 04:02:01 configure libstdc++-12-dev:amd64 12.2.0-14 <none>
2024-10-07 04:02:01 status unpacked libstdc++-12-dev:amd64 12.2.0-14
2024-10-07 04:02:01 status half-configured libstdc++-12-dev:amd64 12.2.0-14
2024-10-07 04:02:01 status installed libstdc++-12-dev:amd64 12.2.0-14
2024-10-07 04:02:01 configure python3:amd64 3.11.2-1+b1 <none>
2024-10-07 04:02:01 status unpacked python3:amd64 3.11.2-1+b1
2024-10-07 04:02:01 status half-configured python3:amd64 3.11.2-1+b1
2024-10-07 04:02:04 status installed python3:amd64 3.11.2-1+b1
2024-10-07 04:02:04 configure linux-perf:amd64 6.1.112-1 <none>
2024-10-07 04:02:04 status unpacked linux-perf:amd64 6.1.112-1
2024-10-07 04:02:04 status half-configured linux-perf:amd64 6.1.112-1
2024-10-07 04:02:05 status installed linux-perf:amd64 6.1.112-1
2024-10-07 04:02:05 configure libexpat1-dev:amd64 2.5.0-1+deb12u1 <none>
2024-10-07 04:02:05 status unpacked libexpat1-dev:amd64 2.5.0-1+deb12u1
2024-10-07 04:02:05 status half-configured libexpat1-dev:amd64 2.5.0-1+deb12u1
2024-10-07 04:02:05 status installed libexpat1-dev:amd64 2.5.0-1+deb12u1
2024-10-07 04:02:05 configure libjpeg62-turbo-dev:amd64 1:2.1.5-2 <none>
2024-10-07 04:02:05 status unpacked libjpeg62-turbo-dev:amd64 1:2.1.5-2
2024-10-07 04:02:05 status half-configured libjpeg62-turbo-dev:amd64 1:2.1.5-2
2024-10-07 04:02:05 status installed libjpeg62-turbo-dev:amd64 1:2.1.5-2
2024-10-07 04:02:05 configure zlib1g-dev:amd64 1:1.2.13.dfsg-1 <none>
2024-10-07 04:02:05 status unpacked zlib1g-dev:amd64 1:1.2.13.dfsg-1
2024-10-07 04:02:05 status half-configured zlib1g-dev:amd64 1:1.2.13.dfsg-1
2024-10-07 04:02:05 status installed zlib1g-dev:amd64 1:1.2.13.dfsg-1
2024-10-07 04:02:05 configure python3-lib2to3:all 3.11.2-3 <none>
2024-10-07 04:02:05 status unpacked python3-lib2to3:all 3.11.2-3
2024-10-07 04:02:05 status half-configured python3-lib2to3:all 3.11.2-3
2024-10-07 04:02:06 status installed python3-lib2to3:all 3.11.2-3
2024-10-07 04:02:06 configure g++-12:amd64 12.2.0-14 <none>
2024-10-07 04:02:06 status unpacked g++-12:amd64 12.2.0-14
2024-10-07 04:02:06 status half-configured g++-12:amd64 12.2.0-14
2024-10-07 04:02:06 status installed g++-12:amd64 12.2.0-14
2024-10-07 04:02:06 configure python3-pkg-resources:all 66.1.1-1 <none>
2024-10-07 04:02:06 status unpacked python3-pkg-resources:all 66.1.1-1
2024-10-07 04:02:06 status half-configured python3-pkg-resources:all 66.1.1-1
2024-10-07 04:02:08 status installed python3-pkg-resources:all 66.1.1-1
2024-10-07 04:02:08 configure python3-distutils:all 3.11.2-3 <none>
2024-10-07 04:02:08 status unpacked python3-distutils:all 3.11.2-3
2024-10-07 04:02:08 status half-configured python3-distutils:all 3.11.2-3
2024-10-07 04:02:10 status installed python3-distutils:all 3.11.2-3
2024-10-07 04:02:10 configure python3-setuptools:all 66.1.1-1 <none>
2024-10-07 04:02:10 status unpacked python3-setuptools:all 66.1.1-1
2024-10-07 04:02:10 status half-configured python3-setuptools:all 66.1.1-1
2024-10-07 04:02:14 status installed python3-setuptools:all 66.1.1-1
2024-10-07 04:02:14 configure libpng-dev:amd64 1.6.39-2 <none>
2024-10-07 04:02:14 status unpacked libpng-dev:amd64 1.6.39-2
2024-10-07 04:02:14 status half-configured libpng-dev:amd64 1.6.39-2
2024-10-07 04:02:14 status installed libpng-dev:amd64 1.6.39-2
2024-10-07 04:02:14 configure libjpeg-dev:amd64 1:2.1.5-2 <none>
2024-10-07 04:02:14 status unpacked libjpeg-dev:amd64 1:2.1.5-2
2024-10-07 04:02:14 status half-configured libjpeg-dev:amd64 1:2.1.5-2
2024-10-07 04:02:14 status installed libjpeg-dev:amd64 1:2.1.5-2
2024-10-07 04:02:14 configure python3-wheel:all 0.38.4-2 <none>
2024-10-07 04:02:14 status unpacked python3-wheel:all 0.38.4-2
2024-10-07 04:02:14 status half-configured python3-wheel:all 0.38.4-2
2024-10-07 04:02:15 status installed python3-wheel:all 0.38.4-2
2024-10-07 04:02:15 configure libfreetype-dev:amd64 2.12.1+dfsg-5+deb12u3 <none>
2024-10-07 04:02:15 status unpacked libfreetype-dev:amd64 2.12.1+dfsg-5+deb12u3
2024-10-07 04:02:15 status half-configured libfreetype-dev:amd64 2.12.1+dfsg-5+deb12u3
2024-10-07 04:02:15 status installed libfreetype-dev:amd64 2.12.1+dfsg-5+deb12u3
2024-10-07 04:02:15 configure python3.11-venv:amd64 3.11.2-6+deb12u3 <none>
2024-10-07 04:02:15 status unpacked python3.11-venv:amd64 3.11.2-6+deb12u3
2024-10-07 04:02:15 status half-configured python3.11-venv:amd64 3.11.2-6+deb12u3
2024-10-07 04:02:15 status installed python3.11-venv:amd64 3.11.2-6+deb12u3
2024-10-07 04:02:15 configure libtiff-dev:amd64 4.5.0-6+deb12u1 <none>
2024-10-07 04:02:15 status unpacked libtiff-dev:amd64 4.5.0-6+deb12u1
2024-10-07 04:02:15 status half-configured libtiff-dev:amd64 4.5.0-6+deb12u1
2024-10-07 04:02:15 status installed libtiff-dev:amd64 4.5.0-6+deb12u1
2024-10-07 04:02:15 configure libpython3.11-dev:amd64 3.11.2-6+deb12u3 <none>
2024-10-07 04:02:15 status unpacked libpython3.11-dev:amd64 3.11.2-6+deb12u3
2024-10-07 04:02:15 status half-configured libpython3.11-dev:amd64 3.11.2-6+deb12u3
2024-10-07 04:02:15 status installed libpython3.11-dev:amd64 3.11.2-6+deb12u3
2024-10-07 04:02:15 configure python3-pip:all 23.0.1+dfsg-1 <none>
2024-10-07 04:02:15 status unpacked python3-pip:all 23.0.1+dfsg-1
2024-10-07 04:02:15 status half-configured python3-pip:all 23.0.1+dfsg-1
2024-10-07 04:02:24 status installed python3-pip:all 23.0.1+dfsg-1
2024-10-07 04:02:24 configure g++:amd64 4:12.2.0-3 <none>
2024-10-07 04:02:24 status unpacked g++:amd64 4:12.2.0-3
2024-10-07 04:02:24 status half-configured g++:amd64 4:12.2.0-3
2024-10-07 04:02:24 status installed g++:amd64 4:12.2.0-3
2024-10-07 04:02:24 configure build-essential:amd64 12.9 <none>
2024-10-07 04:02:24 status unpacked build-essential:amd64 12.9
2024-10-07 04:02:24 status half-configured build-essential:amd64 12.9
2024-10-07 04:02:24 status installed build-essential:amd64 12.9
2024-10-07 04:02:24 configure libpython3-dev:amd64 3.11.2-1+b1 <none>
2024-10-07 04:02:24 status unpacked libpython3-dev:amd64 3.11.2-1+b1
2024-10-07 04:02:24 status half-configured libpython3-dev:amd64 3.11.2-1+b1
2024-10-07 04:02:24 status installed libpython3-dev:amd64 3.11.2-1+b1
2024-10-07 04:02:24 configure python3.11-dev:amd64 3.11.2-6+deb12u3 <none>
2024-10-07 04:02:24 status unpacked python3.11-dev:amd64 3.11.2-6+deb12u3
2024-10-07 04:02:24 status half-configured python3.11-dev:amd64 3.11.2-6+deb12u3
2024-10-07 04:02:24 status installed python3.11-dev:amd64 3.11.2-6+deb12u3
2024-10-07 04:02:24 configure libtiff5-dev:amd64 4.5.0-6+deb12u1 <none>
2024-10-07 04:02:24 status unpacked libtiff5-dev:amd64 4.5.0-6+deb12u1
2024-10-07 04:02:24 status half-configured libtiff5-dev:amd64 4.5.0-6+deb12u1
2024-10-07 04:02:24 status installed libtiff5-dev:amd64 4.5.0-6+deb12u1
2024-10-07 04:02:24 configure libfreetype6-dev:amd64 2.12.1+dfsg-5+deb12u3 <none>
2024-10-07 04:02:24 status unpacked libfreetype6-dev:amd64 2.12.1+dfsg-5+deb12u3
2024-10-07 04:02:24 status half-configured libfreetype6-dev:amd64 2.12.1+dfsg-5+deb12u3
2024-10-07 04:02:24 status installed libfreetype6-dev:amd64 2.12.1+dfsg-5+deb12u3
2024-10-07 04:02:24 configure python3-venv:amd64 3.11.2-1+b1 <none>
2024-10-07 04:02:24 status unpacked python3-venv:amd64 3.11.2-1+b1
2024-10-07 04:02:24 status half-configured python3-venv:amd64 3.11.2-1+b1
2024-10-07 04:02:24 status installed python3-venv:amd64 3.11.2-1+b1
2024-10-07 04:02:24 configure python3-dev:amd64 3.11.2-1+b1 <none>
2024-10-07 04:02:24 status unpacked python3-dev:amd64 3.11.2-1+b1
2024-10-07 04:02:24 status half-configured python3-dev:amd64 3.11.2-1+b1
2024-10-07 04:02:24 status installed python3-dev:amd64 3.11.2-1+b1
2024-10-07 04:02:24 trigproc libc-bin:amd64 2.36-9+deb12u8 <none>
2024-10-07 04:02:24 status half-configured libc-bin:amd64 2.36-9+deb12u8
2024-10-07 04:02:24 status installed libc-bin:amd64 2.36-9+deb12u8
2024-10-07 04:02:25 trigproc ca-certificates:all 20230311 <none>
2024-10-07 04:02:25 status half-configured ca-certificates:all 20230311
2024-10-07 04:02:41 status installed ca-certificates:all 20230311
