{"log":"Spawning 12 processes to stress the CPU\n","stream":"stdout","time":"2024-09-09T04:54:34.52109519Z"}
{"log":"Host CPU Usage per core: [2.0, 100.0, 100.0, 0.0, 0.0, 0.0, 0.0, 0.0, 0.0, 1.0, 0.0, 0.0]%\n","stream":"stdout","time":"2024-09-09T04:55:34.81876252Z"}
{"log":"Host CPU Usage per core: [1.0, 100.0, 100.0, 0.0, 0.0, 0.0, 0.0, 0.0, 0.0, 0.0, 0.0, 0.0]%\n","stream":"stdout","time":"2024-09-09T04:55:34.81913209Z"}
{"log":"Host CPU Usage per core: [1.0, 100.0, 100.0, 0.0, 0.0, 0.0, 0.0, 0.0, 0.0, 0.0, 0.0, 0.0]%\n","stream":"stdout","time":"2024-09-09T04:55:34.81924589Z"}
{"log":"Host CPU Usage per core: [2.0, 100.0, 100.0, 0.0, 0.0, 0.0, 0.0, 0.0, 0.0, 0.0, 0.0, 0.0]%\n","stream":"stdout","time":"2024-09-09T04:55:34.8193103Z"}
{"log":"Host CPU Usage per core: [1.0, 100.0, 100.0, 0.0, 0.0, 0.0, 0.0, 0.0, 0.0, 0.0, 0.0, 0.0]%\n","stream":"stdout","time":"2024-09-09T04:55:34.81936164Z"}
{"log":"Host CPU Usage per core: [1.0, 100.0, 100.0, 0.0, 0.0, 0.0, 0.0, 0.0, 0.0, 0.0, 0.0, 0.0]%\n","stream":"stdout","time":"2024-09-09T04:55:34.81969006Z"}
{"log":"Host CPU Usage per core: [3.0, 100.0, 100.0, 0.0, 0.0, 0.0, 0.0, 0.0, 0.0, 0.0, 0.0, 0.0]%\n","stream":"stdout","time":"2024-09-09T04:55:34.81978034Z"}
{"log":"Host CPU Usage per core: [2.0, 100.0, 100.0, 0.0, 0.0, 0.0, 0.0, 0.0, 0.0, 0.0, 0.0, 0.0]%\n","stream":"stdout","time":"2024-09-09T04:55:34.81985476Z"}
{"log":"Host CPU Usage per core: [2.0, 100.0, 100.0, 0.0, 0.0, 0.0, 0.0, 0.0, 0.0, 0.0, 0.0, 0.0]%\n","stream":"stdout","time":"2024-09-09T04:55:34.81992245Z"}
{"log":"Host CPU Usage per core: [1.0, 100.0, 100.0, 0.0, 0.0, 0.0, 0.0, 0.0, 0.0, 0.0, 0.0, 0.0]%\n","stream":"stdout","time":"2024-09-09T04:55:34.81998064Z"}
{"log":"Host CPU Usage per core: [3.0, 100.0, 100.0, 0.0, 0.0, 3.0, 1.0, 4.0, 0.0, 0.0, 5.0, 2.0]%\n","stream":"stdout","time":"2024-09-09T04:55:34.8200309Z"}
{"log":"Host CPU Usage per core: [2.0, 100.0, 100.0, 0.0, 0.0, 2.0, 0.0, 3.0, 3.0, 0.0, 2.0, 2.0]%\n","stream":"stdout","time":"2024-09-09T04:55:34.82008499Z"}
{"log":"Host CPU Usage per core: [2.0, 100.0, 100.0, 0.0, 0.0, 0.0, 0.0, 0.0, 0.0, 0.0, 0.0, 0.0]%\n","stream":"stdout","time":"2024-09-09T04:55:34.82014238Z"}
{"log":"Host CPU Usage per core: [1.0, 100.0, 100.0, 0.0, 0.0, 0.0, 0.0, 0.0, 0.0, 0.0, 0.0, 0.0]%\n","stream":"stdout","time":"2024-09-09T04:55:34.82019689Z"}
{"log":"Host CPU Usage per core: [2.9, 100.0, 100.0, 1.0, 1.0, 0.0, 0.0, 1.0, 0.0, 0.0, 1.0, 0.0]%\n","stream":"stdout","time":"2024-09-09T04:55:34.8202469Z"}
{"log":"Host CPU Usage per core: [1.0, 100.0, 100.0, 0.0, 0.0, 0.0, 0.0, 0.0, 0.0, 0.0, 0.0, 0.0]%\n","stream":"stdout","time":"2024-09-09T04:55:34.82029811Z"}
{"log":"Host CPU Usage per core: [1.0, 100.0, 100.0, 0.0, 1.0, 0.0, 0.0, 0.0, 0.0, 0.0, 0.0, 0.0]%\n","stream":"stdout","time":"2024-09-09T04:55:34.8203469Z"}
{"log":"Host CPU Usage per core: [1.0, 100.0, 100.0, 0.0, 0.0, 0.0, 0.0, 0.0, 0.0, 0.0, 0.0, 0.0]%\n","stream":"stdout","time":"2024-09-09T04:55:34.82057031Z"}
{"log":"Host CPU Usage per core: [1.0, 100.0, 100.0, 0.0, 0.0, 0.0, 0.0, 0.0, 0.0, 0.0, 0.0, 0.0]%\n","stream":"stdout","time":"2024-09-09T04:55:34.82065268Z"}
{"log":"Host CPU Usage per core: [2.0, 100.0, 100.0, 1.0, 0.0, 0.0, 0.0, 0.0, 0.0, 0.0, 0.0, 0.0]%\n","stream":"stdout","time":"2024-09-09T04:55:34.82070888Z"}
{"log":"Host CPU Usage per core: [2.0, 100.0, 100.0, 0.0, 0.0, 0.0, 0.0, 0.0, 0.0, 0.0, 0.0, 0.0]%\n","stream":"stdout","time":"2024-09-09T04:55:34.82077246Z"}
{"log":"Host CPU Usage per core: [1.0, 100.0, 100.0, 0.0, 0.0, 0.0, 0.0, 0.0, 0.0, 0.0, 0.0, 0.0]%\n","stream":"stdout","time":"2024-09-09T04:55:34.82082653Z"}
{"log":"Host CPU Usage per core: [0.0, 100.0, 100.0, 0.0, 0.0, 0.0, 0.0, 0.0, 0.0, 0.0, 0.0, 0.0]%\n","stream":"stdout","time":"2024-09-09T04:55:34.82090923Z"}
{"log":"Host CPU Usage per core: [0.0, 100.0, 100.0, 0.0, 0.0, 0.0, 0.0, 0.0, 0.0, 0.0, 0.0, 0.0]%\n","stream":"stdout","time":"2024-09-09T04:55:34.82096242Z"}
{"log":"Host CPU Usage per core: [0.0, 100.0, 100.0, 0.0, 0.0, 0.0, 0.0, 0.0, 0.0, 0.0, 0.0, 0.0]%\n","stream":"stdout","time":"2024-09-09T04:55:34.82101179Z"}
{"log":"Host CPU Usage per core: [1.0, 100.0, 100.0, 0.0, 0.0, 0.0, 0.0, 0.0, 0.0, 0.0, 0.0, 0.0]%\n","stream":"stdout","time":"2024-09-09T04:55:34.82117533Z"}
{"log":"Host CPU Usage per core: [1.0, 100.0, 100.0, 0.0, 0.0, 0.0, 0.0, 0.0, 0.0, 1.0, 0.0, 0.0]%\n","stream":"stdout","time":"2024-09-09T04:55:34.82123666Z"}
{"log":"Host CPU Usage per core: [2.0, 100.0, 100.0, 0.0, 1.0, 1.0, 0.0, 0.0, 0.0, 1.0, 0.0, 0.0]%\n","stream":"stdout","time":"2024-09-09T04:55:34.82128589Z"}
{"log":"Host CPU Usage per core: [2.0, 100.0, 100.0, 0.0, 0.0, 0.0, 0.0, 0.0, 0.0, 0.0, 0.0, 0.0]%\n","stream":"stdout","time":"2024-09-09T04:55:34.82133359Z"}
{"log":"Host CPU Usage per core: [1.0, 100.0, 100.0, 0.0, 0.0, 0.0, 0.0, 0.0, 0.0, 0.0, 0.0, 0.0]%\n","stream":"stdout","time":"2024-09-09T04:55:34.8215329Z"}
{"log":"Host CPU Usage per core: [1.0, 100.0, 100.0, 0.0, 0.0, 0.0, 0.0, 0.0, 0.0, 0.0, 0.0, 0.0]%\n","stream":"stdout","time":"2024-09-09T04:55:34.8216288Z"}
{"log":"Host CPU Usage per core: [1.0, 100.0, 100.0, 1.0, 0.0, 0.0, 0.0, 0.0, 0.0, 0.0, 0.0, 0.0]%\n","stream":"stdout","time":"2024-09-09T04:55:34.82168184Z"}
{"log":"Host CPU Usage per core: [1.0, 100.0, 100.0, 0.0, 0.0, 0.0, 0.0, 0.0, 0.0, 0.0, 0.0, 0.0]%\n","stream":"stdout","time":"2024-09-09T04:55:34.82172992Z"}
{"log":"Host CPU Usage per core: [1.0, 100.0, 100.0, 0.0, 0.0, 0.0, 0.0, 0.0, 0.0, 0.0, 0.0, 0.0]%\n","stream":"stdout","time":"2024-09-09T04:55:34.82177994Z"}
{"log":"Host CPU Usage per core: [1.0, 100.0, 100.0, 1.0, 0.0, 0.0, 0.0, 0.0, 0.0, 0.0, 0.0, 0.0]%\n","stream":"stdout","time":"2024-09-09T04:55:34.82182724Z"}
{"log":"Host CPU Usage per core: [1.0, 100.0, 100.0, 0.0, 0.0, 0.0, 0.0, 0.0, 0.0, 0.0, 0.0, 0.0]%\n","stream":"stdout","time":"2024-09-09T04:55:34.82188501Z"}
{"log":"Host CPU Usage per core: [2.0, 100.0, 100.0, 0.0, 0.0, 0.0, 0.0, 0.0, 0.0, 0.0, 0.0, 0.0]%\n","stream":"stdout","time":"2024-09-09T04:55:34.82193414Z"}
{"log":"Host CPU Usage per core: [2.0, 100.0, 100.0, 0.0, 0.0, 0.0, 0.0, 0.0, 0.0, 0.0, 0.0, 0.0]%\n","stream":"stdout","time":"2024-09-09T04:55:34.82198237Z"}
{"log":"Host CPU Usage per core: [1.0, 100.0, 100.0, 0.0, 0.0, 0.0, 0.0, 0.0, 0.0, 0.0, 0.0, 0.0]%\n","stream":"stdout","time":"2024-09-09T04:55:34.82204201Z"}
{"log":"Host CPU Usage per core: [2.0, 100.0, 100.0, 0.0, 0.0, 0.0, 0.0, 0.0, 0.0, 0.0, 0.0, 0.0]%\n","stream":"stdout","time":"2024-09-09T04:55:34.82208969Z"}
{"log":"Host CPU Usage per core: [2.0, 100.0, 100.0, 0.0, 0.0, 0.0, 0.0, 0.0, 0.0, 0.0, 0.0, 0.0]%\n","stream":"stdout","time":"2024-09-09T04:55:34.82214806Z"}
{"log":"Host CPU Usage per core: [2.0, 100.0, 100.0, 0.0, 0.0, 0.0, 0.0, 0.0, 0.0, 0.0, 0.0, 0.0]%\n","stream":"stdout","time":"2024-09-09T04:55:34.8221961Z"}
{"log":"Host CPU Usage per core: [1.0, 100.0, 100.0, 0.0, 0.0, 0.0, 0.0, 0.0, 0.0, 0.0, 0.0, 0.0]%\n","stream":"stdout","time":"2024-09-09T04:55:34.82224286Z"}
{"log":"Host CPU Usage per core: [2.0, 100.0, 100.0, 0.0, 0.0, 0.0, 0.0, 0.0, 0.0, 0.0, 0.0, 0.0]%\n","stream":"stdout","time":"2024-09-09T04:55:34.82229315Z"}
{"log":"Host CPU Usage per core: [1.0, 100.0, 100.0, 0.0, 0.0, 0.0, 0.0, 0.0, 0.0, 0.0, 0.0, 0.0]%\n","stream":"stdout","time":"2024-09-09T04:55:34.82234264Z"}
{"log":"Host CPU Usage per core: [2.0, 100.0, 100.0, 0.0, 0.0, 0.0, 0.0, 0.0, 0.0, 0.0, 0.0, 0.0]%\n","stream":"stdout","time":"2024-09-09T04:55:34.82249194Z"}
{"log":"Host CPU Usage per core: [2.0, 100.0, 100.0, 0.0, 0.0, 0.0, 0.0, 0.0, 0.0, 0.0, 0.0, 0.0]%\n","stream":"stdout","time":"2024-09-09T04:55:34.82256066Z"}
{"log":"Host CPU Usage per core: [1.0, 100.0, 100.0, 0.0, 0.0, 0.0, 0.0, 0.0, 0.0, 0.0, 0.0, 0.0]%\n","stream":"stdout","time":"2024-09-09T04:55:34.82262259Z"}
{"log":"Host CPU Usage per core: [2.0, 100.0, 100.0, 0.0, 0.0, 0.0, 0.0, 0.0, 0.0, 0.0, 0.0, 0.0]%\n","stream":"stdout","time":"2024-09-09T04:55:34.82267425Z"}
{"log":"Host CPU Usage per core: [2.0, 100.0, 100.0, 0.0, 0.0, 0.0, 0.0, 0.0, 0.0, 0.0, 0.0, 0.0]%\n","stream":"stdout","time":"2024-09-09T04:55:34.82273769Z"}
{"log":"Host CPU Usage per core: [2.0, 100.0, 100.0, 0.0, 0.0, 0.0, 0.0, 0.0, 0.0, 0.0, 0.0, 0.0]%\n","stream":"stdout","time":"2024-09-09T04:55:34.82278557Z"}
{"log":"Host CPU Usage per core: [1.0, 100.0, 100.0, 0.0, 0.0, 0.0, 0.0, 0.0, 0.0, 0.0, 0.0, 0.0]%\n","stream":"stdout","time":"2024-09-09T04:55:34.82291447Z"}
{"log":"Host CPU Usage per core: [1.0, 100.0, 100.0, 0.0, 0.0, 0.0, 0.0, 0.0, 0.0, 0.0, 0.0, 0.0]%\n","stream":"stdout","time":"2024-09-09T04:55:34.82297274Z"}
{"log":"Host CPU Usage per core: [2.0, 100.0, 100.0, 0.0, 0.0, 0.0, 0.0, 0.0, 0.0, 0.0, 0.0, 0.0]%\n","stream":"stdout","time":"2024-09-09T04:55:34.82302434Z"}
{"log":"Host CPU Usage per core: [2.0, 100.0, 100.0, 0.0, 0.0, 0.0, 0.0, 0.0, 0.0, 0.0, 0.0, 0.0]%\n","stream":"stdout","time":"2024-09-09T04:55:34.82307348Z"}
{"log":"Host CPU Usage per core: [2.0, 100.0, 100.0, 0.0, 0.0, 0.0, 0.0, 0.0, 0.0, 0.0, 0.0, 0.0]%\n","stream":"stdout","time":"2024-09-09T04:55:34.82312072Z"}
{"log":"Host CPU Usage per core: [1.0, 100.0, 100.0, 1.0, 0.0, 0.0, 0.0, 0.0, 0.0, 0.0, 0.0, 0.0]%\n","stream":"stdout","time":"2024-09-09T04:55:34.82316776Z"}
{"log":"Host CPU Usage per core: [2.0, 100.0, 100.0, 0.0, 1.0, 0.0, 0.0, 0.0, 0.0, 0.0, 0.0, 0.0]%\n","stream":"stdout","time":"2024-09-09T04:55:34.82322913Z"}
