2024-09-04 22:54:59 startup archives unpack
2024-09-04 22:54:59 install netbase:all <none> 6.4
2024-09-04 22:54:59 status half-installed netbase:all 6.4
2024-09-04 22:54:59 status unpacked netbase:all 6.4
2024-09-04 22:54:59 install readline-common:all <none> 8.2-1.3
2024-09-04 22:54:59 status half-installed readline-common:all 8.2-1.3
2024-09-04 22:54:59 status unpacked readline-common:all 8.2-1.3
2024-09-04 22:54:59 install libssl3:amd64 <none> 3.0.14-1~deb12u2
2024-09-04 22:54:59 status triggers-pending libc-bin:amd64 2.36-9+deb12u8
2024-09-04 22:54:59 status half-installed libssl3:amd64 3.0.14-1~deb12u2
2024-09-04 22:54:59 status unpacked libssl3:amd64 3.0.14-1~deb12u2
2024-09-04 22:55:00 install openssl:amd64 <none> 3.0.14-1~deb12u2
2024-09-04 22:55:00 status half-installed openssl:amd64 3.0.14-1~deb12u2
2024-09-04 22:55:00 status unpacked openssl:amd64 3.0.14-1~deb12u2
2024-09-04 22:55:00 install ca-certificates:all <none> 20230311
2024-09-04 22:55:00 status half-installed ca-certificates:all 20230311
2024-09-04 22:55:00 status unpacked ca-certificates:all 20230311
2024-09-04 22:55:00 install libpsl5:amd64 <none> 0.21.2-1
2024-09-04 22:55:00 status half-installed libpsl5:amd64 0.21.2-1
2024-09-04 22:55:00 status unpacked libpsl5:amd64 0.21.2-1
2024-09-04 22:55:00 install wget:amd64 <none> 1.21.3-1+b2
2024-09-04 22:55:00 status half-installed wget:amd64 1.21.3-1+b2
2024-09-04 22:55:00 status unpacked wget:amd64 1.21.3-1+b2
2024-09-04 22:55:00 install libbrotli1:amd64 <none> 1.0.9-2+b6
2024-09-04 22:55:00 status half-installed libbrotli1:amd64 1.0.9-2+b6
2024-09-04 22:55:00 status unpacked libbrotli1:amd64 1.0.9-2+b6
2024-09-04 22:55:00 install libkrb5support0:amd64 <none> 1.20.1-2+deb12u2
2024-09-04 22:55:00 status half-installed libkrb5support0:amd64 1.20.1-2+deb12u2
2024-09-04 22:55:00 status unpacked libkrb5support0:amd64 1.20.1-2+deb12u2
2024-09-04 22:55:00 install libk5crypto3:amd64 <none> 1.20.1-2+deb12u2
2024-09-04 22:55:00 status half-installed libk5crypto3:amd64 1.20.1-2+deb12u2
2024-09-04 22:55:00 status unpacked libk5crypto3:amd64 1.20.1-2+deb12u2
2024-09-04 22:55:00 install libkeyutils1:amd64 <none> 1.6.3-2
2024-09-04 22:55:00 status half-installed libkeyutils1:amd64 1.6.3-2
2024-09-04 22:55:00 status unpacked libkeyutils1:amd64 1.6.3-2
2024-09-04 22:55:00 install libkrb5-3:amd64 <none> 1.20.1-2+deb12u2
2024-09-04 22:55:00 status half-installed libkrb5-3:amd64 1.20.1-2+deb12u2
2024-09-04 22:55:00 status unpacked libkrb5-3:amd64 1.20.1-2+deb12u2
2024-09-04 22:55:00 install libgssapi-krb5-2:amd64 <none> 1.20.1-2+deb12u2
2024-09-04 22:55:00 status half-installed libgssapi-krb5-2:amd64 1.20.1-2+deb12u2
2024-09-04 22:55:00 status unpacked libgssapi-krb5-2:amd64 1.20.1-2+deb12u2
2024-09-04 22:55:00 install libsasl2-modules-db:amd64 <none> 2.1.28+dfsg-10
2024-09-04 22:55:00 status half-installed libsasl2-modules-db:amd64 2.1.28+dfsg-10
2024-09-04 22:55:00 status unpacked libsasl2-modules-db:amd64 2.1.28+dfsg-10
2024-09-04 22:55:00 install libsasl2-2:amd64 <none> 2.1.28+dfsg-10
2024-09-04 22:55:00 status half-installed libsasl2-2:amd64 2.1.28+dfsg-10
2024-09-04 22:55:00 status unpacked libsasl2-2:amd64 2.1.28+dfsg-10
2024-09-04 22:55:00 install libldap-2.5-0:amd64 <none> 2.5.13+dfsg-5
2024-09-04 22:55:00 status half-installed libldap-2.5-0:amd64 2.5.13+dfsg-5
2024-09-04 22:55:00 status unpacked libldap-2.5-0:amd64 2.5.13+dfsg-5
2024-09-04 22:55:00 install libnghttp2-14:amd64 <none> 1.52.0-1+deb12u1
2024-09-04 22:55:00 status half-installed libnghttp2-14:amd64 1.52.0-1+deb12u1
2024-09-04 22:55:00 status unpacked libnghttp2-14:amd64 1.52.0-1+deb12u1
2024-09-04 22:55:00 install librtmp1:amd64 <none> 2.4+20151223.gitfa8646d.1-2+b2
2024-09-04 22:55:00 status half-installed librtmp1:amd64 2.4+20151223.gitfa8646d.1-2+b2
2024-09-04 22:55:00 status unpacked librtmp1:amd64 2.4+20151223.gitfa8646d.1-2+b2
2024-09-04 22:55:00 install libssh2-1:amd64 <none> 1.10.0-3+b1
2024-09-04 22:55:00 status half-installed libssh2-1:amd64 1.10.0-3+b1
2024-09-04 22:55:00 status unpacked libssh2-1:amd64 1.10.0-3+b1
2024-09-04 22:55:00 install libcurl4:amd64 <none> 7.88.1-10+deb12u7
2024-09-04 22:55:00 status half-installed libcurl4:amd64 7.88.1-10+deb12u7
2024-09-04 22:55:00 status unpacked libcurl4:amd64 7.88.1-10+deb12u7
2024-09-04 22:55:00 install curl:amd64 <none> 7.88.1-10+deb12u7
2024-09-04 22:55:00 status half-installed curl:amd64 7.88.1-10+deb12u7
2024-09-04 22:55:01 status unpacked curl:amd64 7.88.1-10+deb12u7
2024-09-04 22:55:01 install libassuan0:amd64 <none> 2.5.5-5
2024-09-04 22:55:01 status half-installed libassuan0:amd64 2.5.5-5
2024-09-04 22:55:01 status unpacked libassuan0:amd64 2.5.5-5
2024-09-04 22:55:01 install libreadline8:amd64 <none> 8.2-1.3
2024-09-04 22:55:01 status half-installed libreadline8:amd64 8.2-1.3
2024-09-04 22:55:01 status unpacked libreadline8:amd64 8.2-1.3
2024-09-04 22:55:01 install gpgconf:amd64 <none> 2.2.40-1.1
2024-09-04 22:55:01 status half-installed gpgconf:amd64 2.2.40-1.1
2024-09-04 22:55:01 status unpacked gpgconf:amd64 2.2.40-1.1
2024-09-04 22:55:01 install libksba8:amd64 <none> 1.6.3-2
2024-09-04 22:55:01 status half-installed libksba8:amd64 1.6.3-2
2024-09-04 22:55:01 status unpacked libksba8:amd64 1.6.3-2
2024-09-04 22:55:01 install libnpth0:amd64 <none> 1.6-3
2024-09-04 22:55:01 status half-installed libnpth0:amd64 1.6-3
2024-09-04 22:55:01 status unpacked libnpth0:amd64 1.6-3
2024-09-04 22:55:01 install dirmngr:amd64 <none> 2.2.40-1.1
2024-09-04 22:55:01 status half-installed dirmngr:amd64 2.2.40-1.1
2024-09-04 22:55:01 status unpacked dirmngr:amd64 2.2.40-1.1
2024-09-04 22:55:01 install gnupg-l10n:all <none> 2.2.40-1.1
2024-09-04 22:55:01 status half-installed gnupg-l10n:all 2.2.40-1.1
2024-09-04 22:55:01 status unpacked gnupg-l10n:all 2.2.40-1.1
2024-09-04 22:55:01 install gnupg-utils:amd64 <none> 2.2.40-1.1
2024-09-04 22:55:01 status half-installed gnupg-utils:amd64 2.2.40-1.1
2024-09-04 22:55:01 status unpacked gnupg-utils:amd64 2.2.40-1.1
2024-09-04 22:55:01 install libsqlite3-0:amd64 <none> 3.40.1-2
2024-09-04 22:55:01 status half-installed libsqlite3-0:amd64 3.40.1-2
2024-09-04 22:55:01 status unpacked libsqlite3-0:amd64 3.40.1-2
2024-09-04 22:55:01 install gpg:amd64 <none> 2.2.40-1.1
2024-09-04 22:55:01 status half-installed gpg:amd64 2.2.40-1.1
2024-09-04 22:55:01 status unpacked gpg:amd64 2.2.40-1.1
2024-09-04 22:55:01 install libncursesw6:amd64 <none> 6.4-4
2024-09-04 22:55:01 status half-installed libncursesw6:amd64 6.4-4
2024-09-04 22:55:01 status unpacked libncursesw6:amd64 6.4-4
2024-09-04 22:55:01 install pinentry-curses:amd64 <none> 1.2.1-1
2024-09-04 22:55:01 status half-installed pinentry-curses:amd64 1.2.1-1
2024-09-04 22:55:01 status unpacked pinentry-curses:amd64 1.2.1-1
2024-09-04 22:55:01 install gpg-agent:amd64 <none> 2.2.40-1.1
2024-09-04 22:55:01 status half-installed gpg-agent:amd64 2.2.40-1.1
2024-09-04 22:55:01 status unpacked gpg-agent:amd64 2.2.40-1.1
2024-09-04 22:55:01 install gpg-wks-client:amd64 <none> 2.2.40-1.1
2024-09-04 22:55:01 status half-installed gpg-wks-client:amd64 2.2.40-1.1
2024-09-04 22:55:01 status unpacked gpg-wks-client:amd64 2.2.40-1.1
2024-09-04 22:55:01 install gpg-wks-server:amd64 <none> 2.2.40-1.1
2024-09-04 22:55:01 status half-installed gpg-wks-server:amd64 2.2.40-1.1
2024-09-04 22:55:01 status unpacked gpg-wks-server:amd64 2.2.40-1.1
2024-09-04 22:55:01 install gpgsm:amd64 <none> 2.2.40-1.1
2024-09-04 22:55:01 status half-installed gpgsm:amd64 2.2.40-1.1
2024-09-04 22:55:02 status unpacked gpgsm:amd64 2.2.40-1.1
2024-09-04 22:55:02 install gnupg:all <none> 2.2.40-1.1
2024-09-04 22:55:02 status half-installed gnupg:all 2.2.40-1.1
2024-09-04 22:55:02 status unpacked gnupg:all 2.2.40-1.1
2024-09-04 22:55:02 install sq:amd64 <none> 0.27.0-2+b1
2024-09-04 22:55:02 status half-installed sq:amd64 0.27.0-2+b1
2024-09-04 22:55:02 status unpacked sq:amd64 0.27.0-2+b1
2024-09-04 22:55:02 startup packages configure
2024-09-04 22:55:02 configure libksba8:amd64 1.6.3-2 <none>
2024-09-04 22:55:02 status unpacked libksba8:amd64 1.6.3-2
2024-09-04 22:55:02 status half-configured libksba8:amd64 1.6.3-2
2024-09-04 22:55:02 status installed libksba8:amd64 1.6.3-2
2024-09-04 22:55:02 configure libkeyutils1:amd64 1.6.3-2 <none>
2024-09-04 22:55:02 status unpacked libkeyutils1:amd64 1.6.3-2
2024-09-04 22:55:02 status half-configured libkeyutils1:amd64 1.6.3-2
2024-09-04 22:55:02 status installed libkeyutils1:amd64 1.6.3-2
2024-09-04 22:55:02 configure libpsl5:amd64 0.21.2-1 <none>
2024-09-04 22:55:02 status unpacked libpsl5:amd64 0.21.2-1
2024-09-04 22:55:02 status half-configured libpsl5:amd64 0.21.2-1
2024-09-04 22:55:02 status installed libpsl5:amd64 0.21.2-1
2024-09-04 22:55:02 configure wget:amd64 1.21.3-1+b2 <none>
2024-09-04 22:55:02 status unpacked wget:amd64 1.21.3-1+b2
2024-09-04 22:55:02 status half-configured wget:amd64 1.21.3-1+b2
2024-09-04 22:55:02 status installed wget:amd64 1.21.3-1+b2
2024-09-04 22:55:02 configure libbrotli1:amd64 1.0.9-2+b6 <none>
2024-09-04 22:55:02 status unpacked libbrotli1:amd64 1.0.9-2+b6
2024-09-04 22:55:02 status half-configured libbrotli1:amd64 1.0.9-2+b6
2024-09-04 22:55:02 status installed libbrotli1:amd64 1.0.9-2+b6
2024-09-04 22:55:02 configure libsqlite3-0:amd64 3.40.1-2 <none>
2024-09-04 22:55:02 status unpacked libsqlite3-0:amd64 3.40.1-2
2024-09-04 22:55:02 status half-configured libsqlite3-0:amd64 3.40.1-2
2024-09-04 22:55:02 status installed libsqlite3-0:amd64 3.40.1-2
2024-09-04 22:55:02 configure libssl3:amd64 3.0.14-1~deb12u2 <none>
2024-09-04 22:55:02 status unpacked libssl3:amd64 3.0.14-1~deb12u2
2024-09-04 22:55:02 status half-configured libssl3:amd64 3.0.14-1~deb12u2
2024-09-04 22:55:02 status installed libssl3:amd64 3.0.14-1~deb12u2
2024-09-04 22:55:02 configure libnghttp2-14:amd64 1.52.0-1+deb12u1 <none>
2024-09-04 22:55:02 status unpacked libnghttp2-14:amd64 1.52.0-1+deb12u1
2024-09-04 22:55:02 status half-configured libnghttp2-14:amd64 1.52.0-1+deb12u1
2024-09-04 22:55:02 status installed libnghttp2-14:amd64 1.52.0-1+deb12u1
2024-09-04 22:55:02 configure libnpth0:amd64 1.6-3 <none>
2024-09-04 22:55:02 status unpacked libnpth0:amd64 1.6-3
2024-09-04 22:55:02 status half-configured libnpth0:amd64 1.6-3
2024-09-04 22:55:02 status installed libnpth0:amd64 1.6-3
2024-09-04 22:55:02 configure sq:amd64 0.27.0-2+b1 <none>
2024-09-04 22:55:02 status unpacked sq:amd64 0.27.0-2+b1
2024-09-04 22:55:02 status half-configured sq:amd64 0.27.0-2+b1
2024-09-04 22:55:02 status installed sq:amd64 0.27.0-2+b1
2024-09-04 22:55:02 configure libassuan0:amd64 2.5.5-5 <none>
2024-09-04 22:55:02 status unpacked libassuan0:amd64 2.5.5-5
2024-09-04 22:55:02 status half-configured libassuan0:amd64 2.5.5-5
2024-09-04 22:55:02 status installed libassuan0:amd64 2.5.5-5
2024-09-04 22:55:02 configure libkrb5support0:amd64 1.20.1-2+deb12u2 <none>
2024-09-04 22:55:02 status unpacked libkrb5support0:amd64 1.20.1-2+deb12u2
2024-09-04 22:55:02 status half-configured libkrb5support0:amd64 1.20.1-2+deb12u2
2024-09-04 22:55:02 status installed libkrb5support0:amd64 1.20.1-2+deb12u2
2024-09-04 22:55:02 configure libsasl2-modules-db:amd64 2.1.28+dfsg-10 <none>
2024-09-04 22:55:02 status unpacked libsasl2-modules-db:amd64 2.1.28+dfsg-10
2024-09-04 22:55:02 status half-configured libsasl2-modules-db:amd64 2.1.28+dfsg-10
2024-09-04 22:55:02 status installed libsasl2-modules-db:amd64 2.1.28+dfsg-10
2024-09-04 22:55:02 configure gnupg-l10n:all 2.2.40-1.1 <none>
2024-09-04 22:55:02 status unpacked gnupg-l10n:all 2.2.40-1.1
2024-09-04 22:55:02 status half-configured gnupg-l10n:all 2.2.40-1.1
2024-09-04 22:55:02 status installed gnupg-l10n:all 2.2.40-1.1
2024-09-04 22:55:02 configure librtmp1:amd64 2.4+20151223.gitfa8646d.1-2+b2 <none>
2024-09-04 22:55:02 status unpacked librtmp1:amd64 2.4+20151223.gitfa8646d.1-2+b2
2024-09-04 22:55:02 status half-configured librtmp1:amd64 2.4+20151223.gitfa8646d.1-2+b2
2024-09-04 22:55:02 status installed librtmp1:amd64 2.4+20151223.gitfa8646d.1-2+b2
2024-09-04 22:55:02 configure libncursesw6:amd64 6.4-4 <none>
2024-09-04 22:55:02 status unpacked libncursesw6:amd64 6.4-4
2024-09-04 22:55:02 status half-configured libncursesw6:amd64 6.4-4
2024-09-04 22:55:02 status installed libncursesw6:amd64 6.4-4
2024-09-04 22:55:02 configure libk5crypto3:amd64 1.20.1-2+deb12u2 <none>
2024-09-04 22:55:02 status unpacked libk5crypto3:amd64 1.20.1-2+deb12u2
2024-09-04 22:55:02 status half-configured libk5crypto3:amd64 1.20.1-2+deb12u2
2024-09-04 22:55:02 status installed libk5crypto3:amd64 1.20.1-2+deb12u2
2024-09-04 22:55:02 configure libsasl2-2:amd64 2.1.28+dfsg-10 <none>
2024-09-04 22:55:02 status unpacked libsasl2-2:amd64 2.1.28+dfsg-10
2024-09-04 22:55:02 status half-configured libsasl2-2:amd64 2.1.28+dfsg-10
2024-09-04 22:55:02 status installed libsasl2-2:amd64 2.1.28+dfsg-10
2024-09-04 22:55:02 configure libssh2-1:amd64 1.10.0-3+b1 <none>
2024-09-04 22:55:02 status unpacked libssh2-1:amd64 1.10.0-3+b1
2024-09-04 22:55:02 status half-configured libssh2-1:amd64 1.10.0-3+b1
2024-09-04 22:55:02 status installed libssh2-1:amd64 1.10.0-3+b1
2024-09-04 22:55:02 configure netbase:all 6.4 <none>
2024-09-04 22:55:02 status unpacked netbase:all 6.4
2024-09-04 22:55:02 status half-configured netbase:all 6.4
2024-09-04 22:55:02 status installed netbase:all 6.4
2024-09-04 22:55:02 configure libkrb5-3:amd64 1.20.1-2+deb12u2 <none>
2024-09-04 22:55:02 status unpacked libkrb5-3:amd64 1.20.1-2+deb12u2
2024-09-04 22:55:02 status half-configured libkrb5-3:amd64 1.20.1-2+deb12u2
2024-09-04 22:55:02 status installed libkrb5-3:amd64 1.20.1-2+deb12u2
2024-09-04 22:55:02 configure openssl:amd64 3.0.14-1~deb12u2 <none>
2024-09-04 22:55:02 status unpacked openssl:amd64 3.0.14-1~deb12u2
2024-09-04 22:55:02 status half-configured openssl:amd64 3.0.14-1~deb12u2
2024-09-04 22:55:02 status installed openssl:amd64 3.0.14-1~deb12u2
2024-09-04 22:55:02 configure readline-common:all 8.2-1.3 <none>
2024-09-04 22:55:02 status unpacked readline-common:all 8.2-1.3
2024-09-04 22:55:02 status half-configured readline-common:all 8.2-1.3
2024-09-04 22:55:02 status installed readline-common:all 8.2-1.3
2024-09-04 22:55:02 configure pinentry-curses:amd64 1.2.1-1 <none>
2024-09-04 22:55:02 status unpacked pinentry-curses:amd64 1.2.1-1
2024-09-04 22:55:02 status half-configured pinentry-curses:amd64 1.2.1-1
2024-09-04 22:55:02 status installed pinentry-curses:amd64 1.2.1-1
2024-09-04 22:55:02 configure libreadline8:amd64 8.2-1.3 <none>
2024-09-04 22:55:02 status unpacked libreadline8:amd64 8.2-1.3
2024-09-04 22:55:02 status half-configured libreadline8:amd64 8.2-1.3
2024-09-04 22:55:02 status installed libreadline8:amd64 8.2-1.3
2024-09-04 22:55:02 configure libldap-2.5-0:amd64 2.5.13+dfsg-5 <none>
2024-09-04 22:55:02 status unpacked libldap-2.5-0:amd64 2.5.13+dfsg-5
2024-09-04 22:55:02 status half-configured libldap-2.5-0:amd64 2.5.13+dfsg-5
2024-09-04 22:55:02 status installed libldap-2.5-0:amd64 2.5.13+dfsg-5
2024-09-04 22:55:02 configure ca-certificates:all 20230311 <none>
2024-09-04 22:55:02 status unpacked ca-certificates:all 20230311
2024-09-04 22:55:02 status half-configured ca-certificates:all 20230311
2024-09-04 22:55:03 status installed ca-certificates:all 20230311
2024-09-04 22:55:03 status triggers-pending ca-certificates:all 20230311
2024-09-04 22:55:03 configure libgssapi-krb5-2:amd64 1.20.1-2+deb12u2 <none>
2024-09-04 22:55:03 status unpacked libgssapi-krb5-2:amd64 1.20.1-2+deb12u2
2024-09-04 22:55:03 status half-configured libgssapi-krb5-2:amd64 1.20.1-2+deb12u2
2024-09-04 22:55:03 status installed libgssapi-krb5-2:amd64 1.20.1-2+deb12u2
2024-09-04 22:55:03 configure gpgconf:amd64 2.2.40-1.1 <none>
2024-09-04 22:55:03 status unpacked gpgconf:amd64 2.2.40-1.1
2024-09-04 22:55:03 status half-configured gpgconf:amd64 2.2.40-1.1
2024-09-04 22:55:03 status installed gpgconf:amd64 2.2.40-1.1
2024-09-04 22:55:03 configure libcurl4:amd64 7.88.1-10+deb12u7 <none>
2024-09-04 22:55:03 status unpacked libcurl4:amd64 7.88.1-10+deb12u7
2024-09-04 22:55:03 status half-configured libcurl4:amd64 7.88.1-10+deb12u7
2024-09-04 22:55:03 status installed libcurl4:amd64 7.88.1-10+deb12u7
2024-09-04 22:55:03 configure curl:amd64 7.88.1-10+deb12u7 <none>
2024-09-04 22:55:03 status unpacked curl:amd64 7.88.1-10+deb12u7
2024-09-04 22:55:03 status half-configured curl:amd64 7.88.1-10+deb12u7
2024-09-04 22:55:03 status installed curl:amd64 7.88.1-10+deb12u7
2024-09-04 22:55:03 configure gpg:amd64 2.2.40-1.1 <none>
2024-09-04 22:55:03 status unpacked gpg:amd64 2.2.40-1.1
2024-09-04 22:55:03 status half-configured gpg:amd64 2.2.40-1.1
2024-09-04 22:55:03 status installed gpg:amd64 2.2.40-1.1
2024-09-04 22:55:03 configure gnupg-utils:amd64 2.2.40-1.1 <none>
2024-09-04 22:55:03 status unpacked gnupg-utils:amd64 2.2.40-1.1
2024-09-04 22:55:03 status half-configured gnupg-utils:amd64 2.2.40-1.1
2024-09-04 22:55:03 status installed gnupg-utils:amd64 2.2.40-1.1
2024-09-04 22:55:03 configure gpg-agent:amd64 2.2.40-1.1 <none>
2024-09-04 22:55:03 status unpacked gpg-agent:amd64 2.2.40-1.1
2024-09-04 22:55:03 status half-configured gpg-agent:amd64 2.2.40-1.1
2024-09-04 22:55:04 status installed gpg-agent:amd64 2.2.40-1.1
2024-09-04 22:55:04 configure gpgsm:amd64 2.2.40-1.1 <none>
2024-09-04 22:55:04 status unpacked gpgsm:amd64 2.2.40-1.1
2024-09-04 22:55:04 status half-configured gpgsm:amd64 2.2.40-1.1
2024-09-04 22:55:04 status installed gpgsm:amd64 2.2.40-1.1
2024-09-04 22:55:04 configure dirmngr:amd64 2.2.40-1.1 <none>
2024-09-04 22:55:04 status unpacked dirmngr:amd64 2.2.40-1.1
2024-09-04 22:55:04 status half-configured dirmngr:amd64 2.2.40-1.1
2024-09-04 22:55:04 status installed dirmngr:amd64 2.2.40-1.1
2024-09-04 22:55:04 configure gpg-wks-server:amd64 2.2.40-1.1 <none>
2024-09-04 22:55:04 status unpacked gpg-wks-server:amd64 2.2.40-1.1
2024-09-04 22:55:04 status half-configured gpg-wks-server:amd64 2.2.40-1.1
2024-09-04 22:55:04 status installed gpg-wks-server:amd64 2.2.40-1.1
2024-09-04 22:55:04 configure gpg-wks-client:amd64 2.2.40-1.1 <none>
2024-09-04 22:55:04 status unpacked gpg-wks-client:amd64 2.2.40-1.1
2024-09-04 22:55:04 status half-configured gpg-wks-client:amd64 2.2.40-1.1
2024-09-04 22:55:04 status installed gpg-wks-client:amd64 2.2.40-1.1
2024-09-04 22:55:04 configure gnupg:all 2.2.40-1.1 <none>
2024-09-04 22:55:04 status unpacked gnupg:all 2.2.40-1.1
2024-09-04 22:55:04 status half-configured gnupg:all 2.2.40-1.1
2024-09-04 22:55:04 status installed gnupg:all 2.2.40-1.1
2024-09-04 22:55:04 trigproc libc-bin:amd64 2.36-9+deb12u8 <none>
2024-09-04 22:55:04 status half-configured libc-bin:amd64 2.36-9+deb12u8
2024-09-04 22:55:04 status installed libc-bin:amd64 2.36-9+deb12u8
2024-09-04 22:55:04 trigproc ca-certificates:all 20230311 <none>
2024-09-04 22:55:04 status half-configured ca-certificates:all 20230311
2024-09-04 22:55:04 status installed ca-certificates:all 20230311
2024-09-04 22:55:13 startup archives unpack
2024-09-04 22:55:13 install perl-modules-5.36:all <none> 5.36.0-7+deb12u1
2024-09-04 22:55:13 status half-installed perl-modules-5.36:all 5.36.0-7+deb12u1
2024-09-04 22:55:13 status unpacked perl-modules-5.36:all 5.36.0-7+deb12u1
2024-09-04 22:55:13 install libgdbm6:amd64 <none> 1.23-3
2024-09-04 22:55:13 status triggers-pending libc-bin:amd64 2.36-9+deb12u8
2024-09-04 22:55:13 status half-installed libgdbm6:amd64 1.23-3
2024-09-04 22:55:13 status unpacked libgdbm6:amd64 1.23-3
2024-09-04 22:55:13 install libgdbm-compat4:amd64 <none> 1.23-3
2024-09-04 22:55:13 status half-installed libgdbm-compat4:amd64 1.23-3
2024-09-04 22:55:13 status unpacked libgdbm-compat4:amd64 1.23-3
2024-09-04 22:55:13 install libperl5.36:amd64 <none> 5.36.0-7+deb12u1
2024-09-04 22:55:13 status half-installed libperl5.36:amd64 5.36.0-7+deb12u1
2024-09-04 22:55:14 status unpacked libperl5.36:amd64 5.36.0-7+deb12u1
2024-09-04 22:55:14 install perl:amd64 <none> 5.36.0-7+deb12u1
2024-09-04 22:55:14 status half-installed perl:amd64 5.36.0-7+deb12u1
2024-09-04 22:55:14 status unpacked perl:amd64 5.36.0-7+deb12u1
2024-09-04 22:55:14 install libpython3.11-minimal:amd64 <none> 3.11.2-6+deb12u3
2024-09-04 22:55:14 status half-installed libpython3.11-minimal:amd64 3.11.2-6+deb12u3
2024-09-04 22:55:14 status unpacked libpython3.11-minimal:amd64 3.11.2-6+deb12u3
2024-09-04 22:55:14 install libexpat1:amd64 <none> 2.5.0-1
2024-09-04 22:55:14 status half-installed libexpat1:amd64 2.5.0-1
2024-09-04 22:55:14 status unpacked libexpat1:amd64 2.5.0-1
2024-09-04 22:55:14 install python3.11-minimal:amd64 <none> 3.11.2-6+deb12u3
2024-09-04 22:55:14 status half-installed python3.11-minimal:amd64 3.11.2-6+deb12u3
2024-09-04 22:55:14 status unpacked python3.11-minimal:amd64 3.11.2-6+deb12u3
2024-09-04 22:55:14 startup packages configure
2024-09-04 22:55:14 configure libpython3.11-minimal:amd64 3.11.2-6+deb12u3 <none>
2024-09-04 22:55:14 status unpacked libpython3.11-minimal:amd64 3.11.2-6+deb12u3
2024-09-04 22:55:14 status half-configured libpython3.11-minimal:amd64 3.11.2-6+deb12u3
2024-09-04 22:55:14 status installed libpython3.11-minimal:amd64 3.11.2-6+deb12u3
2024-09-04 22:55:14 configure libexpat1:amd64 2.5.0-1 <none>
2024-09-04 22:55:14 status unpacked libexpat1:amd64 2.5.0-1
2024-09-04 22:55:14 status half-configured libexpat1:amd64 2.5.0-1
2024-09-04 22:55:14 status installed libexpat1:amd64 2.5.0-1
2024-09-04 22:55:14 configure python3.11-minimal:amd64 3.11.2-6+deb12u3 <none>
2024-09-04 22:55:14 status unpacked python3.11-minimal:amd64 3.11.2-6+deb12u3
2024-09-04 22:55:14 status half-configured python3.11-minimal:amd64 3.11.2-6+deb12u3
2024-09-04 22:55:15 status installed python3.11-minimal:amd64 3.11.2-6+deb12u3
2024-09-04 22:55:15 startup archives unpack
2024-09-04 22:55:15 install python3-minimal:amd64 <none> 3.11.2-1+b1
2024-09-04 22:55:15 status half-installed python3-minimal:amd64 3.11.2-1+b1
2024-09-04 22:55:15 status unpacked python3-minimal:amd64 3.11.2-1+b1
2024-09-04 22:55:15 install media-types:all <none> 10.0.0
2024-09-04 22:55:15 status half-installed media-types:all 10.0.0
2024-09-04 22:55:15 status unpacked media-types:all 10.0.0
2024-09-04 22:55:15 install libtirpc-common:all <none> 1.3.3+ds-1
2024-09-04 22:55:15 status half-installed libtirpc-common:all 1.3.3+ds-1
2024-09-04 22:55:15 status unpacked libtirpc-common:all 1.3.3+ds-1
2024-09-04 22:55:15 install libtirpc3:amd64 <none> 1.3.3+ds-1
2024-09-04 22:55:15 status half-installed libtirpc3:amd64 1.3.3+ds-1
2024-09-04 22:55:15 status unpacked libtirpc3:amd64 1.3.3+ds-1
2024-09-04 22:55:15 install libnsl2:amd64 <none> 1.3.0-2
2024-09-04 22:55:15 status half-installed libnsl2:amd64 1.3.0-2
2024-09-04 22:55:15 status unpacked libnsl2:amd64 1.3.0-2
2024-09-04 22:55:15 install libpython3.11-stdlib:amd64 <none> 3.11.2-6+deb12u3
2024-09-04 22:55:15 status half-installed libpython3.11-stdlib:amd64 3.11.2-6+deb12u3
2024-09-04 22:55:15 status unpacked libpython3.11-stdlib:amd64 3.11.2-6+deb12u3
2024-09-04 22:55:15 install python3.11:amd64 <none> 3.11.2-6+deb12u3
2024-09-04 22:55:15 status half-installed python3.11:amd64 3.11.2-6+deb12u3
2024-09-04 22:55:15 status unpacked python3.11:amd64 3.11.2-6+deb12u3
2024-09-04 22:55:15 install libpython3-stdlib:amd64 <none> 3.11.2-1+b1
2024-09-04 22:55:15 status half-installed libpython3-stdlib:amd64 3.11.2-1+b1
2024-09-04 22:55:15 status unpacked libpython3-stdlib:amd64 3.11.2-1+b1
2024-09-04 22:55:15 startup packages configure
2024-09-04 22:55:15 configure python3-minimal:amd64 3.11.2-1+b1 <none>
2024-09-04 22:55:15 status unpacked python3-minimal:amd64 3.11.2-1+b1
2024-09-04 22:55:15 status half-configured python3-minimal:amd64 3.11.2-1+b1
2024-09-04 22:55:15 status installed python3-minimal:amd64 3.11.2-1+b1
2024-09-04 22:55:15 startup archives unpack
2024-09-04 22:55:15 install python3:amd64 <none> 3.11.2-1+b1
2024-09-04 22:55:15 status half-installed python3:amd64 3.11.2-1+b1
2024-09-04 22:55:15 status unpacked python3:amd64 3.11.2-1+b1
2024-09-04 22:55:15 install libproc2-0:amd64 <none> 2:4.0.2-3
2024-09-04 22:55:15 status half-installed libproc2-0:amd64 2:4.0.2-3
2024-09-04 22:55:15 status unpacked libproc2-0:amd64 2:4.0.2-3
2024-09-04 22:55:15 install procps:amd64 <none> 2:4.0.2-3
2024-09-04 22:55:15 status half-installed procps:amd64 2:4.0.2-3
2024-09-04 22:55:15 status unpacked procps:amd64 2:4.0.2-3
2024-09-04 22:55:15 install sensible-utils:all <none> 0.0.17+nmu1
2024-09-04 22:55:15 status half-installed sensible-utils:all 0.0.17+nmu1
2024-09-04 22:55:16 status unpacked sensible-utils:all 0.0.17+nmu1
2024-09-04 22:55:16 install libbsd0:amd64 <none> 0.11.7-2
2024-09-04 22:55:16 status half-installed libbsd0:amd64 0.11.7-2
2024-09-04 22:55:16 status unpacked libbsd0:amd64 0.11.7-2
2024-09-04 22:55:16 install libedit2:amd64 <none> 3.1-20221030-2
2024-09-04 22:55:16 status half-installed libedit2:amd64 3.1-20221030-2
2024-09-04 22:55:16 status unpacked libedit2:amd64 3.1-20221030-2
2024-09-04 22:55:16 install libcbor0.8:amd64 <none> 0.8.0-2+b1
2024-09-04 22:55:16 status half-installed libcbor0.8:amd64 0.8.0-2+b1
2024-09-04 22:55:16 status unpacked libcbor0.8:amd64 0.8.0-2+b1
2024-09-04 22:55:16 install libfido2-1:amd64 <none> 1.12.0-2+b1
2024-09-04 22:55:16 status half-installed libfido2-1:amd64 1.12.0-2+b1
2024-09-04 22:55:16 status unpacked libfido2-1:amd64 1.12.0-2+b1
2024-09-04 22:55:16 install openssh-client:amd64 <none> 1:9.2p1-2+deb12u3
2024-09-04 22:55:16 status half-installed openssh-client:amd64 1:9.2p1-2+deb12u3
2024-09-04 22:55:16 status unpacked openssh-client:amd64 1:9.2p1-2+deb12u3
2024-09-04 22:55:16 install ucf:all <none> 3.0043+nmu1
2024-09-04 22:55:16 status half-installed ucf:all 3.0043+nmu1
2024-09-04 22:55:16 status unpacked ucf:all 3.0043+nmu1
2024-09-04 22:55:16 install libcurl3-gnutls:amd64 <none> 7.88.1-10+deb12u7
2024-09-04 22:55:16 status half-installed libcurl3-gnutls:amd64 7.88.1-10+deb12u7
2024-09-04 22:55:16 status unpacked libcurl3-gnutls:amd64 7.88.1-10+deb12u7
2024-09-04 22:55:16 install liberror-perl:all <none> 0.17029-2
2024-09-04 22:55:16 status half-installed liberror-perl:all 0.17029-2
2024-09-04 22:55:16 status unpacked liberror-perl:all 0.17029-2
2024-09-04 22:55:16 install git-man:all <none> 1:2.39.2-1.1
2024-09-04 22:55:16 status half-installed git-man:all 1:2.39.2-1.1
2024-09-04 22:55:16 status unpacked git-man:all 1:2.39.2-1.1
2024-09-04 22:55:16 install git:amd64 <none> 1:2.39.2-1.1
2024-09-04 22:55:16 status half-installed git:amd64 1:2.39.2-1.1
2024-09-04 22:55:17 status unpacked git:amd64 1:2.39.2-1.1
2024-09-04 22:55:17 install libapr1:amd64 <none> 1.7.2-3
2024-09-04 22:55:17 status half-installed libapr1:amd64 1.7.2-3
2024-09-04 22:55:17 status unpacked libapr1:amd64 1.7.2-3
2024-09-04 22:55:17 install libaprutil1:amd64 <none> 1.6.3-1
2024-09-04 22:55:17 status half-installed libaprutil1:amd64 1.6.3-1
2024-09-04 22:55:17 status unpacked libaprutil1:amd64 1.6.3-1
2024-09-04 22:55:17 install libserf-1-1:amd64 <none> 1.3.9-11
2024-09-04 22:55:17 status half-installed libserf-1-1:amd64 1.3.9-11
2024-09-04 22:55:17 status unpacked libserf-1-1:amd64 1.3.9-11
2024-09-04 22:55:17 install libutf8proc2:amd64 <none> 2.8.0-1
2024-09-04 22:55:17 status half-installed libutf8proc2:amd64 2.8.0-1
2024-09-04 22:55:17 status unpacked libutf8proc2:amd64 2.8.0-1
2024-09-04 22:55:17 install libsvn1:amd64 <none> 1.14.2-4+b2
2024-09-04 22:55:17 status half-installed libsvn1:amd64 1.14.2-4+b2
2024-09-04 22:55:17 status unpacked libsvn1:amd64 1.14.2-4+b2
2024-09-04 22:55:17 install mercurial-common:all <none> 6.3.2-1
2024-09-04 22:55:17 status half-installed mercurial-common:all 6.3.2-1
2024-09-04 22:55:17 status unpacked mercurial-common:all 6.3.2-1
2024-09-04 22:55:17 install mercurial:amd64 <none> 6.3.2-1
2024-09-04 22:55:17 status half-installed mercurial:amd64 6.3.2-1
2024-09-04 22:55:17 status unpacked mercurial:amd64 6.3.2-1
2024-09-04 22:55:17 install subversion:amd64 <none> 1.14.2-4+b2
2024-09-04 22:55:17 status half-installed subversion:amd64 1.14.2-4+b2
2024-09-04 22:55:17 status unpacked subversion:amd64 1.14.2-4+b2
2024-09-04 22:55:17 startup packages configure
2024-09-04 22:55:17 configure media-types:all 10.0.0 <none>
2024-09-04 22:55:17 status unpacked media-types:all 10.0.0
2024-09-04 22:55:17 status half-configured media-types:all 10.0.0
2024-09-04 22:55:17 status installed media-types:all 10.0.0
2024-09-04 22:55:17 configure libtirpc-common:all 1.3.3+ds-1 <none>
2024-09-04 22:55:17 status unpacked libtirpc-common:all 1.3.3+ds-1
2024-09-04 22:55:17 status half-configured libtirpc-common:all 1.3.3+ds-1
2024-09-04 22:55:17 status installed libtirpc-common:all 1.3.3+ds-1
2024-09-04 22:55:17 configure libcbor0.8:amd64 0.8.0-2+b1 <none>
2024-09-04 22:55:17 status unpacked libcbor0.8:amd64 0.8.0-2+b1
2024-09-04 22:55:17 status half-configured libcbor0.8:amd64 0.8.0-2+b1
2024-09-04 22:55:17 status installed libcbor0.8:amd64 0.8.0-2+b1
2024-09-04 22:55:17 configure libutf8proc2:amd64 2.8.0-1 <none>
2024-09-04 22:55:17 status unpacked libutf8proc2:amd64 2.8.0-1
2024-09-04 22:55:17 status half-configured libutf8proc2:amd64 2.8.0-1
2024-09-04 22:55:17 status installed libutf8proc2:amd64 2.8.0-1
2024-09-04 22:55:17 configure libapr1:amd64 1.7.2-3 <none>
2024-09-04 22:55:17 status unpacked libapr1:amd64 1.7.2-3
2024-09-04 22:55:17 status half-configured libapr1:amd64 1.7.2-3
2024-09-04 22:55:17 status installed libapr1:amd64 1.7.2-3
2024-09-04 22:55:17 configure libcurl3-gnutls:amd64 7.88.1-10+deb12u7 <none>
2024-09-04 22:55:17 status unpacked libcurl3-gnutls:amd64 7.88.1-10+deb12u7
2024-09-04 22:55:17 status half-configured libcurl3-gnutls:amd64 7.88.1-10+deb12u7
2024-09-04 22:55:17 status installed libcurl3-gnutls:amd64 7.88.1-10+deb12u7
2024-09-04 22:55:17 configure perl-modules-5.36:all 5.36.0-7+deb12u1 <none>
2024-09-04 22:55:17 status unpacked perl-modules-5.36:all 5.36.0-7+deb12u1
2024-09-04 22:55:17 status half-configured perl-modules-5.36:all 5.36.0-7+deb12u1
2024-09-04 22:55:17 status installed perl-modules-5.36:all 5.36.0-7+deb12u1
2024-09-04 22:55:17 configure libproc2-0:amd64 2:4.0.2-3 <none>
2024-09-04 22:55:17 status unpacked libproc2-0:amd64 2:4.0.2-3
2024-09-04 22:55:17 status half-configured libproc2-0:amd64 2:4.0.2-3
2024-09-04 22:55:17 status installed libproc2-0:amd64 2:4.0.2-3
2024-09-04 22:55:17 configure sensible-utils:all 0.0.17+nmu1 <none>
2024-09-04 22:55:17 status unpacked sensible-utils:all 0.0.17+nmu1
2024-09-04 22:55:17 status half-configured sensible-utils:all 0.0.17+nmu1
2024-09-04 22:55:17 status installed sensible-utils:all 0.0.17+nmu1
2024-09-04 22:55:17 configure procps:amd64 2:4.0.2-3 <none>
2024-09-04 22:55:17 status unpacked procps:amd64 2:4.0.2-3
2024-09-04 22:55:18 status half-configured procps:amd64 2:4.0.2-3
2024-09-04 22:55:18 status installed procps:amd64 2:4.0.2-3
2024-09-04 22:55:18 configure git-man:all 1:2.39.2-1.1 <none>
2024-09-04 22:55:18 status unpacked git-man:all 1:2.39.2-1.1
2024-09-04 22:55:18 status half-configured git-man:all 1:2.39.2-1.1
2024-09-04 22:55:18 status installed git-man:all 1:2.39.2-1.1
2024-09-04 22:55:18 configure libfido2-1:amd64 1.12.0-2+b1 <none>
2024-09-04 22:55:18 status unpacked libfido2-1:amd64 1.12.0-2+b1
2024-09-04 22:55:18 status half-configured libfido2-1:amd64 1.12.0-2+b1
2024-09-04 22:55:18 status installed libfido2-1:amd64 1.12.0-2+b1
2024-09-04 22:55:18 configure libbsd0:amd64 0.11.7-2 <none>
2024-09-04 22:55:18 status unpacked libbsd0:amd64 0.11.7-2
2024-09-04 22:55:18 status half-configured libbsd0:amd64 0.11.7-2
2024-09-04 22:55:18 status installed libbsd0:amd64 0.11.7-2
2024-09-04 22:55:18 configure libgdbm6:amd64 1.23-3 <none>
2024-09-04 22:55:18 status unpacked libgdbm6:amd64 1.23-3
2024-09-04 22:55:18 status half-configured libgdbm6:amd64 1.23-3
2024-09-04 22:55:18 status installed libgdbm6:amd64 1.23-3
2024-09-04 22:55:18 configure libaprutil1:amd64 1.6.3-1 <none>
2024-09-04 22:55:18 status unpacked libaprutil1:amd64 1.6.3-1
2024-09-04 22:55:18 status half-configured libaprutil1:amd64 1.6.3-1
2024-09-04 22:55:18 status installed libaprutil1:amd64 1.6.3-1
2024-09-04 22:55:18 configure libtirpc3:amd64 1.3.3+ds-1 <none>
2024-09-04 22:55:18 status unpacked libtirpc3:amd64 1.3.3+ds-1
2024-09-04 22:55:18 status half-configured libtirpc3:amd64 1.3.3+ds-1
2024-09-04 22:55:18 status installed libtirpc3:amd64 1.3.3+ds-1
2024-09-04 22:55:18 configure libedit2:amd64 3.1-20221030-2 <none>
2024-09-04 22:55:18 status unpacked libedit2:amd64 3.1-20221030-2
2024-09-04 22:55:18 status half-configured libedit2:amd64 3.1-20221030-2
2024-09-04 22:55:18 status installed libedit2:amd64 3.1-20221030-2
2024-09-04 22:55:18 configure libserf-1-1:amd64 1.3.9-11 <none>
2024-09-04 22:55:18 status unpacked libserf-1-1:amd64 1.3.9-11
2024-09-04 22:55:18 status half-configured libserf-1-1:amd64 1.3.9-11
2024-09-04 22:55:18 status installed libserf-1-1:amd64 1.3.9-11
2024-09-04 22:55:18 configure libgdbm-compat4:amd64 1.23-3 <none>
2024-09-04 22:55:18 status unpacked libgdbm-compat4:amd64 1.23-3
2024-09-04 22:55:18 status half-configured libgdbm-compat4:amd64 1.23-3
2024-09-04 22:55:18 status installed libgdbm-compat4:amd64 1.23-3
2024-09-04 22:55:18 configure ucf:all 3.0043+nmu1 <none>
2024-09-04 22:55:18 status unpacked ucf:all 3.0043+nmu1
2024-09-04 22:55:18 status half-configured ucf:all 3.0043+nmu1
2024-09-04 22:55:18 status installed ucf:all 3.0043+nmu1
2024-09-04 22:55:18 configure libnsl2:amd64 1.3.0-2 <none>
2024-09-04 22:55:18 status unpacked libnsl2:amd64 1.3.0-2
2024-09-04 22:55:18 status half-configured libnsl2:amd64 1.3.0-2
2024-09-04 22:55:18 status installed libnsl2:amd64 1.3.0-2
2024-09-04 22:55:18 configure libsvn1:amd64 1.14.2-4+b2 <none>
2024-09-04 22:55:18 status unpacked libsvn1:amd64 1.14.2-4+b2
2024-09-04 22:55:18 status half-configured libsvn1:amd64 1.14.2-4+b2
2024-09-04 22:55:18 status installed libsvn1:amd64 1.14.2-4+b2
2024-09-04 22:55:18 configure libperl5.36:amd64 5.36.0-7+deb12u1 <none>
2024-09-04 22:55:18 status unpacked libperl5.36:amd64 5.36.0-7+deb12u1
2024-09-04 22:55:18 status half-configured libperl5.36:amd64 5.36.0-7+deb12u1
2024-09-04 22:55:18 status installed libperl5.36:amd64 5.36.0-7+deb12u1
2024-09-04 22:55:18 configure openssh-client:amd64 1:9.2p1-2+deb12u3 <none>
2024-09-04 22:55:18 status unpacked openssh-client:amd64 1:9.2p1-2+deb12u3
2024-09-04 22:55:18 status half-configured openssh-client:amd64 1:9.2p1-2+deb12u3
2024-09-04 22:55:18 status installed openssh-client:amd64 1:9.2p1-2+deb12u3
2024-09-04 22:55:18 configure libpython3.11-stdlib:amd64 3.11.2-6+deb12u3 <none>
2024-09-04 22:55:18 status unpacked libpython3.11-stdlib:amd64 3.11.2-6+deb12u3
2024-09-04 22:55:18 status half-configured libpython3.11-stdlib:amd64 3.11.2-6+deb12u3
2024-09-04 22:55:18 status installed libpython3.11-stdlib:amd64 3.11.2-6+deb12u3
2024-09-04 22:55:18 configure subversion:amd64 1.14.2-4+b2 <none>
2024-09-04 22:55:18 status unpacked subversion:amd64 1.14.2-4+b2
2024-09-04 22:55:18 status half-configured subversion:amd64 1.14.2-4+b2
2024-09-04 22:55:18 status installed subversion:amd64 1.14.2-4+b2
2024-09-04 22:55:18 configure perl:amd64 5.36.0-7+deb12u1 <none>
2024-09-04 22:55:18 status unpacked perl:amd64 5.36.0-7+deb12u1
2024-09-04 22:55:18 status half-configured perl:amd64 5.36.0-7+deb12u1
2024-09-04 22:55:18 status installed perl:amd64 5.36.0-7+deb12u1
2024-09-04 22:55:18 configure libpython3-stdlib:amd64 3.11.2-1+b1 <none>
2024-09-04 22:55:18 status unpacked libpython3-stdlib:amd64 3.11.2-1+b1
2024-09-04 22:55:18 status half-configured libpython3-stdlib:amd64 3.11.2-1+b1
2024-09-04 22:55:18 status installed libpython3-stdlib:amd64 3.11.2-1+b1
2024-09-04 22:55:18 configure python3.11:amd64 3.11.2-6+deb12u3 <none>
2024-09-04 22:55:18 status unpacked python3.11:amd64 3.11.2-6+deb12u3
2024-09-04 22:55:18 status half-configured python3.11:amd64 3.11.2-6+deb12u3
2024-09-04 22:55:19 status installed python3.11:amd64 3.11.2-6+deb12u3
2024-09-04 22:55:19 configure python3:amd64 3.11.2-1+b1 <none>
2024-09-04 22:55:19 status unpacked python3:amd64 3.11.2-1+b1
2024-09-04 22:55:19 status half-configured python3:amd64 3.11.2-1+b1
2024-09-04 22:55:19 status installed python3:amd64 3.11.2-1+b1
2024-09-04 22:55:19 configure liberror-perl:all 0.17029-2 <none>
2024-09-04 22:55:19 status unpacked liberror-perl:all 0.17029-2
2024-09-04 22:55:19 status half-configured liberror-perl:all 0.17029-2
2024-09-04 22:55:19 status installed liberror-perl:all 0.17029-2
2024-09-04 22:55:19 configure git:amd64 1:2.39.2-1.1 <none>
2024-09-04 22:55:19 status unpacked git:amd64 1:2.39.2-1.1
2024-09-04 22:55:19 status half-configured git:amd64 1:2.39.2-1.1
2024-09-04 22:55:19 status installed git:amd64 1:2.39.2-1.1
2024-09-04 22:55:19 configure mercurial-common:all 6.3.2-1 <none>
2024-09-04 22:55:19 status unpacked mercurial-common:all 6.3.2-1
2024-09-04 22:55:19 status half-configured mercurial-common:all 6.3.2-1
2024-09-04 22:55:20 status installed mercurial-common:all 6.3.2-1
2024-09-04 22:55:20 configure mercurial:amd64 6.3.2-1 <none>
2024-09-04 22:55:20 status unpacked mercurial:amd64 6.3.2-1
2024-09-04 22:55:20 status half-configured mercurial:amd64 6.3.2-1
2024-09-04 22:55:20 status installed mercurial:amd64 6.3.2-1
2024-09-04 22:55:20 trigproc libc-bin:amd64 2.36-9+deb12u8 <none>
2024-09-04 22:55:20 status half-configured libc-bin:amd64 2.36-9+deb12u8
2024-09-04 22:55:20 status installed libc-bin:amd64 2.36-9+deb12u8
