This is pdfTeX, Version 3.141592653-2.6-1.40.25 (TeX Live 2023/Debian) (preloaded format=pdflatex 2024.9.17)  21 OCT 2024 09:20
entering extended mode
 restricted \write18 enabled.
 %&-line parsing enabled.
**tricks.tex
(./tricks.tex
LaTeX2e <2023-11-01> patch level 1
L3 programming layer <2024-01-22>
(/usr/share/texlive/texmf-dist/tex/latex/base/report.cls
Document Class: report 2023/05/17 v1.4n Standard LaTeX document class
(/usr/share/texlive/texmf-dist/tex/latex/base/size10.clo
File: size10.clo 2023/05/17 v1.4n Standard LaTeX file (size option)
)
\c@part=\count187
\c@chapter=\count188
\c@section=\count189
\c@subsection=\count190
\c@subsubsection=\count191
\c@paragraph=\count192
\c@subparagraph=\count193
\c@figure=\count194
\c@table=\count195
\abovecaptionskip=\skip48
\belowcaptionskip=\skip49
\bibindent=\dimen140
)
(/usr/share/texlive/texmf-dist/tex/latex/base/inputenc.sty
Package: inputenc 2021/02/14 v1.3d Input encoding file
\inpenc@prehook=\toks17
\inpenc@posthook=\toks18
)
(/usr/share/texlive/texmf-dist/tex/latex/geometry/geometry.sty
Package: geometry 2020/01/02 v5.9 Page Geometry

(/usr/share/texlive/texmf-dist/tex/latex/graphics/keyval.sty
Package: keyval 2022/05/29 v1.15 key=value parser (DPC)
\KV@toks@=\toks19
)
(/usr/share/texlive/texmf-dist/tex/generic/iftex/ifvtex.sty
Package: ifvtex 2019/10/25 v1.7 ifvtex legacy package. Use iftex instead.

(/usr/share/texlive/texmf-dist/tex/generic/iftex/iftex.sty
Package: iftex 2022/02/03 v1.0f TeX engine tests
))
\Gm@cnth=\count196
\Gm@cntv=\count197
\c@Gm@tempcnt=\count198
\Gm@bindingoffset=\dimen141
\Gm@wd@mp=\dimen142
\Gm@odd@mp=\dimen143
\Gm@even@mp=\dimen144
\Gm@layoutwidth=\dimen145
\Gm@layoutheight=\dimen146
\Gm@layouthoffset=\dimen147
\Gm@layoutvoffset=\dimen148
\Gm@dimlist=\toks20
)
(/usr/share/texlive/texmf-dist/tex/latex/booktabs/booktabs.sty
Package: booktabs 2020/01/12 v1.61803398 Publication quality tables
\heavyrulewidth=\dimen149
\lightrulewidth=\dimen150
\cmidrulewidth=\dimen151
\belowrulesep=\dimen152
\belowbottomsep=\dimen153
\aboverulesep=\dimen154
\abovetopsep=\dimen155
\cmidrulesep=\dimen156
\cmidrulekern=\dimen157
\defaultaddspace=\dimen158
\@cmidla=\count199
\@cmidlb=\count266
\@aboverulesep=\dimen159
\@belowrulesep=\dimen160
\@thisruleclass=\count267
\@lastruleclass=\count268
\@thisrulewidth=\dimen161
)
(/usr/share/texlive/texmf-dist/tex/latex/fancyvrb/fancyvrb.sty
Package: fancyvrb 2024/01/20 4.5c verbatim text (tvz,hv)
\FV@CodeLineNo=\count269
\FV@InFile=\read2
\FV@TabBox=\box51
\c@FancyVerbLine=\count270
\FV@StepNumber=\count271
\FV@OutFile=\write3
)
(/usr/share/texlive/texmf-dist/tex/latex/xcolor/xcolor.sty
Package: xcolor 2023/11/15 v3.01 LaTeX color extensions (UK)

(/usr/share/texlive/texmf-dist/tex/latex/graphics-cfg/color.cfg
File: color.cfg 2016/01/02 v1.6 sample color configuration
)
Package xcolor Info: Driver file: pdftex.def on input line 274.

(/usr/share/texlive/texmf-dist/tex/latex/graphics-def/pdftex.def
File: pdftex.def 2022/09/22 v1.2b Graphics/color driver for pdftex
)
(/usr/share/texlive/texmf-dist/tex/latex/graphics/mathcolor.ltx)
Package xcolor Info: Model `cmy' substituted by `cmy0' on input line 1350.
Package xcolor Info: Model `hsb' substituted by `rgb' on input line 1354.
Package xcolor Info: Model `RGB' extended on input line 1366.
Package xcolor Info: Model `HTML' substituted by `rgb' on input line 1368.
Package xcolor Info: Model `Hsb' substituted by `hsb' on input line 1369.
Package xcolor Info: Model `tHsb' substituted by `hsb' on input line 1370.
Package xcolor Info: Model `HSB' substituted by `hsb' on input line 1371.
Package xcolor Info: Model `Gray' substituted by `gray' on input line 1372.
Package xcolor Info: Model `wave' substituted by `hsb' on input line 1373.
)
(/usr/share/texlive/texmf-dist/tex/latex/float/float.sty
Package: float 2001/11/08 v1.3d Float enhancements (AL)
\c@float@type=\count272
\float@exts=\toks21
\float@box=\box52
\@float@everytoks=\toks22
\@floatcapt=\box53
)
(/usr/share/texlive/texmf-dist/tex/latex/listings/listings.sty
\lst@mode=\count273
\lst@gtempboxa=\box54
\lst@token=\toks23
\lst@length=\count274
\lst@currlwidth=\dimen162
\lst@column=\count275
\lst@pos=\count276
\lst@lostspace=\dimen163
\lst@width=\dimen164
\lst@newlines=\count277
\lst@lineno=\count278
\lst@maxwidth=\dimen165

(/usr/share/texlive/texmf-dist/tex/latex/listings/lstmisc.sty
File: lstmisc.sty 2023/02/27 1.9 (Carsten Heinz)
\c@lstnumber=\count279
\lst@skipnumbers=\count280
\lst@framebox=\box55
)
(/usr/share/texlive/texmf-dist/tex/latex/listings/listings.cfg
File: listings.cfg 2023/02/27 1.9 listings configuration
))
Package: listings 2023/02/27 1.9 (Carsten Heinz)

(/usr/share/texlive/texmf-dist/tex/latex/setspace/setspace.sty
Package: setspace 2022/12/04 v6.7b set line spacing
)
(/usr/share/texlive/texmf-dist/tex/latex/graphics/graphicx.sty
Package: graphicx 2021/09/16 v1.2d Enhanced LaTeX Graphics (DPC,SPQR)

(/usr/share/texlive/texmf-dist/tex/latex/graphics/graphics.sty
Package: graphics 2022/03/10 v1.4e Standard LaTeX Graphics (DPC,SPQR)

(/usr/share/texlive/texmf-dist/tex/latex/graphics/trig.sty
Package: trig 2021/08/11 v1.11 sin cos tan (DPC)
)
(/usr/share/texlive/texmf-dist/tex/latex/graphics-cfg/graphics.cfg
File: graphics.cfg 2016/06/04 v1.11 sample graphics configuration
)
Package graphics Info: Driver file: pdftex.def on input line 107.
)
\Gin@req@height=\dimen166
\Gin@req@width=\dimen167
)
(/usr/share/texlive/texmf-dist/tex/latex/l3backend/l3backend-pdftex.def
File: l3backend-pdftex.def 2024-01-04 L3 backend support: PDF output (pdfTeX)
\l__color_backend_stack_int=\count281
\l__pdf_internal_box=\box56
)
(./tricks.aux

LaTeX Warning: Label `fig:flamegraph' multiply defined.


LaTeX Warning: Label `fig:flamegraph' multiply defined.


LaTeX Warning: Label `fig:flamegraph' multiply defined.


LaTeX Warning: Label `fig:flamegraph' multiply defined.


LaTeX Warning: Label `fig:flamegraph' multiply defined.


LaTeX Warning: Label `fig:flamegraph' multiply defined.


LaTeX Warning: Label `fig:flamegraph' multiply defined.


LaTeX Warning: Label `fig:flamegraph' multiply defined.

)
\openout1 = `tricks.aux'.

LaTeX Font Info:    Checking defaults for OML/cmm/m/it on input line 27.
LaTeX Font Info:    ... okay on input line 27.
LaTeX Font Info:    Checking defaults for OMS/cmsy/m/n on input line 27.
LaTeX Font Info:    ... okay on input line 27.
LaTeX Font Info:    Checking defaults for OT1/cmr/m/n on input line 27.
LaTeX Font Info:    ... okay on input line 27.
LaTeX Font Info:    Checking defaults for T1/cmr/m/n on input line 27.
LaTeX Font Info:    ... okay on input line 27.
LaTeX Font Info:    Checking defaults for TS1/cmr/m/n on input line 27.
LaTeX Font Info:    ... okay on input line 27.
LaTeX Font Info:    Checking defaults for OMX/cmex/m/n on input line 27.
LaTeX Font Info:    ... okay on input line 27.
LaTeX Font Info:    Checking defaults for U/cmr/m/n on input line 27.
LaTeX Font Info:    ... okay on input line 27.

*geometry* driver: auto-detecting
*geometry* detected driver: pdftex
*geometry* verbose mode - [ preamble ] result:
* driver: pdftex
* paper: <default>
* layout: <same size as paper>
* layoutoffset:(h,v)=(0.0pt,0.0pt)
* modes: 
* h-part:(L,W,R)=(85.35826pt, 443.57848pt, 85.35826pt)
* v-part:(T,H,B)=(99.58464pt, 599.98798pt, 95.39737pt)
* \paperwidth=614.295pt
* \paperheight=794.96999pt
* \textwidth=443.57848pt
* \textheight=599.98798pt
* \oddsidemargin=13.08827pt
* \evensidemargin=13.08827pt
* \topmargin=-9.68535pt
* \headheight=12.0pt
* \headsep=25.0pt
* \topskip=10.0pt
* \footskip=30.0pt
* \marginparwidth=65.0pt
* \marginparsep=11.0pt
* \columnsep=10.0pt
* \skip\footins=9.0pt plus 4.0pt minus 2.0pt
* \hoffset=0.0pt
* \voffset=0.0pt
* \mag=1000
* \@twocolumnfalse
* \@twosidefalse
* \@mparswitchfalse
* \@reversemarginfalse
* (1in=72.27pt=25.4mm, 1cm=28.453pt)

(/usr/share/texlive/texmf-dist/tex/context/base/mkii/supp-pdf.mkii
[Loading MPS to PDF converter (version 2006.09.02).]
\scratchcounter=\count282
\scratchdimen=\dimen168
\scratchbox=\box57
\nofMPsegments=\count283
\nofMParguments=\count284
\everyMPshowfont=\toks24
\MPscratchCnt=\count285
\MPscratchDim=\dimen169
\MPnumerator=\count286
\makeMPintoPDFobject=\count287
\everyMPtoPDFconversion=\toks25
) (/usr/share/texlive/texmf-dist/tex/latex/epstopdf-pkg/epstopdf-base.sty
Package: epstopdf-base 2020-01-24 v2.11 Base part for package epstopdf
Package epstopdf-base Info: Redefining graphics rule for `.eps' on input line 4
85.

(/usr/share/texlive/texmf-dist/tex/latex/latexconfig/epstopdf-sys.cfg
File: epstopdf-sys.cfg 2010/07/13 v1.3 Configuration of (r)epstopdf for TeX Liv
e
))
\c@lstlisting=\count288
LaTeX Font Info:    External font `cmex10' loaded for size
(Font)              <12> on input line 29.
LaTeX Font Info:    External font `cmex10' loaded for size
(Font)              <8> on input line 29.
LaTeX Font Info:    External font `cmex10' loaded for size
(Font)              <6> on input line 29.

[1

{/var/lib/texmf/fonts/map/pdftex/updmap/pdftex.map}]
<cpu_tricks/6.5.5/V1/flamegraph_20241017_092801.png, id=8, 903.375pt x 679.0368
8pt>
File: cpu_tricks/6.5.5/V1/flamegraph_20241017_092801.png Graphic file (type png
)
<use cpu_tricks/6.5.5/V1/flamegraph_20241017_092801.png>
Package pdftex.def Info: cpu_tricks/6.5.5/V1/flamegraph_20241017_092801.png  us
ed on input line 46.
(pdftex.def)             Requested size: 443.57848pt x 333.42519pt.
 [1]
<cpu_tricks/6.5.5/V1/flamegraph_20241017_092923.png, id=15, 903.375pt x 679.036
88pt>
File: cpu_tricks/6.5.5/V1/flamegraph_20241017_092923.png Graphic file (type png
)
<use cpu_tricks/6.5.5/V1/flamegraph_20241017_092923.png>
Package pdftex.def Info: cpu_tricks/6.5.5/V1/flamegraph_20241017_092923.png  us
ed on input line 62.
(pdftex.def)             Requested size: 443.57848pt x 333.42519pt.
 [2 <./cpu_tricks/6.5.5/V1/flamegraph_20241017_092801.png>]
<cpu_tricks/6.5.5/V1/flamegraph_20241017_112413.png, id=20, 903.375pt x 1606.50
188pt>
File: cpu_tricks/6.5.5/V1/flamegraph_20241017_112413.png Graphic file (type png
)
<use cpu_tricks/6.5.5/V1/flamegraph_20241017_112413.png>
Package pdftex.def Info: cpu_tricks/6.5.5/V1/flamegraph_20241017_112413.png  us
ed on input line 74.
(pdftex.def)             Requested size: 180.6718pt x 321.29468pt.
 [3 <./cpu_tricks/6.5.5/V1/flamegraph_20241017_092923.png>]
LaTeX Font Info:    External font `cmex10' loaded for size
(Font)              <7> on input line 82.
LaTeX Font Info:    External font `cmex10' loaded for size
(Font)              <5> on input line 82.
<cpu_tricks/6.1.0/V1/flamegraph_20241021_083704.png, id=25, 1204.5pt x 1162.342
5pt>
File: cpu_tricks/6.1.0/V1/flamegraph_20241021_083704.png Graphic file (type png
)
<use cpu_tricks/6.1.0/V1/flamegraph_20241021_083704.png>
Package pdftex.def Info: cpu_tricks/6.1.0/V1/flamegraph_20241021_083704.png  us
ed on input line 97.
(pdftex.def)             Requested size: 240.89574pt x 232.46439pt.
 [4 <./cpu_tricks/6.5.5/V1/flamegraph_20241017_112413.png>]
<cpu_tricks/6.1.0/V1/flamegraph_20241021_083758.png, id=30, 1204.5pt x 2142.002
5pt>
File: cpu_tricks/6.1.0/V1/flamegraph_20241021_083758.png Graphic file (type png
)
<use cpu_tricks/6.1.0/V1/flamegraph_20241021_083758.png>
Package pdftex.def Info: cpu_tricks/6.1.0/V1/flamegraph_20241021_083758.png  us
ed on input line 105.
(pdftex.def)             Requested size: 240.89574pt x 428.39291pt.

[5 <./cpu_tricks/6.1.0/V1/flamegraph_20241021_083704.png>]
<cpu_tricks/6.1.0/V1/flamegraph_20241021_080829.png, id=34, 1204.5pt x 2142.002
5pt>
File: cpu_tricks/6.1.0/V1/flamegraph_20241021_080829.png Graphic file (type png
)
<use cpu_tricks/6.1.0/V1/flamegraph_20241021_080829.png>
Package pdftex.def Info: cpu_tricks/6.1.0/V1/flamegraph_20241021_080829.png  us
ed on input line 113.
(pdftex.def)             Requested size: 240.89574pt x 428.39291pt.
 [6 <./cpu_tricks/6.1.0/V1/flamegraph_20241021_083758.png>]
<cpu_tricks/6.1.0/V2/flamegraph_20241021_101227.png, id=39, 1204.5pt x 2142.002
5pt>
File: cpu_tricks/6.1.0/V2/flamegraph_20241021_101227.png Graphic file (type png
)
<use cpu_tricks/6.1.0/V2/flamegraph_20241021_101227.png>
Package pdftex.def Info: cpu_tricks/6.1.0/V2/flamegraph_20241021_101227.png  us
ed on input line 136.
(pdftex.def)             Requested size: 240.89574pt x 428.39291pt.
 [7 <./cpu_tricks/6.1.0/V1/flamegraph_20241021_080829.png>]
<cpu_tricks/6.1.0/V2/flamegraph_20241021_100156.png, id=43, 1204.5pt x 776.9025
pt>
File: cpu_tricks/6.1.0/V2/flamegraph_20241021_100156.png Graphic file (type png
)
<use cpu_tricks/6.1.0/V2/flamegraph_20241021_100156.png>
Package pdftex.def Info: cpu_tricks/6.1.0/V2/flamegraph_20241021_100156.png  us
ed on input line 144.
(pdftex.def)             Requested size: 240.89574pt x 155.37775pt.
 [8 <./cpu_tricks/6.1.0/V2/flamegraph_20241021_101227.png>]
<cpu_tricks/6.1.0/V2/flamegraph_20241021_102607.png, id=47, 1204.5pt x 2142.002
5pt>
File: cpu_tricks/6.1.0/V2/flamegraph_20241021_102607.png Graphic file (type png
)
<use cpu_tricks/6.1.0/V2/flamegraph_20241021_102607.png>
Package pdftex.def Info: cpu_tricks/6.1.0/V2/flamegraph_20241021_102607.png  us
ed on input line 152.
(pdftex.def)             Requested size: 240.89574pt x 428.39291pt.

[9 <./cpu_tricks/6.1.0/V2/flamegraph_20241021_100156.png>] [10 <./cpu_tricks/6.
1.0/V2/flamegraph_20241021_102607.png>] (./tricks.aux)
 ***********
LaTeX2e <2023-11-01> patch level 1
L3 programming layer <2024-01-22>
 ***********


LaTeX Warning: There were multiply-defined labels.

 ) 
Here is how much of TeX's memory you used:
 4389 strings out of 476182
 69892 string characters out of 5795595
 1928975 words of memory out of 5000000
 26379 multiletter control sequences out of 15000+600000
 562016 words of font info for 49 fonts, out of 8000000 for 9000
 14 hyphenation exceptions out of 8191
 57i,9n,65p,616b,265s stack positions out of 10000i,1000n,20000p,200000b,200000s
</usr/share/texlive/texmf-dist/fonts/type1/public/amsfonts/cm/cmbx12.pfb></us
r/share/texlive/texmf-dist/fonts/type1/public/amsfonts/cm/cmr10.pfb></usr/share
/texlive/texmf-dist/fonts/type1/public/amsfonts/cm/cmr12.pfb></usr/share/texliv
e/texmf-dist/fonts/type1/public/amsfonts/cm/cmr17.pfb>
Output written on tricks.pdf (11 pages, 415089 bytes).
PDF statistics:
 73 PDF objects out of 1000 (max. 8388607)
 39 compressed objects within 1 object stream
 0 named destinations out of 1000 (max. 500000)
 46 words of extra memory for PDF output out of 10000 (max. 10000000)

